2024-03-01 09:12:24 [restartedMain] INFO  com.stmproject.StmProjectApplication - Starting StmProjectApplication using Java 11.0.18 on Dheeraj-ISS0040 with PID 26872 (C:\Users\sudha\Downloads\stm_project-master\target\classes started by Dheeraj in C:\Users\sudha\Downloads\stm_project-master)
2024-03-01 09:12:24 [restartedMain] DEBUG com.stmproject.StmProjectApplication - Running with Spring Boot v2.5.4, Spring v5.3.9
2024-03-01 09:12:24 [restartedMain] INFO  com.stmproject.StmProjectApplication - No active profile set, falling back to default profiles: default
2024-03-01 09:12:30 [restartedMain] INFO  com.stmproject.StmProjectApplication - Started StmProjectApplication in 6.325 seconds (JVM running for 6.903)
2024-03-01 09:14:46 [restartedMain] INFO  com.stmproject.StmProjectApplication - Starting StmProjectApplication using Java 11.0.18 on Dheeraj-ISS0040 with PID 34496 (C:\Users\sudha\Downloads\stm_project-master\target\classes started by Dheeraj in C:\Users\sudha\Downloads\stm_project-master)
2024-03-01 09:14:46 [restartedMain] DEBUG com.stmproject.StmProjectApplication - Running with Spring Boot v2.5.4, Spring v5.3.9
2024-03-01 09:14:46 [restartedMain] INFO  com.stmproject.StmProjectApplication - No active profile set, falling back to default profiles: default
2024-03-01 09:14:51 [restartedMain] INFO  com.stmproject.StmProjectApplication - Started StmProjectApplication in 5.364 seconds (JVM running for 6.003)
2024-03-01 09:30:39 [restartedMain] INFO  com.stmproject.StmProjectApplication - Starting StmProjectApplication using Java 11.0.18 on Dheeraj-ISS0040 with PID 20724 (C:\Users\sudha\Downloads\stm_project-master\target\classes started by Dheeraj in C:\Users\sudha\Downloads\stm_project-master)
2024-03-01 09:30:39 [restartedMain] DEBUG com.stmproject.StmProjectApplication - Running with Spring Boot v2.5.4, Spring v5.3.9
2024-03-01 09:30:39 [restartedMain] INFO  com.stmproject.StmProjectApplication - No active profile set, falling back to default profiles: default
2024-03-01 09:30:48 [restartedMain] INFO  com.stmproject.StmProjectApplication - Started StmProjectApplication in 9.181 seconds (JVM running for 9.76)
2024-03-01 09:31:47 [restartedMain] INFO  com.stmproject.StmProjectApplication - Starting StmProjectApplication using Java 11.0.18 on Dheeraj-ISS0040 with PID 32712 (C:\Users\sudha\Downloads\stm_project-master\target\classes started by Dheeraj in C:\Users\sudha\Downloads\stm_project-master)
2024-03-01 09:31:47 [restartedMain] DEBUG com.stmproject.StmProjectApplication - Running with Spring Boot v2.5.4, Spring v5.3.9
2024-03-01 09:31:47 [restartedMain] INFO  com.stmproject.StmProjectApplication - No active profile set, falling back to default profiles: default
2024-03-01 09:31:55 [restartedMain] INFO  com.stmproject.StmProjectApplication - Started StmProjectApplication in 7.865 seconds (JVM running for 8.655)
2024-03-01 09:32:02 [http-nio-8080-exec-4] DEBUG c.s.controller.SearchController - 19 records found.
2024-03-01 09:35:08 [restartedMain] INFO  com.stmproject.StmProjectApplication - Starting StmProjectApplication using Java 11.0.18 on Dheeraj-ISS0040 with PID 25204 (C:\Users\sudha\Downloads\stm_project-master\target\classes started by Dheeraj in C:\Users\sudha\Downloads\stm_project-master)
2024-03-01 09:35:08 [restartedMain] DEBUG com.stmproject.StmProjectApplication - Running with Spring Boot v2.5.4, Spring v5.3.9
2024-03-01 09:35:08 [restartedMain] INFO  com.stmproject.StmProjectApplication - No active profile set, falling back to default profiles: default
2024-03-01 09:35:14 [restartedMain] INFO  com.stmproject.StmProjectApplication - Started StmProjectApplication in 5.958 seconds (JVM running for 6.572)
2024-03-01 09:35:17 [http-nio-8080-exec-1] DEBUG c.s.controller.SearchController - 19 records found.
2024-03-01 09:36:24 [restartedMain] INFO  com.stmproject.StmProjectApplication - Starting StmProjectApplication using Java 11.0.18 on Dheeraj-ISS0040 with PID 37872 (C:\Users\sudha\Downloads\stm_project-master\target\classes started by Dheeraj in C:\Users\sudha\Downloads\stm_project-master)
2024-03-01 09:36:24 [restartedMain] DEBUG com.stmproject.StmProjectApplication - Running with Spring Boot v2.5.4, Spring v5.3.9
2024-03-01 09:36:24 [restartedMain] INFO  com.stmproject.StmProjectApplication - No active profile set, falling back to default profiles: default
2024-03-01 09:36:29 [restartedMain] INFO  com.stmproject.StmProjectApplication - Started StmProjectApplication in 5.532 seconds (JVM running for 6.127)
2024-03-01 09:37:22 [restartedMain] INFO  com.stmproject.StmProjectApplication - Starting StmProjectApplication using Java 11.0.18 on Dheeraj-ISS0040 with PID 30144 (C:\Users\sudha\Downloads\stm_project-master\target\classes started by Dheeraj in C:\Users\sudha\Downloads\stm_project-master)
2024-03-01 09:37:22 [restartedMain] DEBUG com.stmproject.StmProjectApplication - Running with Spring Boot v2.5.4, Spring v5.3.9
2024-03-01 09:37:22 [restartedMain] INFO  com.stmproject.StmProjectApplication - No active profile set, falling back to default profiles: default
2024-03-01 09:37:28 [restartedMain] INFO  com.stmproject.StmProjectApplication - Started StmProjectApplication in 5.433 seconds (JVM running for 6.061)
2024-03-01 10:00:24 [restartedMain] INFO  com.stmproject.StmProjectApplication - Starting StmProjectApplication using Java 11.0.18 on Dheeraj-ISS0040 with PID 6080 (C:\Users\sudha\Downloads\stm_project-master\target\classes started by Dheeraj in C:\Users\sudha\Downloads\stm_project-master)
2024-03-01 10:00:24 [restartedMain] DEBUG com.stmproject.StmProjectApplication - Running with Spring Boot v2.5.4, Spring v5.3.9
2024-03-01 10:00:24 [restartedMain] INFO  com.stmproject.StmProjectApplication - No active profile set, falling back to default profiles: default
2024-03-01 10:00:29 [restartedMain] INFO  com.stmproject.StmProjectApplication - Started StmProjectApplication in 5.275 seconds (JVM running for 5.835)
2024-03-01 10:00:56 [restartedMain] INFO  com.stmproject.StmProjectApplication - Starting StmProjectApplication using Java 11.0.18 on Dheeraj-ISS0040 with PID 15144 (C:\Users\sudha\Downloads\stm_project-master\target\classes started by Dheeraj in C:\Users\sudha\Downloads\stm_project-master)
2024-03-01 10:00:56 [restartedMain] DEBUG com.stmproject.StmProjectApplication - Running with Spring Boot v2.5.4, Spring v5.3.9
2024-03-01 10:00:56 [restartedMain] INFO  com.stmproject.StmProjectApplication - No active profile set, falling back to default profiles: default
2024-03-01 10:01:01 [restartedMain] INFO  com.stmproject.StmProjectApplication - Started StmProjectApplication in 5.054 seconds (JVM running for 5.592)
2024-03-01 10:12:18 [restartedMain] INFO  com.stmproject.StmProjectApplication - Starting StmProjectApplication using Java 11.0.18 on Dheeraj-ISS0040 with PID 29416 (C:\Users\sudha\Downloads\stm_project-master\target\classes started by Dheeraj in C:\Users\sudha\Downloads\stm_project-master)
2024-03-01 10:12:18 [restartedMain] DEBUG com.stmproject.StmProjectApplication - Running with Spring Boot v2.5.4, Spring v5.3.9
2024-03-01 10:12:18 [restartedMain] INFO  com.stmproject.StmProjectApplication - No active profile set, falling back to default profiles: default
2024-03-01 10:12:23 [restartedMain] INFO  com.stmproject.StmProjectApplication - Started StmProjectApplication in 5.76 seconds (JVM running for 6.384)
2024-03-01 10:22:02 [main] INFO  c.s.StmProjectApplicationTests - Starting StmProjectApplicationTests using Java 11.0.18 on Dheeraj-ISS0040 with PID 12360 (started by Dheeraj in C:\Users\sudha\Downloads\stm_project-master)
2024-03-01 10:22:02 [main] DEBUG c.s.StmProjectApplicationTests - Running with Spring Boot v2.5.4, Spring v5.3.9
2024-03-01 10:22:02 [main] INFO  c.s.StmProjectApplicationTests - No active profile set, falling back to default profiles: default
2024-03-01 10:24:16 [main] INFO  c.s.StmProjectApplicationTests - Starting StmProjectApplicationTests using Java 11.0.18 on Dheeraj-ISS0040 with PID 21772 (started by Dheeraj in C:\Users\sudha\Downloads\stm_project-master)
2024-03-01 10:24:16 [main] DEBUG c.s.StmProjectApplicationTests - Running with Spring Boot v2.5.4, Spring v5.3.9
2024-03-01 10:24:16 [main] INFO  c.s.StmProjectApplicationTests - No active profile set, falling back to default profiles: default
2024-03-01 10:28:35 [restartedMain] INFO  com.stmproject.StmProjectApplication - Starting StmProjectApplication using Java 11.0.18 on Dheeraj-ISS0040 with PID 2144 (C:\Users\sudha\Downloads\stm_project-master\target\classes started by Dheeraj in C:\Users\sudha\Downloads\stm_project-master)
2024-03-01 10:28:35 [restartedMain] DEBUG com.stmproject.StmProjectApplication - Running with Spring Boot v2.5.4, Spring v5.3.9
2024-03-01 10:28:35 [restartedMain] INFO  com.stmproject.StmProjectApplication - No active profile set, falling back to default profiles: default
2024-03-01 10:30:20 [main] INFO  c.s.StmProjectApplicationTests - Starting StmProjectApplicationTests using Java 11.0.18 on Dheeraj-ISS0040 with PID 6936 (started by Dheeraj in C:\Users\sudha\Downloads\stm_project-master)
2024-03-01 10:30:20 [main] DEBUG c.s.StmProjectApplicationTests - Running with Spring Boot v2.5.4, Spring v5.3.9
2024-03-01 10:30:20 [main] INFO  c.s.StmProjectApplicationTests - No active profile set, falling back to default profiles: default
2024-03-01 10:34:11 [main] INFO  c.s.StmProjectApplicationTests - Starting StmProjectApplicationTests using Java 11.0.18 on Dheeraj-ISS0040 with PID 14148 (started by Dheeraj in C:\Users\sudha\Downloads\stm_project-master)
2024-03-01 10:34:11 [main] DEBUG c.s.StmProjectApplicationTests - Running with Spring Boot v2.5.4, Spring v5.3.9
2024-03-01 10:34:11 [main] INFO  c.s.StmProjectApplicationTests - No active profile set, falling back to default profiles: default
2024-03-01 10:34:18 [main] INFO  c.s.StmProjectApplicationTests - Started StmProjectApplicationTests in 7.484 seconds (JVM running for 8.562)
2024-03-01 10:34:36 [restartedMain] INFO  com.stmproject.StmProjectApplication - Starting StmProjectApplication using Java 11.0.18 on Dheeraj-ISS0040 with PID 22496 (C:\Users\sudha\Downloads\stm_project-master\target\classes started by Dheeraj in C:\Users\sudha\Downloads\stm_project-master)
2024-03-01 10:34:36 [restartedMain] DEBUG com.stmproject.StmProjectApplication - Running with Spring Boot v2.5.4, Spring v5.3.9
2024-03-01 10:34:36 [restartedMain] INFO  com.stmproject.StmProjectApplication - No active profile set, falling back to default profiles: default
2024-03-01 10:34:45 [restartedMain] INFO  com.stmproject.StmProjectApplication - Started StmProjectApplication in 9.58 seconds (JVM running for 10.415)
2024-03-01 10:34:52 [http-nio-8080-exec-3] INFO  c.s.controller.LoginController - Received ssoid in login: admin101
2024-03-01 10:34:52 [http-nio-8080-exec-3] INFO  c.s.controller.LoginController - Admin login successful: admin101
2024-03-01 10:34:52 [http-nio-8080-exec-3] INFO  c.s.controller.LoginController - Redirecting to: redirect:/AdminDashBoard?ssoid=admin101
2024-03-01 10:36:17 [restartedMain] INFO  com.stmproject.StmProjectApplication - Starting StmProjectApplication using Java 11.0.18 on Dheeraj-ISS0040 with PID 20332 (C:\Users\sudha\Downloads\stm_project-master\target\classes started by Dheeraj in C:\Users\sudha\Downloads\stm_project-master)
2024-03-01 10:36:17 [restartedMain] DEBUG com.stmproject.StmProjectApplication - Running with Spring Boot v2.5.4, Spring v5.3.9
2024-03-01 10:36:17 [restartedMain] INFO  com.stmproject.StmProjectApplication - No active profile set, falling back to default profiles: default
2024-03-01 10:36:22 [restartedMain] INFO  com.stmproject.StmProjectApplication - Started StmProjectApplication in 5.237 seconds (JVM running for 5.828)
2024-03-01 10:37:40 [restartedMain] INFO  com.stmproject.StmProjectApplication - Starting StmProjectApplication using Java 11.0.18 on Dheeraj-ISS0040 with PID 14620 (C:\Users\sudha\Downloads\stm_project-master\target\classes started by Dheeraj in C:\Users\sudha\Downloads\stm_project-master)
2024-03-01 10:37:40 [restartedMain] DEBUG com.stmproject.StmProjectApplication - Running with Spring Boot v2.5.4, Spring v5.3.9
2024-03-01 10:37:40 [restartedMain] INFO  com.stmproject.StmProjectApplication - No active profile set, falling back to default profiles: default
2024-03-01 10:37:45 [restartedMain] INFO  com.stmproject.StmProjectApplication - Started StmProjectApplication in 5.499 seconds (JVM running for 6.069)
2024-03-01 10:45:10 [restartedMain] INFO  com.stmproject.StmProjectApplication - Starting StmProjectApplication using Java 11.0.18 on Dheeraj-ISS0040 with PID 4044 (C:\Users\sudha\Downloads\stm_project-master\target\classes started by Dheeraj in C:\Users\sudha\Downloads\stm_project-master)
2024-03-01 10:45:10 [restartedMain] DEBUG com.stmproject.StmProjectApplication - Running with Spring Boot v2.5.4, Spring v5.3.9
2024-03-01 10:45:10 [restartedMain] INFO  com.stmproject.StmProjectApplication - No active profile set, falling back to default profiles: default
2024-03-01 10:45:15 [restartedMain] INFO  com.stmproject.StmProjectApplication - Started StmProjectApplication in 5.55 seconds (JVM running for 6.114)
2024-03-01 10:46:16 [restartedMain] INFO  com.stmproject.StmProjectApplication - Starting StmProjectApplication using Java 11.0.18 on Dheeraj-ISS0040 with PID 2548 (C:\Users\sudha\Downloads\stm_project-master\target\classes started by Dheeraj in C:\Users\sudha\Downloads\stm_project-master)
2024-03-01 10:46:16 [restartedMain] DEBUG com.stmproject.StmProjectApplication - Running with Spring Boot v2.5.4, Spring v5.3.9
2024-03-01 10:46:16 [restartedMain] INFO  com.stmproject.StmProjectApplication - No active profile set, falling back to default profiles: default
2024-03-01 10:46:22 [restartedMain] INFO  com.stmproject.StmProjectApplication - Started StmProjectApplication in 5.51 seconds (JVM running for 6.131)
2024-03-01 10:46:40 [restartedMain] INFO  com.stmproject.StmProjectApplication - Starting StmProjectApplication using Java 11.0.18 on Dheeraj-ISS0040 with PID 7656 (C:\Users\sudha\Downloads\stm_project-master\target\classes started by Dheeraj in C:\Users\sudha\Downloads\stm_project-master)
2024-03-01 10:46:40 [restartedMain] DEBUG com.stmproject.StmProjectApplication - Running with Spring Boot v2.5.4, Spring v5.3.9
2024-03-01 10:46:40 [restartedMain] INFO  com.stmproject.StmProjectApplication - No active profile set, falling back to default profiles: default
2024-03-01 10:46:45 [restartedMain] INFO  com.stmproject.StmProjectApplication - Started StmProjectApplication in 5.283 seconds (JVM running for 5.892)
2024-03-01 10:47:47 [restartedMain] INFO  com.stmproject.StmProjectApplication - Starting StmProjectApplication using Java 11.0.18 on Dheeraj-ISS0040 with PID 1576 (C:\Users\sudha\Downloads\stm_project-master\target\classes started by Dheeraj in C:\Users\sudha\Downloads\stm_project-master)
2024-03-01 10:47:47 [restartedMain] DEBUG com.stmproject.StmProjectApplication - Running with Spring Boot v2.5.4, Spring v5.3.9
2024-03-01 10:47:47 [restartedMain] INFO  com.stmproject.StmProjectApplication - No active profile set, falling back to default profiles: default
2024-03-01 10:47:52 [restartedMain] INFO  com.stmproject.StmProjectApplication - Started StmProjectApplication in 5.738 seconds (JVM running for 6.279)
2024-03-01 10:48:07 [restartedMain] INFO  com.stmproject.StmProjectApplication - Starting StmProjectApplication using Java 11.0.18 on Dheeraj-ISS0040 with PID 11444 (C:\Users\sudha\Downloads\stm_project-master\target\classes started by Dheeraj in C:\Users\sudha\Downloads\stm_project-master)
2024-03-01 10:48:07 [restartedMain] DEBUG com.stmproject.StmProjectApplication - Running with Spring Boot v2.5.4, Spring v5.3.9
2024-03-01 10:48:07 [restartedMain] INFO  com.stmproject.StmProjectApplication - No active profile set, falling back to default profiles: default
2024-03-01 10:48:12 [restartedMain] INFO  com.stmproject.StmProjectApplication - Started StmProjectApplication in 5.662 seconds (JVM running for 6.261)
2024-03-01 10:53:19 [restartedMain] INFO  com.stmproject.StmProjectApplication - Starting StmProjectApplication using Java 11.0.18 on Dheeraj-ISS0040 with PID 12084 (C:\Users\sudha\Downloads\stm_project-master\target\classes started by Dheeraj in C:\Users\sudha\Downloads\stm_project-master)
2024-03-01 10:53:19 [restartedMain] DEBUG com.stmproject.StmProjectApplication - Running with Spring Boot v2.5.4, Spring v5.3.9
2024-03-01 10:53:19 [restartedMain] INFO  com.stmproject.StmProjectApplication - No active profile set, falling back to default profiles: default
2024-03-01 10:53:25 [restartedMain] INFO  com.stmproject.StmProjectApplication - Started StmProjectApplication in 5.949 seconds (JVM running for 6.548)
2024-03-01 10:56:51 [restartedMain] INFO  com.stmproject.StmProjectApplication - Starting StmProjectApplication using Java 11.0.18 on Dheeraj-ISS0040 with PID 15076 (C:\Users\sudha\Downloads\stm_project-master\target\classes started by Dheeraj in C:\Users\sudha\Downloads\stm_project-master)
2024-03-01 10:56:51 [restartedMain] DEBUG com.stmproject.StmProjectApplication - Running with Spring Boot v2.5.4, Spring v5.3.9
2024-03-01 10:56:51 [restartedMain] INFO  com.stmproject.StmProjectApplication - No active profile set, falling back to default profiles: default
2024-03-01 10:56:56 [restartedMain] INFO  com.stmproject.StmProjectApplication - Started StmProjectApplication in 5.706 seconds (JVM running for 6.302)
2024-03-01 11:09:19 [restartedMain] INFO  com.stmproject.StmProjectApplication - Starting StmProjectApplication using Java 11.0.18 on Dheeraj-ISS0040 with PID 18852 (C:\Users\sudha\Downloads\stm_project-master\target\classes started by Dheeraj in C:\Users\sudha\Downloads\stm_project-master)
2024-03-01 11:09:19 [restartedMain] DEBUG com.stmproject.StmProjectApplication - Running with Spring Boot v2.5.4, Spring v5.3.9
2024-03-01 11:09:19 [restartedMain] INFO  com.stmproject.StmProjectApplication - No active profile set, falling back to default profiles: default
2024-03-01 11:09:24 [restartedMain] INFO  com.stmproject.StmProjectApplication - Started StmProjectApplication in 5.352 seconds (JVM running for 5.929)
2024-03-01 11:10:30 [restartedMain] INFO  com.stmproject.StmProjectApplication - Starting StmProjectApplication using Java 11.0.18 on Dheeraj-ISS0040 with PID 9512 (C:\Users\sudha\Downloads\stm_project-master\target\classes started by Dheeraj in C:\Users\sudha\Downloads\stm_project-master)
2024-03-01 11:10:30 [restartedMain] DEBUG com.stmproject.StmProjectApplication - Running with Spring Boot v2.5.4, Spring v5.3.9
2024-03-01 11:10:30 [restartedMain] INFO  com.stmproject.StmProjectApplication - No active profile set, falling back to default profiles: default
2024-03-01 11:10:35 [restartedMain] INFO  com.stmproject.StmProjectApplication - Started StmProjectApplication in 5.328 seconds (JVM running for 5.901)
2024-03-01 11:33:11 [http-nio-8080-exec-8] DEBUG c.s.controller.SearchController - 19 records found.
2024-03-01 11:35:19 [restartedMain] INFO  com.stmproject.StmProjectApplication - Starting StmProjectApplication using Java 11.0.18 on Dheeraj-ISS0040 with PID 7448 (C:\Users\sudha\Downloads\stm_project-master\target\classes started by Dheeraj in C:\Users\sudha\Downloads\stm_project-master)
2024-03-01 11:35:19 [restartedMain] DEBUG com.stmproject.StmProjectApplication - Running with Spring Boot v2.5.4, Spring v5.3.9
2024-03-01 11:35:19 [restartedMain] INFO  com.stmproject.StmProjectApplication - No active profile set, falling back to default profiles: default
2024-03-01 11:35:24 [restartedMain] INFO  com.stmproject.StmProjectApplication - Started StmProjectApplication in 5.602 seconds (JVM running for 6.164)
2024-03-01 11:36:06 [restartedMain] INFO  com.stmproject.StmProjectApplication - Starting StmProjectApplication using Java 11.0.18 on Dheeraj-ISS0040 with PID 5476 (C:\Users\sudha\Downloads\stm_project-master\target\classes started by Dheeraj in C:\Users\sudha\Downloads\stm_project-master)
2024-03-01 11:36:06 [restartedMain] DEBUG com.stmproject.StmProjectApplication - Running with Spring Boot v2.5.4, Spring v5.3.9
2024-03-01 11:36:06 [restartedMain] INFO  com.stmproject.StmProjectApplication - No active profile set, falling back to default profiles: default
2024-03-01 11:36:11 [restartedMain] INFO  com.stmproject.StmProjectApplication - Started StmProjectApplication in 5.366 seconds (JVM running for 5.977)
2024-03-01 11:36:34 [restartedMain] INFO  com.stmproject.StmProjectApplication - Starting StmProjectApplication using Java 11.0.18 on Dheeraj-ISS0040 with PID 18852 (C:\Users\sudha\Downloads\stm_project-master\target\classes started by Dheeraj in C:\Users\sudha\Downloads\stm_project-master)
2024-03-01 11:36:34 [restartedMain] DEBUG com.stmproject.StmProjectApplication - Running with Spring Boot v2.5.4, Spring v5.3.9
2024-03-01 11:36:34 [restartedMain] INFO  com.stmproject.StmProjectApplication - No active profile set, falling back to default profiles: default
2024-03-01 11:36:40 [restartedMain] INFO  com.stmproject.StmProjectApplication - Started StmProjectApplication in 5.748 seconds (JVM running for 6.379)
2024-03-01 11:41:22 [restartedMain] INFO  com.stmproject.StmProjectApplication - Starting StmProjectApplication using Java 11.0.18 on Dheeraj-ISS0040 with PID 22176 (C:\Users\sudha\Downloads\stm_project-master\target\classes started by Dheeraj in C:\Users\sudha\Downloads\stm_project-master)
2024-03-01 11:41:22 [restartedMain] DEBUG com.stmproject.StmProjectApplication - Running with Spring Boot v2.5.4, Spring v5.3.9
2024-03-01 11:41:22 [restartedMain] INFO  com.stmproject.StmProjectApplication - No active profile set, falling back to default profiles: default
2024-03-01 11:41:27 [restartedMain] INFO  com.stmproject.StmProjectApplication - Started StmProjectApplication in 5.461 seconds (JVM running for 6.023)
2024-03-01 12:14:32 [restartedMain] INFO  com.stmproject.StmProjectApplication - Starting StmProjectApplication using Java 11.0.18 on Dheeraj-ISS0040 with PID 13016 (C:\Users\sudha\Downloads\stm_project-master\target\classes started by Dheeraj in C:\Users\sudha\Downloads\stm_project-master)
2024-03-01 12:14:32 [restartedMain] DEBUG com.stmproject.StmProjectApplication - Running with Spring Boot v2.5.4, Spring v5.3.9
2024-03-01 12:14:32 [restartedMain] INFO  com.stmproject.StmProjectApplication - No active profile set, falling back to default profiles: default
2024-03-01 12:14:37 [restartedMain] INFO  com.stmproject.StmProjectApplication - Started StmProjectApplication in 5.51 seconds (JVM running for 6.171)
2024-03-01 12:14:49 [restartedMain] INFO  com.stmproject.StmProjectApplication - Starting StmProjectApplication using Java 11.0.18 on Dheeraj-ISS0040 with PID 9192 (C:\Users\sudha\Downloads\stm_project-master\target\classes started by Dheeraj in C:\Users\sudha\Downloads\stm_project-master)
2024-03-01 12:14:49 [restartedMain] DEBUG com.stmproject.StmProjectApplication - Running with Spring Boot v2.5.4, Spring v5.3.9
2024-03-01 12:14:49 [restartedMain] INFO  com.stmproject.StmProjectApplication - No active profile set, falling back to default profiles: default
2024-03-01 12:14:54 [restartedMain] INFO  com.stmproject.StmProjectApplication - Started StmProjectApplication in 5.836 seconds (JVM running for 6.442)
2024-03-01 12:16:28 [restartedMain] INFO  com.stmproject.StmProjectApplication - Starting StmProjectApplication using Java 11.0.18 on Dheeraj-ISS0040 with PID 18740 (C:\Users\sudha\Downloads\stm_project-master\target\classes started by Dheeraj in C:\Users\sudha\Downloads\stm_project-master)
2024-03-01 12:16:28 [restartedMain] DEBUG com.stmproject.StmProjectApplication - Running with Spring Boot v2.5.4, Spring v5.3.9
2024-03-01 12:16:28 [restartedMain] INFO  com.stmproject.StmProjectApplication - No active profile set, falling back to default profiles: default
2024-03-01 12:16:33 [restartedMain] INFO  com.stmproject.StmProjectApplication - Started StmProjectApplication in 5.537 seconds (JVM running for 6.128)
2024-03-01 12:18:26 [restartedMain] INFO  com.stmproject.StmProjectApplication - Starting StmProjectApplication using Java 11.0.18 on Dheeraj-ISS0040 with PID 14876 (C:\Users\sudha\Downloads\stm_project-master\target\classes started by Dheeraj in C:\Users\sudha\Downloads\stm_project-master)
2024-03-01 12:18:26 [restartedMain] DEBUG com.stmproject.StmProjectApplication - Running with Spring Boot v2.5.4, Spring v5.3.9
2024-03-01 12:18:26 [restartedMain] INFO  com.stmproject.StmProjectApplication - No active profile set, falling back to default profiles: default
2024-03-01 12:18:31 [restartedMain] INFO  com.stmproject.StmProjectApplication - Started StmProjectApplication in 5.789 seconds (JVM running for 6.34)
2024-03-01 12:19:45 [restartedMain] INFO  com.stmproject.StmProjectApplication - Starting StmProjectApplication using Java 11.0.18 on Dheeraj-ISS0040 with PID 14620 (C:\Users\sudha\Downloads\stm_project-master\target\classes started by Dheeraj in C:\Users\sudha\Downloads\stm_project-master)
2024-03-01 12:19:45 [restartedMain] DEBUG com.stmproject.StmProjectApplication - Running with Spring Boot v2.5.4, Spring v5.3.9
2024-03-01 12:19:45 [restartedMain] INFO  com.stmproject.StmProjectApplication - No active profile set, falling back to default profiles: default
2024-03-01 12:19:51 [restartedMain] INFO  com.stmproject.StmProjectApplication - Started StmProjectApplication in 5.734 seconds (JVM running for 6.285)
2024-03-01 12:20:11 [restartedMain] INFO  com.stmproject.StmProjectApplication - Starting StmProjectApplication using Java 11.0.18 on Dheeraj-ISS0040 with PID 14620 (C:\Users\sudha\Downloads\stm_project-master\target\classes started by Dheeraj in C:\Users\sudha\Downloads\stm_project-master)
2024-03-01 12:20:11 [restartedMain] DEBUG com.stmproject.StmProjectApplication - Running with Spring Boot v2.5.4, Spring v5.3.9
2024-03-01 12:20:11 [restartedMain] INFO  com.stmproject.StmProjectApplication - No active profile set, falling back to default profiles: default
2024-03-01 12:20:12 [restartedMain] INFO  com.stmproject.StmProjectApplication - Started StmProjectApplication in 1.109 seconds (JVM running for 27.228)
2024-03-01 12:25:22 [restartedMain] INFO  com.stmproject.StmProjectApplication - Starting StmProjectApplication using Java 11.0.18 on Dheeraj-ISS0040 with PID 20232 (C:\Users\sudha\Downloads\stm_project-master\target\classes started by Dheeraj in C:\Users\sudha\Downloads\stm_project-master)
2024-03-01 12:25:22 [restartedMain] DEBUG com.stmproject.StmProjectApplication - Running with Spring Boot v2.5.4, Spring v5.3.9
2024-03-01 12:25:22 [restartedMain] INFO  com.stmproject.StmProjectApplication - No active profile set, falling back to default profiles: default
2024-03-01 12:25:27 [restartedMain] INFO  com.stmproject.StmProjectApplication - Started StmProjectApplication in 5.441 seconds (JVM running for 6.04)
2024-03-01 12:25:56 [restartedMain] INFO  com.stmproject.StmProjectApplication - Starting StmProjectApplication using Java 11.0.18 on Dheeraj-ISS0040 with PID 6956 (C:\Users\sudha\Downloads\stm_project-master\target\classes started by Dheeraj in C:\Users\sudha\Downloads\stm_project-master)
2024-03-01 12:25:56 [restartedMain] DEBUG com.stmproject.StmProjectApplication - Running with Spring Boot v2.5.4, Spring v5.3.9
2024-03-01 12:25:56 [restartedMain] INFO  com.stmproject.StmProjectApplication - No active profile set, falling back to default profiles: default
2024-03-01 12:26:01 [restartedMain] INFO  com.stmproject.StmProjectApplication - Started StmProjectApplication in 5.856 seconds (JVM running for 6.53)
2024-03-01 12:26:29 [restartedMain] INFO  com.stmproject.StmProjectApplication - Starting StmProjectApplication using Java 11.0.18 on Dheeraj-ISS0040 with PID 13756 (C:\Users\sudha\Downloads\stm_project-master\target\classes started by Dheeraj in C:\Users\sudha\Downloads\stm_project-master)
2024-03-01 12:26:29 [restartedMain] DEBUG com.stmproject.StmProjectApplication - Running with Spring Boot v2.5.4, Spring v5.3.9
2024-03-01 12:26:29 [restartedMain] INFO  com.stmproject.StmProjectApplication - No active profile set, falling back to default profiles: default
2024-03-01 12:26:34 [restartedMain] INFO  com.stmproject.StmProjectApplication - Started StmProjectApplication in 5.501 seconds (JVM running for 6.122)
2024-03-01 12:26:53 [restartedMain] INFO  com.stmproject.StmProjectApplication - Starting StmProjectApplication using Java 11.0.18 on Dheeraj-ISS0040 with PID 19696 (C:\Users\sudha\Downloads\stm_project-master\target\classes started by Dheeraj in C:\Users\sudha\Downloads\stm_project-master)
2024-03-01 12:26:53 [restartedMain] DEBUG com.stmproject.StmProjectApplication - Running with Spring Boot v2.5.4, Spring v5.3.9
2024-03-01 12:26:53 [restartedMain] INFO  com.stmproject.StmProjectApplication - No active profile set, falling back to default profiles: default
2024-03-01 12:26:58 [restartedMain] INFO  com.stmproject.StmProjectApplication - Started StmProjectApplication in 5.475 seconds (JVM running for 6.02)
2024-03-01 12:27:17 [restartedMain] INFO  com.stmproject.StmProjectApplication - Starting StmProjectApplication using Java 11.0.18 on Dheeraj-ISS0040 with PID 16000 (C:\Users\sudha\Downloads\stm_project-master\target\classes started by Dheeraj in C:\Users\sudha\Downloads\stm_project-master)
2024-03-01 12:27:17 [restartedMain] DEBUG com.stmproject.StmProjectApplication - Running with Spring Boot v2.5.4, Spring v5.3.9
2024-03-01 12:27:17 [restartedMain] INFO  com.stmproject.StmProjectApplication - No active profile set, falling back to default profiles: default
2024-03-01 12:27:23 [restartedMain] INFO  com.stmproject.StmProjectApplication - Started StmProjectApplication in 5.772 seconds (JVM running for 6.462)
2024-03-01 12:31:57 [restartedMain] INFO  com.stmproject.StmProjectApplication - Starting StmProjectApplication using Java 11.0.18 on Dheeraj-ISS0040 with PID 14432 (C:\Users\sudha\Downloads\stm_project-master\target\classes started by Dheeraj in C:\Users\sudha\Downloads\stm_project-master)
2024-03-01 12:31:57 [restartedMain] DEBUG com.stmproject.StmProjectApplication - Running with Spring Boot v2.5.4, Spring v5.3.9
2024-03-01 12:31:57 [restartedMain] INFO  com.stmproject.StmProjectApplication - No active profile set, falling back to default profiles: default
2024-03-01 12:32:02 [restartedMain] INFO  com.stmproject.StmProjectApplication - Started StmProjectApplication in 5.655 seconds (JVM running for 6.233)
2024-03-01 12:33:42 [restartedMain] INFO  com.stmproject.StmProjectApplication - Starting StmProjectApplication using Java 11.0.18 on Dheeraj-ISS0040 with PID 1092 (C:\Users\sudha\Downloads\stm_project-master\target\classes started by Dheeraj in C:\Users\sudha\Downloads\stm_project-master)
2024-03-01 12:33:42 [restartedMain] DEBUG com.stmproject.StmProjectApplication - Running with Spring Boot v2.5.4, Spring v5.3.9
2024-03-01 12:33:42 [restartedMain] INFO  com.stmproject.StmProjectApplication - No active profile set, falling back to default profiles: default
2024-03-01 12:33:48 [restartedMain] INFO  com.stmproject.StmProjectApplication - Started StmProjectApplication in 5.827 seconds (JVM running for 6.38)
2024-03-01 12:34:01 [restartedMain] INFO  com.stmproject.StmProjectApplication - Starting StmProjectApplication using Java 11.0.18 on Dheeraj-ISS0040 with PID 14500 (C:\Users\sudha\Downloads\stm_project-master\target\classes started by Dheeraj in C:\Users\sudha\Downloads\stm_project-master)
2024-03-01 12:34:01 [restartedMain] DEBUG com.stmproject.StmProjectApplication - Running with Spring Boot v2.5.4, Spring v5.3.9
2024-03-01 12:34:01 [restartedMain] INFO  com.stmproject.StmProjectApplication - No active profile set, falling back to default profiles: default
2024-03-01 12:34:06 [restartedMain] INFO  com.stmproject.StmProjectApplication - Started StmProjectApplication in 5.476 seconds (JVM running for 6.122)
2024-03-01 12:34:29 [restartedMain] INFO  com.stmproject.StmProjectApplication - Starting StmProjectApplication using Java 11.0.18 on Dheeraj-ISS0040 with PID 22404 (C:\Users\sudha\Downloads\stm_project-master\target\classes started by Dheeraj in C:\Users\sudha\Downloads\stm_project-master)
2024-03-01 12:34:29 [restartedMain] DEBUG com.stmproject.StmProjectApplication - Running with Spring Boot v2.5.4, Spring v5.3.9
2024-03-01 12:34:29 [restartedMain] INFO  com.stmproject.StmProjectApplication - No active profile set, falling back to default profiles: default
2024-03-01 12:34:34 [restartedMain] INFO  com.stmproject.StmProjectApplication - Started StmProjectApplication in 5.283 seconds (JVM running for 5.835)
2024-03-01 12:35:24 [restartedMain] INFO  com.stmproject.StmProjectApplication - Starting StmProjectApplication using Java 11.0.18 on Dheeraj-ISS0040 with PID 13888 (C:\Users\sudha\Downloads\stm_project-master\target\classes started by Dheeraj in C:\Users\sudha\Downloads\stm_project-master)
2024-03-01 12:35:24 [restartedMain] DEBUG com.stmproject.StmProjectApplication - Running with Spring Boot v2.5.4, Spring v5.3.9
2024-03-01 12:35:24 [restartedMain] INFO  com.stmproject.StmProjectApplication - No active profile set, falling back to default profiles: default
2024-03-01 12:35:30 [restartedMain] INFO  com.stmproject.StmProjectApplication - Started StmProjectApplication in 6.106 seconds (JVM running for 6.757)
2024-03-01 12:35:56 [restartedMain] INFO  com.stmproject.StmProjectApplication - Starting StmProjectApplication using Java 11.0.18 on Dheeraj-ISS0040 with PID 1468 (C:\Users\sudha\Downloads\stm_project-master\target\classes started by Dheeraj in C:\Users\sudha\Downloads\stm_project-master)
2024-03-01 12:35:56 [restartedMain] DEBUG com.stmproject.StmProjectApplication - Running with Spring Boot v2.5.4, Spring v5.3.9
2024-03-01 12:35:56 [restartedMain] INFO  com.stmproject.StmProjectApplication - No active profile set, falling back to default profiles: default
2024-03-01 12:36:02 [restartedMain] INFO  com.stmproject.StmProjectApplication - Started StmProjectApplication in 5.926 seconds (JVM running for 6.484)
2024-03-01 12:36:52 [restartedMain] INFO  com.stmproject.StmProjectApplication - Starting StmProjectApplication using Java 11.0.18 on Dheeraj-ISS0040 with PID 21812 (C:\Users\sudha\Downloads\stm_project-master\target\classes started by Dheeraj in C:\Users\sudha\Downloads\stm_project-master)
2024-03-01 12:36:52 [restartedMain] DEBUG com.stmproject.StmProjectApplication - Running with Spring Boot v2.5.4, Spring v5.3.9
2024-03-01 12:36:52 [restartedMain] INFO  com.stmproject.StmProjectApplication - No active profile set, falling back to default profiles: default
2024-03-01 12:36:58 [restartedMain] INFO  com.stmproject.StmProjectApplication - Started StmProjectApplication in 5.909 seconds (JVM running for 6.549)
2024-03-01 12:37:11 [restartedMain] INFO  com.stmproject.StmProjectApplication - Starting StmProjectApplication using Java 11.0.18 on Dheeraj-ISS0040 with PID 8012 (C:\Users\sudha\Downloads\stm_project-master\target\classes started by Dheeraj in C:\Users\sudha\Downloads\stm_project-master)
2024-03-01 12:37:11 [restartedMain] DEBUG com.stmproject.StmProjectApplication - Running with Spring Boot v2.5.4, Spring v5.3.9
2024-03-01 12:37:11 [restartedMain] INFO  com.stmproject.StmProjectApplication - No active profile set, falling back to default profiles: default
2024-03-01 12:37:16 [restartedMain] INFO  com.stmproject.StmProjectApplication - Started StmProjectApplication in 5.318 seconds (JVM running for 5.94)
2024-03-01 12:39:04 [restartedMain] INFO  com.stmproject.StmProjectApplication - Starting StmProjectApplication using Java 11.0.18 on Dheeraj-ISS0040 with PID 6004 (C:\Users\sudha\Downloads\stm_project-master\target\classes started by Dheeraj in C:\Users\sudha\Downloads\stm_project-master)
2024-03-01 12:39:04 [restartedMain] DEBUG com.stmproject.StmProjectApplication - Running with Spring Boot v2.5.4, Spring v5.3.9
2024-03-01 12:39:04 [restartedMain] INFO  com.stmproject.StmProjectApplication - No active profile set, falling back to default profiles: default
2024-03-01 12:39:09 [restartedMain] INFO  com.stmproject.StmProjectApplication - Started StmProjectApplication in 5.662 seconds (JVM running for 6.283)
2024-03-01 12:40:12 [restartedMain] INFO  com.stmproject.StmProjectApplication - Starting StmProjectApplication using Java 11.0.18 on Dheeraj-ISS0040 with PID 16876 (C:\Users\sudha\Downloads\stm_project-master\target\classes started by Dheeraj in C:\Users\sudha\Downloads\stm_project-master)
2024-03-01 12:40:12 [restartedMain] DEBUG com.stmproject.StmProjectApplication - Running with Spring Boot v2.5.4, Spring v5.3.9
2024-03-01 12:40:12 [restartedMain] INFO  com.stmproject.StmProjectApplication - No active profile set, falling back to default profiles: default
2024-03-01 12:40:17 [restartedMain] INFO  com.stmproject.StmProjectApplication - Started StmProjectApplication in 5.705 seconds (JVM running for 6.32)
2024-03-01 12:40:42 [restartedMain] INFO  com.stmproject.StmProjectApplication - Starting StmProjectApplication using Java 11.0.18 on Dheeraj-ISS0040 with PID 1608 (C:\Users\sudha\Downloads\stm_project-master\target\classes started by Dheeraj in C:\Users\sudha\Downloads\stm_project-master)
2024-03-01 12:40:42 [restartedMain] DEBUG com.stmproject.StmProjectApplication - Running with Spring Boot v2.5.4, Spring v5.3.9
2024-03-01 12:40:42 [restartedMain] INFO  com.stmproject.StmProjectApplication - No active profile set, falling back to default profiles: default
2024-03-01 12:40:47 [restartedMain] INFO  com.stmproject.StmProjectApplication - Started StmProjectApplication in 5.005 seconds (JVM running for 5.602)
2024-03-01 12:41:02 [restartedMain] INFO  com.stmproject.StmProjectApplication - Starting StmProjectApplication using Java 11.0.18 on Dheeraj-ISS0040 with PID 3912 (C:\Users\sudha\Downloads\stm_project-master\target\classes started by Dheeraj in C:\Users\sudha\Downloads\stm_project-master)
2024-03-01 12:41:02 [restartedMain] DEBUG com.stmproject.StmProjectApplication - Running with Spring Boot v2.5.4, Spring v5.3.9
2024-03-01 12:41:02 [restartedMain] INFO  com.stmproject.StmProjectApplication - No active profile set, falling back to default profiles: default
2024-03-01 12:41:07 [restartedMain] INFO  com.stmproject.StmProjectApplication - Started StmProjectApplication in 5.196 seconds (JVM running for 5.815)
2024-03-01 12:42:48 [restartedMain] INFO  com.stmproject.StmProjectApplication - Starting StmProjectApplication using Java 11.0.18 on Dheeraj-ISS0040 with PID 15052 (C:\Users\sudha\Downloads\stm_project-master\target\classes started by Dheeraj in C:\Users\sudha\Downloads\stm_project-master)
2024-03-01 12:42:48 [restartedMain] DEBUG com.stmproject.StmProjectApplication - Running with Spring Boot v2.5.4, Spring v5.3.9
2024-03-01 12:42:49 [restartedMain] INFO  com.stmproject.StmProjectApplication - No active profile set, falling back to default profiles: default
2024-03-01 12:42:53 [restartedMain] INFO  com.stmproject.StmProjectApplication - Started StmProjectApplication in 5.202 seconds (JVM running for 5.743)
2024-03-01 12:44:02 [restartedMain] INFO  com.stmproject.StmProjectApplication - Starting StmProjectApplication using Java 11.0.18 on Dheeraj-ISS0040 with PID 3884 (C:\Users\sudha\Downloads\stm_project-master\target\classes started by Dheeraj in C:\Users\sudha\Downloads\stm_project-master)
2024-03-01 12:44:02 [restartedMain] DEBUG com.stmproject.StmProjectApplication - Running with Spring Boot v2.5.4, Spring v5.3.9
2024-03-01 12:44:02 [restartedMain] INFO  com.stmproject.StmProjectApplication - No active profile set, falling back to default profiles: default
2024-03-01 12:44:08 [restartedMain] INFO  com.stmproject.StmProjectApplication - Started StmProjectApplication in 5.718 seconds (JVM running for 6.278)
2024-03-01 12:44:41 [restartedMain] INFO  com.stmproject.StmProjectApplication - Starting StmProjectApplication using Java 11.0.18 on Dheeraj-ISS0040 with PID 5648 (C:\Users\sudha\Downloads\stm_project-master\target\classes started by Dheeraj in C:\Users\sudha\Downloads\stm_project-master)
2024-03-01 12:44:41 [restartedMain] DEBUG com.stmproject.StmProjectApplication - Running with Spring Boot v2.5.4, Spring v5.3.9
2024-03-01 12:44:41 [restartedMain] INFO  com.stmproject.StmProjectApplication - No active profile set, falling back to default profiles: default
2024-03-01 12:44:47 [restartedMain] INFO  com.stmproject.StmProjectApplication - Started StmProjectApplication in 5.903 seconds (JVM running for 6.511)
2024-03-01 12:49:50 [restartedMain] INFO  com.stmproject.StmProjectApplication - Starting StmProjectApplication using Java 11.0.18 on Dheeraj-ISS0040 with PID 15324 (C:\Users\sudha\Downloads\stm_project-master\target\classes started by Dheeraj in C:\Users\sudha\Downloads\stm_project-master)
2024-03-01 12:49:50 [restartedMain] DEBUG com.stmproject.StmProjectApplication - Running with Spring Boot v2.5.4, Spring v5.3.9
2024-03-01 12:49:50 [restartedMain] INFO  com.stmproject.StmProjectApplication - No active profile set, falling back to default profiles: default
2024-03-01 12:49:56 [restartedMain] INFO  com.stmproject.StmProjectApplication - Started StmProjectApplication in 6.44 seconds (JVM running for 7.119)
2024-03-01 12:50:22 [restartedMain] INFO  com.stmproject.StmProjectApplication - Starting StmProjectApplication using Java 11.0.18 on Dheeraj-ISS0040 with PID 15056 (C:\Users\sudha\Downloads\stm_project-master\target\classes started by Dheeraj in C:\Users\sudha\Downloads\stm_project-master)
2024-03-01 12:50:22 [restartedMain] DEBUG com.stmproject.StmProjectApplication - Running with Spring Boot v2.5.4, Spring v5.3.9
2024-03-01 12:50:22 [restartedMain] INFO  com.stmproject.StmProjectApplication - No active profile set, falling back to default profiles: default
2024-03-01 12:50:27 [restartedMain] INFO  com.stmproject.StmProjectApplication - Started StmProjectApplication in 5.745 seconds (JVM running for 6.284)
2024-03-01 12:51:42 [restartedMain] INFO  com.stmproject.StmProjectApplication - Starting StmProjectApplication using Java 11.0.18 on Dheeraj-ISS0040 with PID 5340 (C:\Users\sudha\Downloads\stm_project-master\target\classes started by Dheeraj in C:\Users\sudha\Downloads\stm_project-master)
2024-03-01 12:51:42 [restartedMain] DEBUG com.stmproject.StmProjectApplication - Running with Spring Boot v2.5.4, Spring v5.3.9
2024-03-01 12:51:42 [restartedMain] INFO  com.stmproject.StmProjectApplication - No active profile set, falling back to default profiles: default
2024-03-01 12:51:48 [restartedMain] INFO  com.stmproject.StmProjectApplication - Started StmProjectApplication in 5.756 seconds (JVM running for 6.341)
2024-03-01 12:54:20 [restartedMain] INFO  com.stmproject.StmProjectApplication - Starting StmProjectApplication using Java 11.0.18 on Dheeraj-ISS0040 with PID 636 (C:\Users\sudha\Downloads\stm_project-master\target\classes started by Dheeraj in C:\Users\sudha\Downloads\stm_project-master)
2024-03-01 12:54:20 [restartedMain] DEBUG com.stmproject.StmProjectApplication - Running with Spring Boot v2.5.4, Spring v5.3.9
2024-03-01 12:54:20 [restartedMain] INFO  com.stmproject.StmProjectApplication - No active profile set, falling back to default profiles: default
2024-03-01 12:54:25 [restartedMain] INFO  com.stmproject.StmProjectApplication - Started StmProjectApplication in 5.863 seconds (JVM running for 6.41)
2024-03-01 12:55:35 [restartedMain] INFO  com.stmproject.StmProjectApplication - Starting StmProjectApplication using Java 11.0.18 on Dheeraj-ISS0040 with PID 13364 (C:\Users\sudha\Downloads\stm_project-master\target\classes started by Dheeraj in C:\Users\sudha\Downloads\stm_project-master)
2024-03-01 12:55:35 [restartedMain] DEBUG com.stmproject.StmProjectApplication - Running with Spring Boot v2.5.4, Spring v5.3.9
2024-03-01 12:55:35 [restartedMain] INFO  com.stmproject.StmProjectApplication - No active profile set, falling back to default profiles: default
2024-03-01 12:55:40 [restartedMain] INFO  com.stmproject.StmProjectApplication - Started StmProjectApplication in 5.862 seconds (JVM running for 6.566)
2024-03-01 12:56:33 [restartedMain] INFO  com.stmproject.StmProjectApplication - Starting StmProjectApplication using Java 11.0.18 on Dheeraj-ISS0040 with PID 10764 (C:\Users\sudha\Downloads\stm_project-master\target\classes started by Dheeraj in C:\Users\sudha\Downloads\stm_project-master)
2024-03-01 12:56:33 [restartedMain] DEBUG com.stmproject.StmProjectApplication - Running with Spring Boot v2.5.4, Spring v5.3.9
2024-03-01 12:56:33 [restartedMain] INFO  com.stmproject.StmProjectApplication - No active profile set, falling back to default profiles: default
2024-03-01 12:56:37 [restartedMain] INFO  com.stmproject.StmProjectApplication - Started StmProjectApplication in 5.021 seconds (JVM running for 5.572)
2024-03-01 12:59:04 [restartedMain] INFO  com.stmproject.StmProjectApplication - Starting StmProjectApplication using Java 11.0.18 on Dheeraj-ISS0040 with PID 18812 (C:\Users\sudha\Downloads\stm_project-master\target\classes started by Dheeraj in C:\Users\sudha\Downloads\stm_project-master)
2024-03-01 12:59:04 [restartedMain] DEBUG com.stmproject.StmProjectApplication - Running with Spring Boot v2.5.4, Spring v5.3.9
2024-03-01 12:59:04 [restartedMain] INFO  com.stmproject.StmProjectApplication - No active profile set, falling back to default profiles: default
2024-03-01 12:59:09 [restartedMain] INFO  com.stmproject.StmProjectApplication - Started StmProjectApplication in 5.627 seconds (JVM running for 6.192)
2024-03-01 13:00:36 [restartedMain] INFO  com.stmproject.StmProjectApplication - Starting StmProjectApplication using Java 11.0.18 on Dheeraj-ISS0040 with PID 21712 (C:\Users\sudha\Downloads\stm_project-master\target\classes started by Dheeraj in C:\Users\sudha\Downloads\stm_project-master)
2024-03-01 13:00:36 [restartedMain] DEBUG com.stmproject.StmProjectApplication - Running with Spring Boot v2.5.4, Spring v5.3.9
2024-03-01 13:00:36 [restartedMain] INFO  com.stmproject.StmProjectApplication - No active profile set, falling back to default profiles: default
2024-03-01 13:00:41 [restartedMain] INFO  com.stmproject.StmProjectApplication - Started StmProjectApplication in 5.623 seconds (JVM running for 6.29)
2024-03-01 13:01:23 [restartedMain] INFO  com.stmproject.StmProjectApplication - Starting StmProjectApplication using Java 11.0.18 on Dheeraj-ISS0040 with PID 20424 (C:\Users\sudha\Downloads\stm_project-master\target\classes started by Dheeraj in C:\Users\sudha\Downloads\stm_project-master)
2024-03-01 13:01:23 [restartedMain] DEBUG com.stmproject.StmProjectApplication - Running with Spring Boot v2.5.4, Spring v5.3.9
2024-03-01 13:01:23 [restartedMain] INFO  com.stmproject.StmProjectApplication - No active profile set, falling back to default profiles: default
2024-03-01 13:01:28 [restartedMain] INFO  com.stmproject.StmProjectApplication - Started StmProjectApplication in 5.755 seconds (JVM running for 6.355)
2024-03-01 13:02:28 [restartedMain] INFO  com.stmproject.StmProjectApplication - Starting StmProjectApplication using Java 11.0.18 on Dheeraj-ISS0040 with PID 2836 (C:\Users\sudha\Downloads\stm_project-master\target\classes started by Dheeraj in C:\Users\sudha\Downloads\stm_project-master)
2024-03-01 13:02:28 [restartedMain] DEBUG com.stmproject.StmProjectApplication - Running with Spring Boot v2.5.4, Spring v5.3.9
2024-03-01 13:02:28 [restartedMain] INFO  com.stmproject.StmProjectApplication - No active profile set, falling back to default profiles: default
2024-03-01 13:02:34 [restartedMain] INFO  com.stmproject.StmProjectApplication - Started StmProjectApplication in 5.917 seconds (JVM running for 6.452)
2024-03-01 13:05:55 [restartedMain] INFO  com.stmproject.StmProjectApplication - Starting StmProjectApplication using Java 11.0.18 on Dheeraj-ISS0040 with PID 3700 (C:\Users\sudha\Downloads\stm_project-master\target\classes started by Dheeraj in C:\Users\sudha\Downloads\stm_project-master)
2024-03-01 13:05:55 [restartedMain] DEBUG com.stmproject.StmProjectApplication - Running with Spring Boot v2.5.4, Spring v5.3.9
2024-03-01 13:05:55 [restartedMain] INFO  com.stmproject.StmProjectApplication - No active profile set, falling back to default profiles: default
2024-03-01 13:06:00 [restartedMain] INFO  com.stmproject.StmProjectApplication - Started StmProjectApplication in 5.38 seconds (JVM running for 5.933)
2024-03-01 13:07:24 [restartedMain] INFO  com.stmproject.StmProjectApplication - Starting StmProjectApplication using Java 11.0.18 on Dheeraj-ISS0040 with PID 9192 (C:\Users\sudha\Downloads\stm_project-master\target\classes started by Dheeraj in C:\Users\sudha\Downloads\stm_project-master)
2024-03-01 13:07:24 [restartedMain] DEBUG com.stmproject.StmProjectApplication - Running with Spring Boot v2.5.4, Spring v5.3.9
2024-03-01 13:07:24 [restartedMain] INFO  com.stmproject.StmProjectApplication - No active profile set, falling back to default profiles: default
2024-03-01 13:07:29 [restartedMain] INFO  com.stmproject.StmProjectApplication - Started StmProjectApplication in 5.8 seconds (JVM running for 6.395)
2024-03-01 13:07:47 [restartedMain] INFO  com.stmproject.StmProjectApplication - Starting StmProjectApplication using Java 11.0.18 on Dheeraj-ISS0040 with PID 9700 (C:\Users\sudha\Downloads\stm_project-master\target\classes started by Dheeraj in C:\Users\sudha\Downloads\stm_project-master)
2024-03-01 13:07:47 [restartedMain] DEBUG com.stmproject.StmProjectApplication - Running with Spring Boot v2.5.4, Spring v5.3.9
2024-03-01 13:07:47 [restartedMain] INFO  com.stmproject.StmProjectApplication - No active profile set, falling back to default profiles: default
2024-03-01 13:07:52 [restartedMain] INFO  com.stmproject.StmProjectApplication - Started StmProjectApplication in 5.42 seconds (JVM running for 5.975)
2024-03-01 13:08:51 [restartedMain] INFO  com.stmproject.StmProjectApplication - Starting StmProjectApplication using Java 11.0.18 on Dheeraj-ISS0040 with PID 3924 (C:\Users\sudha\Downloads\stm_project-master\target\classes started by Dheeraj in C:\Users\sudha\Downloads\stm_project-master)
2024-03-01 13:08:51 [restartedMain] DEBUG com.stmproject.StmProjectApplication - Running with Spring Boot v2.5.4, Spring v5.3.9
2024-03-01 13:08:51 [restartedMain] INFO  com.stmproject.StmProjectApplication - No active profile set, falling back to default profiles: default
2024-03-01 13:08:56 [restartedMain] INFO  com.stmproject.StmProjectApplication - Started StmProjectApplication in 5.352 seconds (JVM running for 5.922)
2024-03-01 13:09:12 [restartedMain] INFO  com.stmproject.StmProjectApplication - Starting StmProjectApplication using Java 11.0.18 on Dheeraj-ISS0040 with PID 14768 (C:\Users\sudha\Downloads\stm_project-master\target\classes started by Dheeraj in C:\Users\sudha\Downloads\stm_project-master)
2024-03-01 13:09:12 [restartedMain] DEBUG com.stmproject.StmProjectApplication - Running with Spring Boot v2.5.4, Spring v5.3.9
2024-03-01 13:09:12 [restartedMain] INFO  com.stmproject.StmProjectApplication - No active profile set, falling back to default profiles: default
2024-03-01 13:09:17 [restartedMain] INFO  com.stmproject.StmProjectApplication - Started StmProjectApplication in 5.39 seconds (JVM running for 5.998)
2024-03-01 13:14:27 [restartedMain] INFO  com.stmproject.StmProjectApplication - Starting StmProjectApplication using Java 11.0.18 on Dheeraj-ISS0040 with PID 3312 (C:\Users\sudha\Downloads\stm_project-master\target\classes started by Dheeraj in C:\Users\sudha\Downloads\stm_project-master)
2024-03-01 13:14:27 [restartedMain] DEBUG com.stmproject.StmProjectApplication - Running with Spring Boot v2.5.4, Spring v5.3.9
2024-03-01 13:14:27 [restartedMain] INFO  com.stmproject.StmProjectApplication - No active profile set, falling back to default profiles: default
2024-03-01 13:14:32 [restartedMain] INFO  com.stmproject.StmProjectApplication - Started StmProjectApplication in 5.406 seconds (JVM running for 6.032)
2024-03-01 13:15:23 [restartedMain] INFO  com.stmproject.StmProjectApplication - Starting StmProjectApplication using Java 11.0.18 on Dheeraj-ISS0040 with PID 1512 (C:\Users\sudha\Downloads\stm_project-master\target\classes started by Dheeraj in C:\Users\sudha\Downloads\stm_project-master)
2024-03-01 13:15:23 [restartedMain] DEBUG com.stmproject.StmProjectApplication - Running with Spring Boot v2.5.4, Spring v5.3.9
2024-03-01 13:15:23 [restartedMain] INFO  com.stmproject.StmProjectApplication - No active profile set, falling back to default profiles: default
2024-03-01 13:15:28 [restartedMain] INFO  com.stmproject.StmProjectApplication - Started StmProjectApplication in 6.01 seconds (JVM running for 6.608)
2024-03-01 13:16:24 [restartedMain] INFO  com.stmproject.StmProjectApplication - Starting StmProjectApplication using Java 11.0.18 on Dheeraj-ISS0040 with PID 2132 (C:\Users\sudha\Downloads\stm_project-master\target\classes started by Dheeraj in C:\Users\sudha\Downloads\stm_project-master)
2024-03-01 13:16:24 [restartedMain] DEBUG com.stmproject.StmProjectApplication - Running with Spring Boot v2.5.4, Spring v5.3.9
2024-03-01 13:16:24 [restartedMain] INFO  com.stmproject.StmProjectApplication - No active profile set, falling back to default profiles: default
2024-03-01 13:16:30 [restartedMain] INFO  com.stmproject.StmProjectApplication - Started StmProjectApplication in 6.453 seconds (JVM running for 6.996)
2024-03-01 13:17:53 [restartedMain] INFO  com.stmproject.StmProjectApplication - Starting StmProjectApplication using Java 11.0.18 on Dheeraj-ISS0040 with PID 12784 (C:\Users\sudha\Downloads\stm_project-master\target\classes started by Dheeraj in C:\Users\sudha\Downloads\stm_project-master)
2024-03-01 13:17:53 [restartedMain] DEBUG com.stmproject.StmProjectApplication - Running with Spring Boot v2.5.4, Spring v5.3.9
2024-03-01 13:17:53 [restartedMain] INFO  com.stmproject.StmProjectApplication - No active profile set, falling back to default profiles: default
2024-03-01 13:17:59 [restartedMain] INFO  com.stmproject.StmProjectApplication - Started StmProjectApplication in 6.262 seconds (JVM running for 6.964)
2024-03-01 13:19:47 [restartedMain] INFO  com.stmproject.StmProjectApplication - Starting StmProjectApplication using Java 11.0.18 on Dheeraj-ISS0040 with PID 14736 (C:\Users\sudha\Downloads\stm_project-master\target\classes started by Dheeraj in C:\Users\sudha\Downloads\stm_project-master)
2024-03-01 13:19:47 [restartedMain] DEBUG com.stmproject.StmProjectApplication - Running with Spring Boot v2.5.4, Spring v5.3.9
2024-03-01 13:19:47 [restartedMain] INFO  com.stmproject.StmProjectApplication - No active profile set, falling back to default profiles: default
2024-03-01 13:19:53 [restartedMain] INFO  com.stmproject.StmProjectApplication - Started StmProjectApplication in 6.22 seconds (JVM running for 6.829)
2024-03-01 13:21:08 [restartedMain] INFO  com.stmproject.StmProjectApplication - Starting StmProjectApplication using Java 11.0.18 on Dheeraj-ISS0040 with PID 21892 (C:\Users\sudha\Downloads\stm_project-master\target\classes started by Dheeraj in C:\Users\sudha\Downloads\stm_project-master)
2024-03-01 13:21:08 [restartedMain] DEBUG com.stmproject.StmProjectApplication - Running with Spring Boot v2.5.4, Spring v5.3.9
2024-03-01 13:21:08 [restartedMain] INFO  com.stmproject.StmProjectApplication - No active profile set, falling back to default profiles: default
2024-03-01 13:21:14 [restartedMain] INFO  com.stmproject.StmProjectApplication - Started StmProjectApplication in 5.538 seconds (JVM running for 6.154)
2024-03-01 13:22:06 [restartedMain] INFO  com.stmproject.StmProjectApplication - Starting StmProjectApplication using Java 11.0.18 on Dheeraj-ISS0040 with PID 300 (C:\Users\sudha\Downloads\stm_project-master\target\classes started by Dheeraj in C:\Users\sudha\Downloads\stm_project-master)
2024-03-01 13:22:06 [restartedMain] DEBUG com.stmproject.StmProjectApplication - Running with Spring Boot v2.5.4, Spring v5.3.9
2024-03-01 13:22:06 [restartedMain] INFO  com.stmproject.StmProjectApplication - No active profile set, falling back to default profiles: default
2024-03-01 13:22:11 [restartedMain] INFO  com.stmproject.StmProjectApplication - Started StmProjectApplication in 5.795 seconds (JVM running for 6.402)
2024-03-01 13:22:44 [restartedMain] INFO  com.stmproject.StmProjectApplication - Starting StmProjectApplication using Java 11.0.18 on Dheeraj-ISS0040 with PID 19296 (C:\Users\sudha\Downloads\stm_project-master\target\classes started by Dheeraj in C:\Users\sudha\Downloads\stm_project-master)
2024-03-01 13:22:44 [restartedMain] DEBUG com.stmproject.StmProjectApplication - Running with Spring Boot v2.5.4, Spring v5.3.9
2024-03-01 13:22:44 [restartedMain] INFO  com.stmproject.StmProjectApplication - No active profile set, falling back to default profiles: default
2024-03-01 13:22:49 [restartedMain] INFO  com.stmproject.StmProjectApplication - Started StmProjectApplication in 5.546 seconds (JVM running for 6.244)
2024-03-01 13:26:18 [restartedMain] INFO  com.stmproject.StmProjectApplication - Starting StmProjectApplication using Java 11.0.18 on Dheeraj-ISS0040 with PID 21436 (C:\Users\sudha\Downloads\stm_project-master\target\classes started by Dheeraj in C:\Users\sudha\Downloads\stm_project-master)
2024-03-01 13:26:18 [restartedMain] DEBUG com.stmproject.StmProjectApplication - Running with Spring Boot v2.5.4, Spring v5.3.9
2024-03-01 13:26:18 [restartedMain] INFO  com.stmproject.StmProjectApplication - No active profile set, falling back to default profiles: default
2024-03-01 13:26:24 [restartedMain] INFO  com.stmproject.StmProjectApplication - Started StmProjectApplication in 5.998 seconds (JVM running for 6.545)
2024-03-01 13:28:02 [restartedMain] INFO  com.stmproject.StmProjectApplication - Starting StmProjectApplication using Java 11.0.18 on Dheeraj-ISS0040 with PID 1096 (C:\Users\sudha\Downloads\stm_project-master\target\classes started by Dheeraj in C:\Users\sudha\Downloads\stm_project-master)
2024-03-01 13:28:02 [restartedMain] DEBUG com.stmproject.StmProjectApplication - Running with Spring Boot v2.5.4, Spring v5.3.9
2024-03-01 13:28:02 [restartedMain] INFO  com.stmproject.StmProjectApplication - No active profile set, falling back to default profiles: default
2024-03-01 13:28:08 [restartedMain] INFO  com.stmproject.StmProjectApplication - Started StmProjectApplication in 5.815 seconds (JVM running for 6.412)
2024-03-01 13:34:30 [restartedMain] INFO  com.stmproject.StmProjectApplication - Starting StmProjectApplication using Java 11.0.18 on Dheeraj-ISS0040 with PID 14920 (C:\Users\sudha\Downloads\stm_project-master\target\classes started by Dheeraj in C:\Users\sudha\Downloads\stm_project-master)
2024-03-01 13:34:30 [restartedMain] DEBUG com.stmproject.StmProjectApplication - Running with Spring Boot v2.5.4, Spring v5.3.9
2024-03-01 13:34:30 [restartedMain] INFO  com.stmproject.StmProjectApplication - No active profile set, falling back to default profiles: default
2024-03-01 13:34:35 [restartedMain] INFO  com.stmproject.StmProjectApplication - Started StmProjectApplication in 5.402 seconds (JVM running for 6.04)
2024-03-01 13:34:54 [restartedMain] INFO  com.stmproject.StmProjectApplication - Starting StmProjectApplication using Java 11.0.18 on Dheeraj-ISS0040 with PID 16504 (C:\Users\sudha\Downloads\stm_project-master\target\classes started by Dheeraj in C:\Users\sudha\Downloads\stm_project-master)
2024-03-01 13:34:54 [restartedMain] DEBUG com.stmproject.StmProjectApplication - Running with Spring Boot v2.5.4, Spring v5.3.9
2024-03-01 13:34:54 [restartedMain] INFO  com.stmproject.StmProjectApplication - No active profile set, falling back to default profiles: default
2024-03-01 13:35:02 [restartedMain] INFO  com.stmproject.StmProjectApplication - Starting StmProjectApplication using Java 11.0.18 on Dheeraj-ISS0040 with PID 3168 (C:\Users\sudha\Downloads\stm_project-master\target\classes started by Dheeraj in C:\Users\sudha\Downloads\stm_project-master)
2024-03-01 13:35:02 [restartedMain] DEBUG com.stmproject.StmProjectApplication - Running with Spring Boot v2.5.4, Spring v5.3.9
2024-03-01 13:35:02 [restartedMain] INFO  com.stmproject.StmProjectApplication - No active profile set, falling back to default profiles: default
2024-03-01 13:35:07 [restartedMain] INFO  com.stmproject.StmProjectApplication - Started StmProjectApplication in 5.401 seconds (JVM running for 5.998)
2024-03-01 13:35:27 [restartedMain] INFO  com.stmproject.StmProjectApplication - Starting StmProjectApplication using Java 11.0.18 on Dheeraj-ISS0040 with PID 1832 (C:\Users\sudha\Downloads\stm_project-master\target\classes started by Dheeraj in C:\Users\sudha\Downloads\stm_project-master)
2024-03-01 13:35:27 [restartedMain] DEBUG com.stmproject.StmProjectApplication - Running with Spring Boot v2.5.4, Spring v5.3.9
2024-03-01 13:35:27 [restartedMain] INFO  com.stmproject.StmProjectApplication - No active profile set, falling back to default profiles: default
2024-03-01 13:35:32 [restartedMain] INFO  com.stmproject.StmProjectApplication - Started StmProjectApplication in 5.824 seconds (JVM running for 6.444)
2024-03-01 13:36:22 [restartedMain] INFO  com.stmproject.StmProjectApplication - Starting StmProjectApplication using Java 11.0.18 on Dheeraj-ISS0040 with PID 22300 (C:\Users\sudha\Downloads\stm_project-master\target\classes started by Dheeraj in C:\Users\sudha\Downloads\stm_project-master)
2024-03-01 13:36:22 [restartedMain] DEBUG com.stmproject.StmProjectApplication - Running with Spring Boot v2.5.4, Spring v5.3.9
2024-03-01 13:36:22 [restartedMain] INFO  com.stmproject.StmProjectApplication - No active profile set, falling back to default profiles: default
2024-03-01 13:36:27 [restartedMain] INFO  com.stmproject.StmProjectApplication - Started StmProjectApplication in 5.42 seconds (JVM running for 6.062)
2024-03-01 13:39:29 [restartedMain] INFO  com.stmproject.StmProjectApplication - Starting StmProjectApplication using Java 11.0.18 on Dheeraj-ISS0040 with PID 9316 (C:\Users\sudha\Downloads\stm_project-master\target\classes started by Dheeraj in C:\Users\sudha\Downloads\stm_project-master)
2024-03-01 13:39:29 [restartedMain] DEBUG com.stmproject.StmProjectApplication - Running with Spring Boot v2.5.4, Spring v5.3.9
2024-03-01 13:39:29 [restartedMain] INFO  com.stmproject.StmProjectApplication - No active profile set, falling back to default profiles: default
2024-03-01 13:39:34 [restartedMain] INFO  com.stmproject.StmProjectApplication - Started StmProjectApplication in 5.318 seconds (JVM running for 5.869)
2024-03-01 13:43:32 [restartedMain] INFO  com.stmproject.StmProjectApplication - Starting StmProjectApplication using Java 11.0.18 on Dheeraj-ISS0040 with PID 14444 (C:\Users\sudha\Downloads\stm_project-master\target\classes started by Dheeraj in C:\Users\sudha\Downloads\stm_project-master)
2024-03-01 13:43:32 [restartedMain] DEBUG com.stmproject.StmProjectApplication - Running with Spring Boot v2.5.4, Spring v5.3.9
2024-03-01 13:43:32 [restartedMain] INFO  com.stmproject.StmProjectApplication - No active profile set, falling back to default profiles: default
2024-03-01 13:43:38 [restartedMain] INFO  com.stmproject.StmProjectApplication - Started StmProjectApplication in 5.765 seconds (JVM running for 6.404)
2024-03-01 13:44:28 [restartedMain] INFO  com.stmproject.StmProjectApplication - Starting StmProjectApplication using Java 11.0.18 on Dheeraj-ISS0040 with PID 11804 (C:\Users\sudha\Downloads\stm_project-master\target\classes started by Dheeraj in C:\Users\sudha\Downloads\stm_project-master)
2024-03-01 13:44:28 [restartedMain] DEBUG com.stmproject.StmProjectApplication - Running with Spring Boot v2.5.4, Spring v5.3.9
2024-03-01 13:44:28 [restartedMain] INFO  com.stmproject.StmProjectApplication - No active profile set, falling back to default profiles: default
2024-03-01 13:44:33 [restartedMain] INFO  com.stmproject.StmProjectApplication - Started StmProjectApplication in 5.681 seconds (JVM running for 6.297)
2024-03-01 13:45:08 [restartedMain] INFO  com.stmproject.StmProjectApplication - Starting StmProjectApplication using Java 11.0.18 on Dheeraj-ISS0040 with PID 18256 (C:\Users\sudha\Downloads\stm_project-master\target\classes started by Dheeraj in C:\Users\sudha\Downloads\stm_project-master)
2024-03-01 13:45:08 [restartedMain] DEBUG com.stmproject.StmProjectApplication - Running with Spring Boot v2.5.4, Spring v5.3.9
2024-03-01 13:45:08 [restartedMain] INFO  com.stmproject.StmProjectApplication - No active profile set, falling back to default profiles: default
2024-03-01 13:45:14 [restartedMain] INFO  com.stmproject.StmProjectApplication - Started StmProjectApplication in 6.369 seconds (JVM running for 6.965)
2024-03-01 15:26:37 [restartedMain] INFO  com.stmproject.StmProjectApplication - Starting StmProjectApplication using Java 11.0.18 on Dheeraj-ISS0040 with PID 13728 (C:\Users\sudha\Downloads\stm_project-master\target\classes started by Dheeraj in C:\Users\sudha\Downloads\stm_project-master)
2024-03-01 15:26:37 [restartedMain] DEBUG com.stmproject.StmProjectApplication - Running with Spring Boot v2.5.4, Spring v5.3.9
2024-03-01 15:26:37 [restartedMain] INFO  com.stmproject.StmProjectApplication - No active profile set, falling back to default profiles: default
2024-03-01 15:26:43 [restartedMain] INFO  com.stmproject.StmProjectApplication - Started StmProjectApplication in 5.593 seconds (JVM running for 6.199)
2024-03-01 15:30:11 [restartedMain] INFO  com.stmproject.StmProjectApplication - Starting StmProjectApplication using Java 11.0.18 on Dheeraj-ISS0040 with PID 4120 (C:\Users\sudha\Downloads\stm_project-master\target\classes started by Dheeraj in C:\Users\sudha\Downloads\stm_project-master)
2024-03-01 15:30:11 [restartedMain] DEBUG com.stmproject.StmProjectApplication - Running with Spring Boot v2.5.4, Spring v5.3.9
2024-03-01 15:30:11 [restartedMain] INFO  com.stmproject.StmProjectApplication - No active profile set, falling back to default profiles: default
2024-03-01 15:30:16 [restartedMain] INFO  com.stmproject.StmProjectApplication - Started StmProjectApplication in 5.631 seconds (JVM running for 6.188)
2024-03-01 15:32:06 [http-nio-8080-exec-6] DEBUG c.s.controller.SearchController - 19 records found.
2024-03-01 15:38:06 [http-nio-8080-exec-3] DEBUG c.s.controller.SearchController - 19 records found.
2024-03-01 15:39:32 [http-nio-8080-exec-1] DEBUG c.s.controller.SearchController - 19 records found.
2024-03-01 15:41:21 [restartedMain] INFO  com.stmproject.StmProjectApplication - Starting StmProjectApplication using Java 11.0.18 on Dheeraj-ISS0040 with PID 22980 (C:\Users\sudha\Downloads\stm_project-master\target\classes started by Dheeraj in C:\Users\sudha\Downloads\stm_project-master)
2024-03-01 15:41:21 [restartedMain] DEBUG com.stmproject.StmProjectApplication - Running with Spring Boot v2.5.4, Spring v5.3.9
2024-03-01 15:41:21 [restartedMain] INFO  com.stmproject.StmProjectApplication - No active profile set, falling back to default profiles: default
2024-03-01 15:41:27 [restartedMain] INFO  com.stmproject.StmProjectApplication - Started StmProjectApplication in 5.964 seconds (JVM running for 6.625)
2024-03-01 15:41:45 [restartedMain] INFO  com.stmproject.StmProjectApplication - Starting StmProjectApplication using Java 11.0.18 on Dheeraj-ISS0040 with PID 23200 (C:\Users\sudha\Downloads\stm_project-master\target\classes started by Dheeraj in C:\Users\sudha\Downloads\stm_project-master)
2024-03-01 15:41:45 [restartedMain] DEBUG com.stmproject.StmProjectApplication - Running with Spring Boot v2.5.4, Spring v5.3.9
2024-03-01 15:41:45 [restartedMain] INFO  com.stmproject.StmProjectApplication - No active profile set, falling back to default profiles: default
2024-03-01 15:41:51 [restartedMain] INFO  com.stmproject.StmProjectApplication - Started StmProjectApplication in 5.529 seconds (JVM running for 6.279)
2024-03-01 15:54:03 [restartedMain] INFO  com.stmproject.StmProjectApplication - Starting StmProjectApplication using Java 11.0.18 on Dheeraj-ISS0040 with PID 23476 (C:\Users\sudha\Downloads\stm_project-master\target\classes started by Dheeraj in C:\Users\sudha\Downloads\stm_project-master)
2024-03-01 15:54:03 [restartedMain] DEBUG com.stmproject.StmProjectApplication - Running with Spring Boot v2.5.4, Spring v5.3.9
2024-03-01 15:54:03 [restartedMain] INFO  com.stmproject.StmProjectApplication - No active profile set, falling back to default profiles: default
2024-03-01 15:54:09 [restartedMain] INFO  com.stmproject.StmProjectApplication - Started StmProjectApplication in 5.924 seconds (JVM running for 6.602)
2024-03-01 15:56:22 [restartedMain] INFO  com.stmproject.StmProjectApplication - Starting StmProjectApplication using Java 11.0.18 on Dheeraj-ISS0040 with PID 19712 (C:\Users\sudha\Downloads\stm_project-master\target\classes started by Dheeraj in C:\Users\sudha\Downloads\stm_project-master)
2024-03-01 15:56:22 [restartedMain] DEBUG com.stmproject.StmProjectApplication - Running with Spring Boot v2.5.4, Spring v5.3.9
2024-03-01 15:56:22 [restartedMain] INFO  com.stmproject.StmProjectApplication - No active profile set, falling back to default profiles: default
2024-03-01 15:56:28 [restartedMain] INFO  com.stmproject.StmProjectApplication - Started StmProjectApplication in 6.313 seconds (JVM running for 7.056)
2024-03-01 15:58:54 [restartedMain] INFO  com.stmproject.StmProjectApplication - Starting StmProjectApplication using Java 11.0.18 on Dheeraj-ISS0040 with PID 11612 (C:\Users\sudha\Downloads\stm_project-master\target\classes started by Dheeraj in C:\Users\sudha\Downloads\stm_project-master)
2024-03-01 15:58:54 [restartedMain] DEBUG com.stmproject.StmProjectApplication - Running with Spring Boot v2.5.4, Spring v5.3.9
2024-03-01 15:58:54 [restartedMain] INFO  com.stmproject.StmProjectApplication - No active profile set, falling back to default profiles: default
2024-03-01 15:59:01 [restartedMain] INFO  com.stmproject.StmProjectApplication - Started StmProjectApplication in 7.35 seconds (JVM running for 7.955)
2024-03-01 15:59:53 [restartedMain] INFO  com.stmproject.StmProjectApplication - Starting StmProjectApplication using Java 11.0.18 on Dheeraj-ISS0040 with PID 16380 (C:\Users\sudha\Downloads\stm_project-master\target\classes started by Dheeraj in C:\Users\sudha\Downloads\stm_project-master)
2024-03-01 15:59:53 [restartedMain] DEBUG com.stmproject.StmProjectApplication - Running with Spring Boot v2.5.4, Spring v5.3.9
2024-03-01 15:59:53 [restartedMain] INFO  com.stmproject.StmProjectApplication - No active profile set, falling back to default profiles: default
2024-03-01 15:59:59 [restartedMain] INFO  com.stmproject.StmProjectApplication - Started StmProjectApplication in 5.934 seconds (JVM running for 6.601)
2024-03-01 16:01:36 [restartedMain] INFO  com.stmproject.StmProjectApplication - Starting StmProjectApplication using Java 11.0.18 on Dheeraj-ISS0040 with PID 13936 (C:\Users\sudha\Downloads\stm_project-master\target\classes started by Dheeraj in C:\Users\sudha\Downloads\stm_project-master)
2024-03-01 16:01:36 [restartedMain] DEBUG com.stmproject.StmProjectApplication - Running with Spring Boot v2.5.4, Spring v5.3.9
2024-03-01 16:01:36 [restartedMain] INFO  com.stmproject.StmProjectApplication - No active profile set, falling back to default profiles: default
2024-03-01 16:01:42 [restartedMain] INFO  com.stmproject.StmProjectApplication - Started StmProjectApplication in 6.014 seconds (JVM running for 6.608)
2024-03-01 16:02:15 [restartedMain] INFO  com.stmproject.StmProjectApplication - Starting StmProjectApplication using Java 11.0.18 on Dheeraj-ISS0040 with PID 5088 (C:\Users\sudha\Downloads\stm_project-master\target\classes started by Dheeraj in C:\Users\sudha\Downloads\stm_project-master)
2024-03-01 16:02:15 [restartedMain] DEBUG com.stmproject.StmProjectApplication - Running with Spring Boot v2.5.4, Spring v5.3.9
2024-03-01 16:02:15 [restartedMain] INFO  com.stmproject.StmProjectApplication - No active profile set, falling back to default profiles: default
2024-03-01 16:02:21 [restartedMain] INFO  com.stmproject.StmProjectApplication - Started StmProjectApplication in 6.772 seconds (JVM running for 7.455)
2024-03-01 16:02:34 [restartedMain] INFO  com.stmproject.StmProjectApplication - Starting StmProjectApplication using Java 11.0.18 on Dheeraj-ISS0040 with PID 8816 (C:\Users\sudha\Downloads\stm_project-master\target\classes started by Dheeraj in C:\Users\sudha\Downloads\stm_project-master)
2024-03-01 16:02:34 [restartedMain] DEBUG com.stmproject.StmProjectApplication - Running with Spring Boot v2.5.4, Spring v5.3.9
2024-03-01 16:02:34 [restartedMain] INFO  com.stmproject.StmProjectApplication - No active profile set, falling back to default profiles: default
2024-03-01 16:02:39 [restartedMain] INFO  com.stmproject.StmProjectApplication - Started StmProjectApplication in 5.558 seconds (JVM running for 6.125)
2024-03-01 16:02:52 [restartedMain] INFO  com.stmproject.StmProjectApplication - Starting StmProjectApplication using Java 11.0.18 on Dheeraj-ISS0040 with PID 13496 (C:\Users\sudha\Downloads\stm_project-master\target\classes started by Dheeraj in C:\Users\sudha\Downloads\stm_project-master)
2024-03-01 16:02:52 [restartedMain] DEBUG com.stmproject.StmProjectApplication - Running with Spring Boot v2.5.4, Spring v5.3.9
2024-03-01 16:02:52 [restartedMain] INFO  com.stmproject.StmProjectApplication - No active profile set, falling back to default profiles: default
2024-03-01 16:03:03 [restartedMain] INFO  com.stmproject.StmProjectApplication - Started StmProjectApplication in 11.162 seconds (JVM running for 11.8)
2024-03-01 16:06:29 [restartedMain] INFO  com.stmproject.StmProjectApplication - Starting StmProjectApplication using Java 11.0.18 on Dheeraj-ISS0040 with PID 22960 (C:\Users\sudha\Downloads\stm_project-master\target\classes started by Dheeraj in C:\Users\sudha\Downloads\stm_project-master)
2024-03-01 16:06:29 [restartedMain] DEBUG com.stmproject.StmProjectApplication - Running with Spring Boot v2.5.4, Spring v5.3.9
2024-03-01 16:06:29 [restartedMain] INFO  com.stmproject.StmProjectApplication - No active profile set, falling back to default profiles: default
2024-03-01 16:06:35 [restartedMain] INFO  com.stmproject.StmProjectApplication - Started StmProjectApplication in 5.976 seconds (JVM running for 6.579)
2024-03-01 16:07:01 [restartedMain] INFO  com.stmproject.StmProjectApplication - Starting StmProjectApplication using Java 11.0.18 on Dheeraj-ISS0040 with PID 16632 (C:\Users\sudha\Downloads\stm_project-master\target\classes started by Dheeraj in C:\Users\sudha\Downloads\stm_project-master)
2024-03-01 16:07:01 [restartedMain] DEBUG com.stmproject.StmProjectApplication - Running with Spring Boot v2.5.4, Spring v5.3.9
2024-03-01 16:07:01 [restartedMain] INFO  com.stmproject.StmProjectApplication - No active profile set, falling back to default profiles: default
2024-03-01 16:07:06 [restartedMain] INFO  com.stmproject.StmProjectApplication - Started StmProjectApplication in 5.354 seconds (JVM running for 5.952)
2024-03-01 16:07:18 [restartedMain] INFO  com.stmproject.StmProjectApplication - Starting StmProjectApplication using Java 11.0.18 on Dheeraj-ISS0040 with PID 8524 (C:\Users\sudha\Downloads\stm_project-master\target\classes started by Dheeraj in C:\Users\sudha\Downloads\stm_project-master)
2024-03-01 16:07:18 [restartedMain] DEBUG com.stmproject.StmProjectApplication - Running with Spring Boot v2.5.4, Spring v5.3.9
2024-03-01 16:07:18 [restartedMain] INFO  com.stmproject.StmProjectApplication - No active profile set, falling back to default profiles: default
2024-03-01 16:07:23 [restartedMain] INFO  com.stmproject.StmProjectApplication - Started StmProjectApplication in 5.817 seconds (JVM running for 6.465)
2024-03-01 16:07:49 [restartedMain] INFO  com.stmproject.StmProjectApplication - Starting StmProjectApplication using Java 11.0.18 on Dheeraj-ISS0040 with PID 20372 (C:\Users\sudha\Downloads\stm_project-master\target\classes started by Dheeraj in C:\Users\sudha\Downloads\stm_project-master)
2024-03-01 16:07:49 [restartedMain] DEBUG com.stmproject.StmProjectApplication - Running with Spring Boot v2.5.4, Spring v5.3.9
2024-03-01 16:07:49 [restartedMain] INFO  com.stmproject.StmProjectApplication - No active profile set, falling back to default profiles: default
2024-03-01 16:07:56 [restartedMain] INFO  com.stmproject.StmProjectApplication - Started StmProjectApplication in 7.066 seconds (JVM running for 7.782)
2024-03-01 16:11:53 [http-nio-8080-exec-6] DEBUG c.s.controller.SearchController - 19 records found.
2024-03-01 16:16:42 [restartedMain] INFO  com.stmproject.StmProjectApplication - Starting StmProjectApplication using Java 11.0.18 on Dheeraj-ISS0040 with PID 24160 (C:\Users\sudha\Downloads\stm_project-master\target\classes started by Dheeraj in C:\Users\sudha\Downloads\stm_project-master)
2024-03-01 16:16:42 [restartedMain] DEBUG com.stmproject.StmProjectApplication - Running with Spring Boot v2.5.4, Spring v5.3.9
2024-03-01 16:16:42 [restartedMain] INFO  com.stmproject.StmProjectApplication - No active profile set, falling back to default profiles: default
2024-03-01 16:16:47 [restartedMain] INFO  com.stmproject.StmProjectApplication - Started StmProjectApplication in 5.801 seconds (JVM running for 6.408)
2024-03-01 16:16:51 [http-nio-8080-exec-2] DEBUG c.s.controller.SearchController - 19 records found.
2024-03-01 16:18:53 [http-nio-8080-exec-6] DEBUG c.s.controller.SearchController - 19 records found.
2024-03-01 16:18:59 [http-nio-8080-exec-10] DEBUG c.s.controller.SearchController - 19 records found.
2024-03-01 16:19:02 [http-nio-8080-exec-9] DEBUG c.s.controller.SearchController - 19 records found.
2024-03-01 16:19:06 [http-nio-8080-exec-6] DEBUG c.s.controller.SearchController - 19 records found.
2024-03-01 16:19:12 [http-nio-8080-exec-7] ERROR c.s.controller.SearchController - An error occurred in ModifyViewPage
java.lang.NullPointerException: null
	at com.stmproject.serviceImpl.S_UserServiceImpl.setEmptyForNullValues(S_UserServiceImpl.java:219)
	at com.stmproject.controller.SearchController.ModifyViewPage(SearchController.java:174)
	at java.base/jdk.internal.reflect.NativeMethodAccessorImpl.invoke0(Native Method)
	at java.base/jdk.internal.reflect.NativeMethodAccessorImpl.invoke(NativeMethodAccessorImpl.java:62)
	at java.base/jdk.internal.reflect.DelegatingMethodAccessorImpl.invoke(DelegatingMethodAccessorImpl.java:43)
	at java.base/java.lang.reflect.Method.invoke(Method.java:566)
	at org.springframework.web.method.support.InvocableHandlerMethod.doInvoke(InvocableHandlerMethod.java:197)
	at org.springframework.web.method.support.InvocableHandlerMethod.invokeForRequest(InvocableHandlerMethod.java:141)
	at org.springframework.web.servlet.mvc.method.annotation.ServletInvocableHandlerMethod.invokeAndHandle(ServletInvocableHandlerMethod.java:106)
	at org.springframework.web.servlet.mvc.method.annotation.RequestMappingHandlerAdapter.invokeHandlerMethod(RequestMappingHandlerAdapter.java:895)
	at org.springframework.web.servlet.mvc.method.annotation.RequestMappingHandlerAdapter.handleInternal(RequestMappingHandlerAdapter.java:808)
	at org.springframework.web.servlet.mvc.method.AbstractHandlerMethodAdapter.handle(AbstractHandlerMethodAdapter.java:87)
	at org.springframework.web.servlet.DispatcherServlet.doDispatch(DispatcherServlet.java:1064)
	at org.springframework.web.servlet.DispatcherServlet.doService(DispatcherServlet.java:963)
	at org.springframework.web.servlet.FrameworkServlet.processRequest(FrameworkServlet.java:1006)
	at org.springframework.web.servlet.FrameworkServlet.doGet(FrameworkServlet.java:898)
	at javax.servlet.http.HttpServlet.service(HttpServlet.java:655)
	at org.springframework.web.servlet.FrameworkServlet.service(FrameworkServlet.java:883)
	at javax.servlet.http.HttpServlet.service(HttpServlet.java:764)
	at org.apache.catalina.core.ApplicationFilterChain.internalDoFilter(ApplicationFilterChain.java:227)
	at org.apache.catalina.core.ApplicationFilterChain.doFilter(ApplicationFilterChain.java:162)
	at org.apache.tomcat.websocket.server.WsFilter.doFilter(WsFilter.java:53)
	at org.apache.catalina.core.ApplicationFilterChain.internalDoFilter(ApplicationFilterChain.java:189)
	at org.apache.catalina.core.ApplicationFilterChain.doFilter(ApplicationFilterChain.java:162)
	at org.springframework.web.filter.RequestContextFilter.doFilterInternal(RequestContextFilter.java:100)
	at org.springframework.web.filter.OncePerRequestFilter.doFilter(OncePerRequestFilter.java:119)
	at org.apache.catalina.core.ApplicationFilterChain.internalDoFilter(ApplicationFilterChain.java:189)
	at org.apache.catalina.core.ApplicationFilterChain.doFilter(ApplicationFilterChain.java:162)
	at org.springframework.web.filter.FormContentFilter.doFilterInternal(FormContentFilter.java:93)
	at org.springframework.web.filter.OncePerRequestFilter.doFilter(OncePerRequestFilter.java:119)
	at org.apache.catalina.core.ApplicationFilterChain.internalDoFilter(ApplicationFilterChain.java:189)
	at org.apache.catalina.core.ApplicationFilterChain.doFilter(ApplicationFilterChain.java:162)
	at org.springframework.boot.actuate.metrics.web.servlet.WebMvcMetricsFilter.doFilterInternal(WebMvcMetricsFilter.java:96)
	at org.springframework.web.filter.OncePerRequestFilter.doFilter(OncePerRequestFilter.java:119)
	at org.apache.catalina.core.ApplicationFilterChain.internalDoFilter(ApplicationFilterChain.java:189)
	at org.apache.catalina.core.ApplicationFilterChain.doFilter(ApplicationFilterChain.java:162)
	at org.springframework.web.filter.CharacterEncodingFilter.doFilterInternal(CharacterEncodingFilter.java:201)
	at org.springframework.web.filter.OncePerRequestFilter.doFilter(OncePerRequestFilter.java:119)
	at org.apache.catalina.core.ApplicationFilterChain.internalDoFilter(ApplicationFilterChain.java:189)
	at org.apache.catalina.core.ApplicationFilterChain.doFilter(ApplicationFilterChain.java:162)
	at org.apache.catalina.core.StandardWrapperValve.invoke(StandardWrapperValve.java:197)
	at org.apache.catalina.core.StandardContextValve.invoke(StandardContextValve.java:97)
	at org.apache.catalina.authenticator.AuthenticatorBase.invoke(AuthenticatorBase.java:542)
	at org.apache.catalina.core.StandardHostValve.invoke(StandardHostValve.java:135)
	at org.apache.catalina.valves.ErrorReportValve.invoke(ErrorReportValve.java:92)
	at org.apache.catalina.core.StandardEngineValve.invoke(StandardEngineValve.java:78)
	at org.apache.catalina.connector.CoyoteAdapter.service(CoyoteAdapter.java:357)
	at org.apache.coyote.http11.Http11Processor.service(Http11Processor.java:382)
	at org.apache.coyote.AbstractProcessorLight.process(AbstractProcessorLight.java:65)
	at org.apache.coyote.AbstractProtocol$ConnectionHandler.process(AbstractProtocol.java:893)
	at org.apache.tomcat.util.net.NioEndpoint$SocketProcessor.doRun(NioEndpoint.java:1726)
	at org.apache.tomcat.util.net.SocketProcessorBase.run(SocketProcessorBase.java:49)
	at org.apache.tomcat.util.threads.ThreadPoolExecutor.runWorker(ThreadPoolExecutor.java:1191)
	at org.apache.tomcat.util.threads.ThreadPoolExecutor$Worker.run(ThreadPoolExecutor.java:659)
	at org.apache.tomcat.util.threads.TaskThread$WrappingRunnable.run(TaskThread.java:61)
	at java.base/java.lang.Thread.run(Thread.java:834)
2024-03-01 16:21:49 [restartedMain] INFO  com.stmproject.StmProjectApplication - Starting StmProjectApplication using Java 11.0.18 on Dheeraj-ISS0040 with PID 12788 (C:\Users\sudha\Downloads\stm_project-master\target\classes started by Dheeraj in C:\Users\sudha\Downloads\stm_project-master)
2024-03-01 16:21:49 [restartedMain] DEBUG com.stmproject.StmProjectApplication - Running with Spring Boot v2.5.4, Spring v5.3.9
2024-03-01 16:21:49 [restartedMain] INFO  com.stmproject.StmProjectApplication - No active profile set, falling back to default profiles: default
2024-03-01 16:21:54 [restartedMain] INFO  com.stmproject.StmProjectApplication - Started StmProjectApplication in 5.64 seconds (JVM running for 6.266)
2024-03-01 16:21:56 [http-nio-8080-exec-1] DEBUG c.s.controller.SearchController - 19 records found.
2024-03-01 16:23:16 [restartedMain] INFO  com.stmproject.StmProjectApplication - Starting StmProjectApplication using Java 11.0.18 on Dheeraj-ISS0040 with PID 23712 (C:\Users\sudha\Downloads\stm_project-master\target\classes started by Dheeraj in C:\Users\sudha\Downloads\stm_project-master)
2024-03-01 16:23:16 [restartedMain] DEBUG com.stmproject.StmProjectApplication - Running with Spring Boot v2.5.4, Spring v5.3.9
2024-03-01 16:23:16 [restartedMain] INFO  com.stmproject.StmProjectApplication - No active profile set, falling back to default profiles: default
2024-03-01 16:23:22 [restartedMain] INFO  com.stmproject.StmProjectApplication - Started StmProjectApplication in 6.039 seconds (JVM running for 6.584)
2024-03-01 16:23:25 [http-nio-8080-exec-1] DEBUG c.s.controller.SearchController - 19 records found.
2024-03-01 16:29:03 [restartedMain] INFO  com.stmproject.StmProjectApplication - Starting StmProjectApplication using Java 11.0.18 on Dheeraj-ISS0040 with PID 23868 (C:\Users\sudha\Downloads\stm_project-master\target\classes started by Dheeraj in C:\Users\sudha\Downloads\stm_project-master)
2024-03-01 16:29:03 [restartedMain] DEBUG com.stmproject.StmProjectApplication - Running with Spring Boot v2.5.4, Spring v5.3.9
2024-03-01 16:29:03 [restartedMain] INFO  com.stmproject.StmProjectApplication - No active profile set, falling back to default profiles: default
2024-03-01 16:29:08 [restartedMain] INFO  com.stmproject.StmProjectApplication - Started StmProjectApplication in 5.575 seconds (JVM running for 6.142)
2024-03-01 16:29:16 [restartedMain] INFO  com.stmproject.StmProjectApplication - Starting StmProjectApplication using Java 11.0.18 on Dheeraj-ISS0040 with PID 24364 (C:\Users\sudha\Downloads\stm_project-master\target\classes started by Dheeraj in C:\Users\sudha\Downloads\stm_project-master)
2024-03-01 16:29:16 [restartedMain] DEBUG com.stmproject.StmProjectApplication - Running with Spring Boot v2.5.4, Spring v5.3.9
2024-03-01 16:29:16 [restartedMain] INFO  com.stmproject.StmProjectApplication - No active profile set, falling back to default profiles: default
2024-03-01 16:29:22 [restartedMain] INFO  com.stmproject.StmProjectApplication - Started StmProjectApplication in 6.525 seconds (JVM running for 7.316)
2024-03-01 16:29:29 [http-nio-8080-exec-1] DEBUG c.s.controller.SearchController - 19 records found.
2024-03-01 16:31:53 [restartedMain] INFO  com.stmproject.StmProjectApplication - Starting StmProjectApplication using Java 11.0.18 on Dheeraj-ISS0040 with PID 4928 (C:\Users\sudha\Downloads\stm_project-master\target\classes started by Dheeraj in C:\Users\sudha\Downloads\stm_project-master)
2024-03-01 16:31:53 [restartedMain] DEBUG com.stmproject.StmProjectApplication - Running with Spring Boot v2.5.4, Spring v5.3.9
2024-03-01 16:31:53 [restartedMain] INFO  com.stmproject.StmProjectApplication - No active profile set, falling back to default profiles: default
2024-03-01 16:31:58 [restartedMain] INFO  com.stmproject.StmProjectApplication - Started StmProjectApplication in 5.532 seconds (JVM running for 6.082)
2024-03-01 16:32:27 [restartedMain] INFO  com.stmproject.StmProjectApplication - Starting StmProjectApplication using Java 11.0.18 on Dheeraj-ISS0040 with PID 12752 (C:\Users\sudha\Downloads\stm_project-master\target\classes started by Dheeraj in C:\Users\sudha\Downloads\stm_project-master)
2024-03-01 16:32:27 [restartedMain] DEBUG com.stmproject.StmProjectApplication - Running with Spring Boot v2.5.4, Spring v5.3.9
2024-03-01 16:32:27 [restartedMain] INFO  com.stmproject.StmProjectApplication - No active profile set, falling back to default profiles: default
2024-03-01 16:32:32 [restartedMain] INFO  com.stmproject.StmProjectApplication - Started StmProjectApplication in 5.374 seconds (JVM running for 5.995)
2024-03-01 16:32:36 [http-nio-8080-exec-1] DEBUG c.s.controller.SearchController - 19 records found.
2024-03-01 16:32:52 [restartedMain] INFO  com.stmproject.StmProjectApplication - Starting StmProjectApplication using Java 11.0.18 on Dheeraj-ISS0040 with PID 4828 (C:\Users\sudha\Downloads\stm_project-master\target\classes started by Dheeraj in C:\Users\sudha\Downloads\stm_project-master)
2024-03-01 16:32:52 [restartedMain] DEBUG com.stmproject.StmProjectApplication - Running with Spring Boot v2.5.4, Spring v5.3.9
2024-03-01 16:32:52 [restartedMain] INFO  com.stmproject.StmProjectApplication - No active profile set, falling back to default profiles: default
2024-03-01 16:32:57 [restartedMain] INFO  com.stmproject.StmProjectApplication - Started StmProjectApplication in 5.547 seconds (JVM running for 6.149)
2024-03-01 16:32:59 [http-nio-8080-exec-1] DEBUG c.s.controller.SearchController - 19 records found.
2024-03-01 16:38:58 [restartedMain] INFO  com.stmproject.StmProjectApplication - Starting StmProjectApplication using Java 11.0.18 on Dheeraj-ISS0040 with PID 21908 (C:\Users\sudha\Downloads\stm_project-master\target\classes started by Dheeraj in C:\Users\sudha\Downloads\stm_project-master)
2024-03-01 16:38:58 [restartedMain] DEBUG com.stmproject.StmProjectApplication - Running with Spring Boot v2.5.4, Spring v5.3.9
2024-03-01 16:38:58 [restartedMain] INFO  com.stmproject.StmProjectApplication - No active profile set, falling back to default profiles: default
2024-03-01 16:39:03 [restartedMain] INFO  com.stmproject.StmProjectApplication - Started StmProjectApplication in 5.548 seconds (JVM running for 6.142)
2024-03-01 16:39:09 [http-nio-8080-exec-1] DEBUG c.s.controller.SearchController - 19 records found.
