2024-02-26 10:12:47 [main] INFO  c.s.StmProjectApplicationTests - Starting StmProjectApplicationTests using Java 17.0.2 on Dheeraj-ISS0040 with PID 5164 (started by Dheeraj in C:\Users\sudha\Downloads\stm_project-master)
2024-02-26 10:12:47 [main] DEBUG c.s.StmProjectApplicationTests - Running with Spring Boot v2.5.4, Spring v5.3.9
2024-02-26 10:12:47 [main] INFO  c.s.StmProjectApplicationTests - No active profile set, falling back to default profiles: default
2024-02-26 11:00:57 [restartedMain] INFO  com.stmproject.StmProjectApplication - Starting StmProjectApplication using Java 17.0.2 on Dheeraj-ISS0040 with PID 7620 (C:\Users\sudha\Downloads\stm_project-master\target\classes started by Dheeraj in C:\Users\sudha\Downloads\stm_project-master)
2024-02-26 11:00:57 [restartedMain] DEBUG com.stmproject.StmProjectApplication - Running with Spring Boot v2.5.4, Spring v5.3.9
2024-02-26 11:00:57 [restartedMain] INFO  com.stmproject.StmProjectApplication - No active profile set, falling back to default profiles: default
2024-02-26 11:02:22 [main] INFO  c.s.StmProjectApplicationTests - Starting StmProjectApplicationTests using Java 17.0.2 on Dheeraj-ISS0040 with PID 15520 (started by Dheeraj in C:\Users\sudha\Downloads\stm_project-master)
2024-02-26 11:02:22 [main] DEBUG c.s.StmProjectApplicationTests - Running with Spring Boot v2.5.4, Spring v5.3.9
2024-02-26 11:02:22 [main] INFO  c.s.StmProjectApplicationTests - No active profile set, falling back to default profiles: default
2024-02-26 11:06:19 [main] INFO  c.s.StmProjectApplicationTests - Starting StmProjectApplicationTests using Java 17.0.2 on Dheeraj-ISS0040 with PID 4768 (started by Dheeraj in C:\Users\sudha\Downloads\stm_project-master)
2024-02-26 11:06:19 [main] DEBUG c.s.StmProjectApplicationTests - Running with Spring Boot v2.5.4, Spring v5.3.9
2024-02-26 11:06:19 [main] INFO  c.s.StmProjectApplicationTests - No active profile set, falling back to default profiles: default
2024-02-26 11:47:34 [main] INFO  c.s.StmProjectApplicationTests - Starting StmProjectApplicationTests using Java 17.0.2 on Dheeraj-ISS0040 with PID 19436 (started by Dheeraj in C:\Users\sudha\Downloads\stm_project-master)
2024-02-26 11:47:34 [main] DEBUG c.s.StmProjectApplicationTests - Running with Spring Boot v2.5.4, Spring v5.3.9
2024-02-26 11:47:34 [main] INFO  c.s.StmProjectApplicationTests - No active profile set, falling back to default profiles: default
2024-02-26 11:55:07 [main] INFO  c.s.StmProjectApplicationTests - Starting StmProjectApplicationTests using Java 17.0.2 on Dheeraj-ISS0040 with PID 13992 (started by Dheeraj in C:\Users\sudha\Downloads\stm_project-master)
2024-02-26 11:55:07 [main] DEBUG c.s.StmProjectApplicationTests - Running with Spring Boot v2.5.4, Spring v5.3.9
2024-02-26 11:55:07 [main] INFO  c.s.StmProjectApplicationTests - No active profile set, falling back to default profiles: default
2024-02-26 12:02:37 [main] INFO  c.s.StmProjectApplicationTests - Starting StmProjectApplicationTests using Java 17.0.2 on Dheeraj-ISS0040 with PID 16844 (started by Dheeraj in C:\Users\sudha\Downloads\stm_project-master)
2024-02-26 12:02:37 [main] DEBUG c.s.StmProjectApplicationTests - Running with Spring Boot v2.5.4, Spring v5.3.9
2024-02-26 12:02:37 [main] INFO  c.s.StmProjectApplicationTests - No active profile set, falling back to default profiles: default
2024-02-26 12:20:15 [main] INFO  c.s.StmProjectApplicationTests - Starting StmProjectApplicationTests using Java 17.0.2 on Dheeraj-ISS0040 with PID 11620 (started by Dheeraj in C:\Users\sudha\Downloads\stm_project-master)
2024-02-26 12:20:15 [main] DEBUG c.s.StmProjectApplicationTests - Running with Spring Boot v2.5.4, Spring v5.3.9
2024-02-26 12:20:15 [main] INFO  c.s.StmProjectApplicationTests - No active profile set, falling back to default profiles: default
2024-02-26 12:22:37 [main] INFO  c.s.StmProjectApplicationTests - Starting StmProjectApplicationTests using Java 17.0.2 on Dheeraj-ISS0040 with PID 16628 (started by Dheeraj in C:\Users\sudha\Downloads\stm_project-master)
2024-02-26 12:22:37 [main] DEBUG c.s.StmProjectApplicationTests - Running with Spring Boot v2.5.4, Spring v5.3.9
2024-02-26 12:22:37 [main] INFO  c.s.StmProjectApplicationTests - No active profile set, falling back to default profiles: default
2024-02-26 12:24:55 [main] INFO  c.s.StmProjectApplicationTests - Starting StmProjectApplicationTests using Java 17.0.2 on Dheeraj-ISS0040 with PID 8016 (started by Dheeraj in C:\Users\sudha\Downloads\stm_project-master)
2024-02-26 12:24:55 [main] DEBUG c.s.StmProjectApplicationTests - Running with Spring Boot v2.5.4, Spring v5.3.9
2024-02-26 12:24:55 [main] INFO  c.s.StmProjectApplicationTests - No active profile set, falling back to default profiles: default
2024-02-26 12:26:14 [main] INFO  c.s.StmProjectApplicationTests - Starting StmProjectApplicationTests using Java 17.0.2 on Dheeraj-ISS0040 with PID 24252 (started by Dheeraj in C:\Users\sudha\Downloads\stm_project-master)
2024-02-26 12:26:14 [main] DEBUG c.s.StmProjectApplicationTests - Running with Spring Boot v2.5.4, Spring v5.3.9
2024-02-26 12:26:14 [main] INFO  c.s.StmProjectApplicationTests - No active profile set, falling back to default profiles: default
2024-02-26 12:30:08 [main] INFO  c.s.StmProjectApplicationTests - Starting StmProjectApplicationTests using Java 17.0.2 on Dheeraj-ISS0040 with PID 456 (started by Dheeraj in C:\Users\sudha\Downloads\stm_project-master)
2024-02-26 12:30:08 [main] DEBUG c.s.StmProjectApplicationTests - Running with Spring Boot v2.5.4, Spring v5.3.9
2024-02-26 12:30:08 [main] INFO  c.s.StmProjectApplicationTests - No active profile set, falling back to default profiles: default
2024-02-26 12:34:50 [main] INFO  c.s.StmProjectApplicationTests - Starting StmProjectApplicationTests using Java 17.0.2 on Dheeraj-ISS0040 with PID 17124 (started by Dheeraj in C:\Users\sudha\Downloads\stm_project-master)
2024-02-26 12:34:50 [main] DEBUG c.s.StmProjectApplicationTests - Running with Spring Boot v2.5.4, Spring v5.3.9
2024-02-26 12:34:50 [main] INFO  c.s.StmProjectApplicationTests - No active profile set, falling back to default profiles: default
2024-02-26 12:38:49 [main] INFO  c.s.StmProjectApplicationTests - Starting StmProjectApplicationTests using Java 17.0.2 on Dheeraj-ISS0040 with PID 2884 (started by Dheeraj in C:\Users\sudha\Downloads\stm_project-master)
2024-02-26 12:38:49 [main] DEBUG c.s.StmProjectApplicationTests - Running with Spring Boot v2.5.4, Spring v5.3.9
2024-02-26 12:38:49 [main] INFO  c.s.StmProjectApplicationTests - No active profile set, falling back to default profiles: default
2024-02-26 12:45:16 [main] INFO  c.s.StmProjectApplicationTests - Starting StmProjectApplicationTests using Java 17.0.2 on Dheeraj-ISS0040 with PID 20340 (started by Dheeraj in C:\Users\sudha\Downloads\stm_project-master)
2024-02-26 12:45:16 [main] DEBUG c.s.StmProjectApplicationTests - Running with Spring Boot v2.5.4, Spring v5.3.9
2024-02-26 12:45:16 [main] INFO  c.s.StmProjectApplicationTests - No active profile set, falling back to default profiles: default
2024-02-26 12:46:51 [main] INFO  c.s.StmProjectApplicationTests - Starting StmProjectApplicationTests using Java 17.0.2 on Dheeraj-ISS0040 with PID 20208 (started by Dheeraj in C:\Users\sudha\Downloads\stm_project-master)
2024-02-26 12:46:51 [main] DEBUG c.s.StmProjectApplicationTests - Running with Spring Boot v2.5.4, Spring v5.3.9
2024-02-26 12:46:51 [main] INFO  c.s.StmProjectApplicationTests - No active profile set, falling back to default profiles: default
2024-02-26 12:50:43 [main] INFO  c.s.StmProjectApplicationTests - Starting StmProjectApplicationTests using Java 17.0.2 on Dheeraj-ISS0040 with PID 9348 (started by Dheeraj in C:\Users\sudha\Downloads\stm_project-master)
2024-02-26 12:50:43 [main] DEBUG c.s.StmProjectApplicationTests - Running with Spring Boot v2.5.4, Spring v5.3.9
2024-02-26 12:50:43 [main] INFO  c.s.StmProjectApplicationTests - No active profile set, falling back to default profiles: default
2024-02-26 12:53:13 [main] INFO  c.s.StmProjectApplicationTests - Starting StmProjectApplicationTests using Java 17.0.2 on Dheeraj-ISS0040 with PID 8364 (started by Dheeraj in C:\Users\sudha\Downloads\stm_project-master)
2024-02-26 12:53:13 [main] DEBUG c.s.StmProjectApplicationTests - Running with Spring Boot v2.5.4, Spring v5.3.9
2024-02-26 12:53:13 [main] INFO  c.s.StmProjectApplicationTests - No active profile set, falling back to default profiles: default
2024-02-26 12:53:47 [main] INFO  c.s.StmProjectApplicationTests - Starting StmProjectApplicationTests using Java 17.0.2 on Dheeraj-ISS0040 with PID 2984 (started by Dheeraj in C:\Users\sudha\Downloads\stm_project-master)
2024-02-26 12:53:47 [main] DEBUG c.s.StmProjectApplicationTests - Running with Spring Boot v2.5.4, Spring v5.3.9
2024-02-26 12:53:47 [main] INFO  c.s.StmProjectApplicationTests - No active profile set, falling back to default profiles: default
2024-02-26 12:55:51 [main] INFO  c.s.StmProjectApplicationTests - Starting StmProjectApplicationTests using Java 17.0.2 on Dheeraj-ISS0040 with PID 1944 (started by Dheeraj in C:\Users\sudha\Downloads\stm_project-master)
2024-02-26 12:55:51 [main] DEBUG c.s.StmProjectApplicationTests - Running with Spring Boot v2.5.4, Spring v5.3.9
2024-02-26 12:55:51 [main] INFO  c.s.StmProjectApplicationTests - No active profile set, falling back to default profiles: default
2024-02-26 12:57:01 [restartedMain] INFO  com.stmproject.StmProjectApplication - Starting StmProjectApplication using Java 17.0.2 on Dheeraj-ISS0040 with PID 6996 (C:\Users\sudha\Downloads\stm_project-master\target\classes started by Dheeraj in C:\Users\sudha\Downloads\stm_project-master)
2024-02-26 12:57:01 [restartedMain] DEBUG com.stmproject.StmProjectApplication - Running with Spring Boot v2.5.4, Spring v5.3.9
2024-02-26 12:57:01 [restartedMain] INFO  com.stmproject.StmProjectApplication - No active profile set, falling back to default profiles: default
2024-02-26 12:58:20 [restartedMain] INFO  com.stmproject.StmProjectApplication - Starting StmProjectApplication using Java 17.0.2 on Dheeraj-ISS0040 with PID 4100 (C:\Users\sudha\Downloads\stm_project-master\target\classes started by Dheeraj in C:\Users\sudha\Downloads\stm_project-master)
2024-02-26 12:58:20 [restartedMain] DEBUG com.stmproject.StmProjectApplication - Running with Spring Boot v2.5.4, Spring v5.3.9
2024-02-26 12:58:20 [restartedMain] INFO  com.stmproject.StmProjectApplication - No active profile set, falling back to default profiles: default
2024-02-26 13:01:08 [main] INFO  c.s.StmProjectApplicationTests - Starting StmProjectApplicationTests using Java 17.0.2 on Dheeraj-ISS0040 with PID 10700 (started by Dheeraj in C:\Users\sudha\Downloads\stm_project-master)
2024-02-26 13:01:08 [main] DEBUG c.s.StmProjectApplicationTests - Running with Spring Boot v2.5.4, Spring v5.3.9
2024-02-26 13:01:08 [main] INFO  c.s.StmProjectApplicationTests - No active profile set, falling back to default profiles: default
2024-02-26 13:03:41 [main] INFO  c.s.StmProjectApplicationTests - Starting StmProjectApplicationTests using Java 17.0.6 on Dheeraj-ISS0040 with PID 3968 (started by Dheeraj in C:\Users\sudha\Downloads\stm_project-master)
2024-02-26 13:03:41 [main] DEBUG c.s.StmProjectApplicationTests - Running with Spring Boot v2.5.4, Spring v5.3.9
2024-02-26 13:03:41 [main] INFO  c.s.StmProjectApplicationTests - No active profile set, falling back to default profiles: default
2024-02-26 14:12:20 [main] INFO  c.s.StmProjectApplicationTests - Starting StmProjectApplicationTests using Java 17.0.6 on Dheeraj-ISS0040 with PID 18832 (started by Dheeraj in C:\Users\sudha\Downloads\stm_project-master)
2024-02-26 14:12:20 [main] DEBUG c.s.StmProjectApplicationTests - Running with Spring Boot v2.5.4, Spring v5.3.9
2024-02-26 14:12:20 [main] INFO  c.s.StmProjectApplicationTests - No active profile set, falling back to default profiles: default
2024-02-26 14:16:07 [main] INFO  c.s.StmProjectApplicationTests - Starting StmProjectApplicationTests using Java 17.0.6 on Dheeraj-ISS0040 with PID 20216 (started by Dheeraj in C:\Users\sudha\Downloads\stm_project-master)
2024-02-26 14:16:07 [main] DEBUG c.s.StmProjectApplicationTests - Running with Spring Boot v2.5.4, Spring v5.3.9
2024-02-26 14:16:07 [main] INFO  c.s.StmProjectApplicationTests - No active profile set, falling back to default profiles: default
2024-02-26 14:24:05 [main] INFO  c.s.StmProjectApplicationTests - Starting StmProjectApplicationTests using Java 17.0.2 on Dheeraj-ISS0040 with PID 3536 (started by Dheeraj in C:\Users\sudha\Downloads\stm_project-master)
2024-02-26 14:24:05 [main] DEBUG c.s.StmProjectApplicationTests - Running with Spring Boot v2.5.4, Spring v5.3.9
2024-02-26 14:24:05 [main] INFO  c.s.StmProjectApplicationTests - No active profile set, falling back to default profiles: default
2024-02-26 14:30:05 [main] INFO  c.s.StmProjectApplicationTests - Starting StmProjectApplicationTests using Java 11.0.18 on Dheeraj-ISS0040 with PID 10028 (started by Dheeraj in C:\Users\sudha\Downloads\stm_project-master)
2024-02-26 14:30:05 [main] DEBUG c.s.StmProjectApplicationTests - Running with Spring Boot v2.5.4, Spring v5.3.9
2024-02-26 14:30:05 [main] INFO  c.s.StmProjectApplicationTests - No active profile set, falling back to default profiles: default
2024-02-26 14:34:08 [main] INFO  c.s.StmProjectApplicationTests - Starting StmProjectApplicationTests using Java 11.0.18 on Dheeraj-ISS0040 with PID 18400 (started by Dheeraj in C:\Users\sudha\Downloads\stm_project-master)
2024-02-26 14:34:08 [main] DEBUG c.s.StmProjectApplicationTests - Running with Spring Boot v2.5.4, Spring v5.3.9
2024-02-26 14:34:08 [main] INFO  c.s.StmProjectApplicationTests - No active profile set, falling back to default profiles: default
2024-02-26 14:53:31 [restartedMain] INFO  com.stmproject.StmProjectApplication - Starting StmProjectApplication using Java 17.0.2 on Dheeraj-ISS0040 with PID 15036 (C:\Users\sudha\Downloads\stm_project-master\target\classes started by Dheeraj in C:\Users\sudha\Downloads\stm_project-master)
2024-02-26 14:53:31 [restartedMain] DEBUG com.stmproject.StmProjectApplication - Running with Spring Boot v2.5.4, Spring v5.3.9
2024-02-26 14:53:31 [restartedMain] INFO  com.stmproject.StmProjectApplication - No active profile set, falling back to default profiles: default
2024-02-26 14:54:19 [main] INFO  c.s.StmProjectApplicationTests - Starting StmProjectApplicationTests using Java 11.0.18 on Dheeraj-ISS0040 with PID 3848 (started by Dheeraj in C:\Users\sudha\Downloads\stm_project-master)
2024-02-26 14:54:19 [main] DEBUG c.s.StmProjectApplicationTests - Running with Spring Boot v2.5.4, Spring v5.3.9
2024-02-26 14:54:19 [main] INFO  c.s.StmProjectApplicationTests - No active profile set, falling back to default profiles: default
2024-02-26 14:57:30 [main] INFO  c.s.StmProjectApplicationTests - Starting StmProjectApplicationTests using Java 11.0.18 on Dheeraj-ISS0040 with PID 10648 (started by Dheeraj in C:\Users\sudha\Downloads\stm_project-master)
2024-02-26 14:57:30 [main] DEBUG c.s.StmProjectApplicationTests - Running with Spring Boot v2.5.4, Spring v5.3.9
2024-02-26 14:57:30 [main] INFO  c.s.StmProjectApplicationTests - No active profile set, falling back to default profiles: default
2024-02-26 14:57:36 [main] INFO  c.s.StmProjectApplicationTests - Started StmProjectApplicationTests in 6.142 seconds (JVM running for 7.176)
2024-02-26 14:57:54 [restartedMain] INFO  com.stmproject.StmProjectApplication - Starting StmProjectApplication using Java 17.0.2 on Dheeraj-ISS0040 with PID 12152 (C:\Users\sudha\Downloads\stm_project-master\target\classes started by Dheeraj in C:\Users\sudha\Downloads\stm_project-master)
2024-02-26 14:57:55 [restartedMain] DEBUG com.stmproject.StmProjectApplication - Running with Spring Boot v2.5.4, Spring v5.3.9
2024-02-26 14:57:55 [restartedMain] INFO  com.stmproject.StmProjectApplication - No active profile set, falling back to default profiles: default
2024-02-26 14:58:00 [restartedMain] INFO  com.stmproject.StmProjectApplication - Started StmProjectApplication in 5.37 seconds (JVM running for 5.985)
2024-02-26 15:00:30 [http-nio-8080-exec-6] INFO  c.s.controller.LoginController - Received ssoid in login: admin101
2024-02-26 15:00:30 [http-nio-8080-exec-6] INFO  c.s.controller.LoginController - Admin login successful: admin101
2024-02-26 15:00:30 [http-nio-8080-exec-6] INFO  c.s.controller.LoginController - Redirecting to: redirect:/AdminDashBoard?ssoid=admin101
2024-02-26 15:01:32 [http-nio-8080-exec-8] DEBUG c.s.controller.SearchController - 19 records found.
2024-02-26 15:02:44 [http-nio-8080-exec-7] INFO  c.s.controller.LoginController - Received ssoid in login: admin101
2024-02-26 15:02:44 [http-nio-8080-exec-7] INFO  c.s.controller.LoginController - Admin login successful: admin101
2024-02-26 15:02:44 [http-nio-8080-exec-7] INFO  c.s.controller.LoginController - Redirecting to: redirect:/AdminDashBoard?ssoid=admin101
2024-02-26 15:05:55 [http-nio-8080-exec-3] INFO  c.s.controller.LoginController - Received ssoid in login: admin101
2024-02-26 15:05:55 [http-nio-8080-exec-3] INFO  c.s.controller.LoginController - Admin login successful: admin101
2024-02-26 15:05:55 [http-nio-8080-exec-3] INFO  c.s.controller.LoginController - Redirecting to: redirect:/AdminDashBoard?ssoid=admin101
2024-02-26 15:06:02 [http-nio-8080-exec-10] INFO  c.s.controller.LoginController - Received ssoid in login: admin101
2024-02-26 15:06:02 [http-nio-8080-exec-10] INFO  c.s.controller.LoginController - Admin login successful: admin101
2024-02-26 15:06:02 [http-nio-8080-exec-10] INFO  c.s.controller.LoginController - Redirecting to: redirect:/AdminDashBoard?ssoid=admin101
2024-02-26 16:16:35 [restartedMain] INFO  com.stmproject.StmProjectApplication - Starting StmProjectApplication using Java 17.0.2 on Dheeraj-ISS0040 with PID 24708 (C:\Users\sudha\Downloads\stm_project-master\target\classes started by Dheeraj in C:\Users\sudha\Downloads\stm_project-master)
2024-02-26 16:16:35 [restartedMain] DEBUG com.stmproject.StmProjectApplication - Running with Spring Boot v2.5.4, Spring v5.3.9
2024-02-26 16:16:35 [restartedMain] INFO  com.stmproject.StmProjectApplication - No active profile set, falling back to default profiles: default
2024-02-26 16:16:41 [restartedMain] INFO  com.stmproject.StmProjectApplication - Started StmProjectApplication in 6.076 seconds (JVM running for 6.652)
2024-02-26 16:17:36 [restartedMain] INFO  com.stmproject.StmProjectApplication - Starting StmProjectApplication using Java 17.0.2 on Dheeraj-ISS0040 with PID 7384 (C:\Users\sudha\Downloads\stm_project-master\target\classes started by Dheeraj in C:\Users\sudha\Downloads\stm_project-master)
2024-02-26 16:17:36 [restartedMain] DEBUG com.stmproject.StmProjectApplication - Running with Spring Boot v2.5.4, Spring v5.3.9
2024-02-26 16:17:36 [restartedMain] INFO  com.stmproject.StmProjectApplication - No active profile set, falling back to default profiles: default
2024-02-26 16:17:41 [restartedMain] INFO  com.stmproject.StmProjectApplication - Started StmProjectApplication in 5.395 seconds (JVM running for 5.978)
2024-02-26 16:19:42 [restartedMain] INFO  com.stmproject.StmProjectApplication - Starting StmProjectApplication using Java 17.0.2 on Dheeraj-ISS0040 with PID 24536 (C:\Users\sudha\Downloads\stm_project-master\target\classes started by Dheeraj in C:\Users\sudha\Downloads\stm_project-master)
2024-02-26 16:19:42 [restartedMain] DEBUG com.stmproject.StmProjectApplication - Running with Spring Boot v2.5.4, Spring v5.3.9
2024-02-26 16:19:42 [restartedMain] INFO  com.stmproject.StmProjectApplication - No active profile set, falling back to default profiles: default
2024-02-26 16:19:47 [restartedMain] INFO  com.stmproject.StmProjectApplication - Started StmProjectApplication in 5.225 seconds (JVM running for 5.885)
2024-02-26 16:20:34 [restartedMain] INFO  com.stmproject.StmProjectApplication - Starting StmProjectApplication using Java 17.0.2 on Dheeraj-ISS0040 with PID 21092 (C:\Users\sudha\Downloads\stm_project-master\target\classes started by Dheeraj in C:\Users\sudha\Downloads\stm_project-master)
2024-02-26 16:20:34 [restartedMain] DEBUG com.stmproject.StmProjectApplication - Running with Spring Boot v2.5.4, Spring v5.3.9
2024-02-26 16:20:34 [restartedMain] INFO  com.stmproject.StmProjectApplication - No active profile set, falling back to default profiles: default
2024-02-26 16:20:38 [restartedMain] INFO  com.stmproject.StmProjectApplication - Started StmProjectApplication in 5.222 seconds (JVM running for 5.809)
2024-02-26 16:21:53 [restartedMain] INFO  com.stmproject.StmProjectApplication - Starting StmProjectApplication using Java 17.0.2 on Dheeraj-ISS0040 with PID 24308 (C:\Users\sudha\Downloads\stm_project-master\target\classes started by Dheeraj in C:\Users\sudha\Downloads\stm_project-master)
2024-02-26 16:21:53 [restartedMain] DEBUG com.stmproject.StmProjectApplication - Running with Spring Boot v2.5.4, Spring v5.3.9
2024-02-26 16:21:53 [restartedMain] INFO  com.stmproject.StmProjectApplication - No active profile set, falling back to default profiles: default
2024-02-26 16:21:58 [restartedMain] INFO  com.stmproject.StmProjectApplication - Started StmProjectApplication in 5.33 seconds (JVM running for 5.998)
2024-02-26 16:22:36 [restartedMain] INFO  com.stmproject.StmProjectApplication - Starting StmProjectApplication using Java 17.0.2 on Dheeraj-ISS0040 with PID 22256 (C:\Users\sudha\Downloads\stm_project-master\target\classes started by Dheeraj in C:\Users\sudha\Downloads\stm_project-master)
2024-02-26 16:22:36 [restartedMain] DEBUG com.stmproject.StmProjectApplication - Running with Spring Boot v2.5.4, Spring v5.3.9
2024-02-26 16:22:36 [restartedMain] INFO  com.stmproject.StmProjectApplication - No active profile set, falling back to default profiles: default
2024-02-26 16:22:41 [restartedMain] INFO  com.stmproject.StmProjectApplication - Started StmProjectApplication in 5.361 seconds (JVM running for 5.924)
2024-02-26 16:23:31 [restartedMain] INFO  com.stmproject.StmProjectApplication - Starting StmProjectApplication using Java 17.0.2 on Dheeraj-ISS0040 with PID 924 (C:\Users\sudha\Downloads\stm_project-master\target\classes started by Dheeraj in C:\Users\sudha\Downloads\stm_project-master)
2024-02-26 16:23:31 [restartedMain] DEBUG com.stmproject.StmProjectApplication - Running with Spring Boot v2.5.4, Spring v5.3.9
2024-02-26 16:23:31 [restartedMain] INFO  com.stmproject.StmProjectApplication - No active profile set, falling back to default profiles: default
2024-02-26 16:23:36 [restartedMain] INFO  com.stmproject.StmProjectApplication - Started StmProjectApplication in 5.067 seconds (JVM running for 5.66)
2024-02-26 16:23:55 [restartedMain] INFO  com.stmproject.StmProjectApplication - Starting StmProjectApplication using Java 17.0.2 on Dheeraj-ISS0040 with PID 23732 (C:\Users\sudha\Downloads\stm_project-master\target\classes started by Dheeraj in C:\Users\sudha\Downloads\stm_project-master)
2024-02-26 16:23:55 [restartedMain] DEBUG com.stmproject.StmProjectApplication - Running with Spring Boot v2.5.4, Spring v5.3.9
2024-02-26 16:23:55 [restartedMain] INFO  com.stmproject.StmProjectApplication - No active profile set, falling back to default profiles: default
2024-02-26 16:24:01 [restartedMain] INFO  com.stmproject.StmProjectApplication - Started StmProjectApplication in 5.674 seconds (JVM running for 6.292)
2024-02-26 16:24:25 [restartedMain] INFO  com.stmproject.StmProjectApplication - Starting StmProjectApplication using Java 17.0.2 on Dheeraj-ISS0040 with PID 12196 (C:\Users\sudha\Downloads\stm_project-master\target\classes started by Dheeraj in C:\Users\sudha\Downloads\stm_project-master)
2024-02-26 16:24:25 [restartedMain] DEBUG com.stmproject.StmProjectApplication - Running with Spring Boot v2.5.4, Spring v5.3.9
2024-02-26 16:24:25 [restartedMain] INFO  com.stmproject.StmProjectApplication - No active profile set, falling back to default profiles: default
2024-02-26 16:24:30 [restartedMain] INFO  com.stmproject.StmProjectApplication - Started StmProjectApplication in 5.108 seconds (JVM running for 5.683)
2024-02-26 16:28:18 [restartedMain] INFO  com.stmproject.StmProjectApplication - Starting StmProjectApplication using Java 17.0.2 on Dheeraj-ISS0040 with PID 22792 (C:\Users\sudha\Downloads\stm_project-master\target\classes started by Dheeraj in C:\Users\sudha\Downloads\stm_project-master)
2024-02-26 16:28:18 [restartedMain] DEBUG com.stmproject.StmProjectApplication - Running with Spring Boot v2.5.4, Spring v5.3.9
2024-02-26 16:28:18 [restartedMain] INFO  com.stmproject.StmProjectApplication - No active profile set, falling back to default profiles: default
2024-02-26 16:28:23 [restartedMain] INFO  com.stmproject.StmProjectApplication - Started StmProjectApplication in 5.126 seconds (JVM running for 5.748)
2024-02-26 16:31:50 [restartedMain] INFO  com.stmproject.StmProjectApplication - Starting StmProjectApplication using Java 17.0.2 on Dheeraj-ISS0040 with PID 5292 (C:\Users\sudha\Downloads\stm_project-master\target\classes started by Dheeraj in C:\Users\sudha\Downloads\stm_project-master)
2024-02-26 16:31:50 [restartedMain] DEBUG com.stmproject.StmProjectApplication - Running with Spring Boot v2.5.4, Spring v5.3.9
2024-02-26 16:31:50 [restartedMain] INFO  com.stmproject.StmProjectApplication - No active profile set, falling back to default profiles: default
2024-02-26 16:31:55 [restartedMain] INFO  com.stmproject.StmProjectApplication - Started StmProjectApplication in 5.655 seconds (JVM running for 6.335)
2024-02-26 16:32:07 [restartedMain] INFO  com.stmproject.StmProjectApplication - Starting StmProjectApplication using Java 17.0.2 on Dheeraj-ISS0040 with PID 10108 (C:\Users\sudha\Downloads\stm_project-master\target\classes started by Dheeraj in C:\Users\sudha\Downloads\stm_project-master)
2024-02-26 16:32:07 [restartedMain] DEBUG com.stmproject.StmProjectApplication - Running with Spring Boot v2.5.4, Spring v5.3.9
2024-02-26 16:32:07 [restartedMain] INFO  com.stmproject.StmProjectApplication - No active profile set, falling back to default profiles: default
2024-02-26 16:32:13 [restartedMain] INFO  com.stmproject.StmProjectApplication - Started StmProjectApplication in 5.402 seconds (JVM running for 5.979)
2024-02-26 16:32:37 [restartedMain] INFO  com.stmproject.StmProjectApplication - Starting StmProjectApplication using Java 17.0.2 on Dheeraj-ISS0040 with PID 23448 (C:\Users\sudha\Downloads\stm_project-master\target\classes started by Dheeraj in C:\Users\sudha\Downloads\stm_project-master)
2024-02-26 16:32:37 [restartedMain] DEBUG com.stmproject.StmProjectApplication - Running with Spring Boot v2.5.4, Spring v5.3.9
2024-02-26 16:32:37 [restartedMain] INFO  com.stmproject.StmProjectApplication - No active profile set, falling back to default profiles: default
2024-02-26 16:32:43 [restartedMain] INFO  com.stmproject.StmProjectApplication - Started StmProjectApplication in 6.541 seconds (JVM running for 7.183)
2024-02-26 16:33:37 [http-nio-8080-exec-3] INFO  c.s.controller.LoginController - Received ssoid in login: dwdwdwdwd
2024-02-26 16:33:37 [http-nio-8080-exec-3] WARN  c.s.controller.LoginController - Login failed for ssoid: dwdwdwdwd
2024-02-26 16:33:41 [http-nio-8080-exec-2] INFO  c.s.controller.LoginController - Received ssoid in login: dwdwdwdwdw
2024-02-26 16:33:41 [http-nio-8080-exec-2] WARN  c.s.controller.LoginController - Login failed for ssoid: dwdwdwdwdw
2024-02-26 16:35:01 [restartedMain] INFO  com.stmproject.StmProjectApplication - Starting StmProjectApplication using Java 17.0.2 on Dheeraj-ISS0040 with PID 25536 (C:\Users\sudha\Downloads\stm_project-master\target\classes started by Dheeraj in C:\Users\sudha\Downloads\stm_project-master)
2024-02-26 16:35:01 [restartedMain] DEBUG com.stmproject.StmProjectApplication - Running with Spring Boot v2.5.4, Spring v5.3.9
2024-02-26 16:35:01 [restartedMain] INFO  com.stmproject.StmProjectApplication - No active profile set, falling back to default profiles: default
2024-02-26 16:35:08 [restartedMain] INFO  com.stmproject.StmProjectApplication - Started StmProjectApplication in 6.995 seconds (JVM running for 7.681)
2024-02-26 16:35:08 [http-nio-8080-exec-1] INFO  c.s.controller.LoginController - Received ssoid in login: dwdwdwdwdw
2024-02-26 16:35:08 [http-nio-8080-exec-1] WARN  c.s.controller.LoginController - Login failed for ssoid: dwdwdwdwdw
2024-02-26 16:35:59 [restartedMain] INFO  com.stmproject.StmProjectApplication - Starting StmProjectApplication using Java 17.0.2 on Dheeraj-ISS0040 with PID 1192 (C:\Users\sudha\Downloads\stm_project-master\target\classes started by Dheeraj in C:\Users\sudha\Downloads\stm_project-master)
2024-02-26 16:35:59 [restartedMain] DEBUG com.stmproject.StmProjectApplication - Running with Spring Boot v2.5.4, Spring v5.3.9
2024-02-26 16:35:59 [restartedMain] INFO  com.stmproject.StmProjectApplication - No active profile set, falling back to default profiles: default
2024-02-26 16:36:04 [restartedMain] INFO  com.stmproject.StmProjectApplication - Started StmProjectApplication in 5.498 seconds (JVM running for 6.054)
2024-02-26 16:38:12 [restartedMain] INFO  com.stmproject.StmProjectApplication - Starting StmProjectApplication using Java 17.0.2 on Dheeraj-ISS0040 with PID 21228 (C:\Users\sudha\Downloads\stm_project-master\target\classes started by Dheeraj in C:\Users\sudha\Downloads\stm_project-master)
2024-02-26 16:38:12 [restartedMain] DEBUG com.stmproject.StmProjectApplication - Running with Spring Boot v2.5.4, Spring v5.3.9
2024-02-26 16:38:12 [restartedMain] INFO  com.stmproject.StmProjectApplication - No active profile set, falling back to default profiles: default
2024-02-26 16:38:17 [restartedMain] INFO  com.stmproject.StmProjectApplication - Started StmProjectApplication in 5.421 seconds (JVM running for 6.013)
2024-02-26 16:41:09 [restartedMain] INFO  com.stmproject.StmProjectApplication - Starting StmProjectApplication using Java 17.0.2 on Dheeraj-ISS0040 with PID 25480 (C:\Users\sudha\Downloads\stm_project-master\target\classes started by Dheeraj in C:\Users\sudha\Downloads\stm_project-master)
2024-02-26 16:41:09 [restartedMain] DEBUG com.stmproject.StmProjectApplication - Running with Spring Boot v2.5.4, Spring v5.3.9
2024-02-26 16:41:09 [restartedMain] INFO  com.stmproject.StmProjectApplication - No active profile set, falling back to default profiles: default
2024-02-26 16:41:15 [restartedMain] INFO  com.stmproject.StmProjectApplication - Started StmProjectApplication in 6.096 seconds (JVM running for 6.667)
2024-02-26 16:41:52 [restartedMain] INFO  com.stmproject.StmProjectApplication - Starting StmProjectApplication using Java 17.0.2 on Dheeraj-ISS0040 with PID 25572 (C:\Users\sudha\Downloads\stm_project-master\target\classes started by Dheeraj in C:\Users\sudha\Downloads\stm_project-master)
2024-02-26 16:41:52 [restartedMain] DEBUG com.stmproject.StmProjectApplication - Running with Spring Boot v2.5.4, Spring v5.3.9
2024-02-26 16:41:52 [restartedMain] INFO  com.stmproject.StmProjectApplication - No active profile set, falling back to default profiles: default
2024-02-26 16:41:57 [restartedMain] INFO  com.stmproject.StmProjectApplication - Started StmProjectApplication in 5.129 seconds (JVM running for 5.71)
2024-02-26 16:58:02 [http-nio-8080-exec-1] INFO  c.s.controller.LoginController - Received ssoid in login: dwdwdwdwd
2024-02-26 16:58:02 [http-nio-8080-exec-1] WARN  c.s.controller.LoginController - Login failed for ssoid: dwdwdwdwd
2024-02-26 16:58:05 [http-nio-8080-exec-1] INFO  c.s.controller.LoginController - Received ssoid in login: dwdwdwdwd
2024-02-26 16:58:05 [http-nio-8080-exec-1] WARN  c.s.controller.LoginController - Login failed for ssoid: dwdwdwdwd
2024-02-26 16:59:42 [restartedMain] INFO  com.stmproject.StmProjectApplication - Starting StmProjectApplication using Java 17.0.2 on Dheeraj-ISS0040 with PID 20452 (C:\Users\sudha\Downloads\stm_project-master\target\classes started by Dheeraj in C:\Users\sudha\Downloads\stm_project-master)
2024-02-26 16:59:42 [restartedMain] DEBUG com.stmproject.StmProjectApplication - Running with Spring Boot v2.5.4, Spring v5.3.9
2024-02-26 16:59:42 [restartedMain] INFO  com.stmproject.StmProjectApplication - No active profile set, falling back to default profiles: default
2024-02-26 16:59:47 [restartedMain] INFO  com.stmproject.StmProjectApplication - Started StmProjectApplication in 5.248 seconds (JVM running for 5.845)
2024-02-26 16:59:59 [http-nio-8080-exec-1] INFO  c.s.controller.LoginController - Received ssoid in login: dwdwdwdwd
2024-02-26 16:59:59 [http-nio-8080-exec-1] WARN  c.s.controller.LoginController - Login failed for ssoid: dwdwdwdwd
2024-02-26 17:04:46 [restartedMain] INFO  com.stmproject.StmProjectApplication - Starting StmProjectApplication using Java 17.0.2 on Dheeraj-ISS0040 with PID 20156 (C:\Users\sudha\Downloads\stm_project-master\target\classes started by Dheeraj in C:\Users\sudha\Downloads\stm_project-master)
2024-02-26 17:04:46 [restartedMain] DEBUG com.stmproject.StmProjectApplication - Running with Spring Boot v2.5.4, Spring v5.3.9
2024-02-26 17:04:46 [restartedMain] INFO  com.stmproject.StmProjectApplication - No active profile set, falling back to default profiles: default
2024-02-26 17:04:51 [restartedMain] INFO  com.stmproject.StmProjectApplication - Started StmProjectApplication in 5.487 seconds (JVM running for 6.071)
2024-02-26 17:04:52 [http-nio-8080-exec-1] INFO  c.s.controller.LoginController - Received ssoid in login: dwdwdwdwd
2024-02-26 17:04:52 [http-nio-8080-exec-1] WARN  c.s.controller.LoginController - Login failed for ssoid: dwdwdwdwd
2024-02-26 17:05:27 [restartedMain] INFO  com.stmproject.StmProjectApplication - Starting StmProjectApplication using Java 17.0.2 on Dheeraj-ISS0040 with PID 8980 (C:\Users\sudha\Downloads\stm_project-master\target\classes started by Dheeraj in C:\Users\sudha\Downloads\stm_project-master)
2024-02-26 17:05:27 [restartedMain] DEBUG com.stmproject.StmProjectApplication - Running with Spring Boot v2.5.4, Spring v5.3.9
2024-02-26 17:05:27 [restartedMain] INFO  com.stmproject.StmProjectApplication - No active profile set, falling back to default profiles: default
2024-02-26 17:05:32 [restartedMain] INFO  com.stmproject.StmProjectApplication - Started StmProjectApplication in 5.5 seconds (JVM running for 6.065)
2024-02-26 17:05:36 [http-nio-8080-exec-1] INFO  c.s.controller.LoginController - Received ssoid in login: dwdwdwdwd
2024-02-26 17:05:36 [http-nio-8080-exec-1] WARN  c.s.controller.LoginController - Login failed for ssoid: dwdwdwdwd
2024-02-26 17:08:20 [restartedMain] INFO  com.stmproject.StmProjectApplication - Starting StmProjectApplication using Java 17.0.2 on Dheeraj-ISS0040 with PID 22224 (C:\Users\sudha\Downloads\stm_project-master\target\classes started by Dheeraj in C:\Users\sudha\Downloads\stm_project-master)
2024-02-26 17:08:20 [restartedMain] DEBUG com.stmproject.StmProjectApplication - Running with Spring Boot v2.5.4, Spring v5.3.9
2024-02-26 17:08:20 [restartedMain] INFO  com.stmproject.StmProjectApplication - No active profile set, falling back to default profiles: default
2024-02-26 17:08:25 [restartedMain] INFO  com.stmproject.StmProjectApplication - Started StmProjectApplication in 5.67 seconds (JVM running for 6.285)
2024-02-26 17:08:25 [http-nio-8080-exec-1] INFO  c.s.controller.LoginController - Received ssoid in login: dwdwdwdwd
2024-02-26 17:08:25 [http-nio-8080-exec-1] WARN  c.s.controller.LoginController - Login failed for ssoid: dwdwdwdwd
2024-02-26 17:09:18 [restartedMain] INFO  com.stmproject.StmProjectApplication - Starting StmProjectApplication using Java 17.0.2 on Dheeraj-ISS0040 with PID 3824 (C:\Users\sudha\Downloads\stm_project-master\target\classes started by Dheeraj in C:\Users\sudha\Downloads\stm_project-master)
2024-02-26 17:09:18 [restartedMain] DEBUG com.stmproject.StmProjectApplication - Running with Spring Boot v2.5.4, Spring v5.3.9
2024-02-26 17:09:18 [restartedMain] INFO  com.stmproject.StmProjectApplication - No active profile set, falling back to default profiles: default
2024-02-26 17:09:23 [restartedMain] INFO  com.stmproject.StmProjectApplication - Started StmProjectApplication in 5.32 seconds (JVM running for 5.889)
2024-02-26 17:09:37 [http-nio-8080-exec-1] INFO  c.s.controller.LoginController - Received ssoid in login: dwdwdwdwd
2024-02-26 17:09:37 [http-nio-8080-exec-1] WARN  c.s.controller.LoginController - Login failed for ssoid: dwdwdwdwd
2024-02-26 17:10:36 [restartedMain] INFO  com.stmproject.StmProjectApplication - Starting StmProjectApplication using Java 17.0.2 on Dheeraj-ISS0040 with PID 22496 (C:\Users\sudha\Downloads\stm_project-master\target\classes started by Dheeraj in C:\Users\sudha\Downloads\stm_project-master)
2024-02-26 17:10:36 [restartedMain] DEBUG com.stmproject.StmProjectApplication - Running with Spring Boot v2.5.4, Spring v5.3.9
2024-02-26 17:10:36 [restartedMain] INFO  com.stmproject.StmProjectApplication - No active profile set, falling back to default profiles: default
2024-02-26 17:10:41 [restartedMain] INFO  com.stmproject.StmProjectApplication - Started StmProjectApplication in 5.623 seconds (JVM running for 6.241)
2024-02-26 17:10:45 [http-nio-8080-exec-1] INFO  c.s.controller.LoginController - Received ssoid in login: dwdwdwdwd
2024-02-26 17:10:45 [http-nio-8080-exec-1] WARN  c.s.controller.LoginController - Login failed for ssoid: dwdwdwdwd
2024-02-26 17:10:55 [restartedMain] INFO  com.stmproject.StmProjectApplication - Starting StmProjectApplication using Java 17.0.2 on Dheeraj-ISS0040 with PID 24768 (C:\Users\sudha\Downloads\stm_project-master\target\classes started by Dheeraj in C:\Users\sudha\Downloads\stm_project-master)
2024-02-26 17:10:55 [restartedMain] DEBUG com.stmproject.StmProjectApplication - Running with Spring Boot v2.5.4, Spring v5.3.9
2024-02-26 17:10:55 [restartedMain] INFO  com.stmproject.StmProjectApplication - No active profile set, falling back to default profiles: default
2024-02-26 17:11:00 [restartedMain] INFO  com.stmproject.StmProjectApplication - Started StmProjectApplication in 4.762 seconds (JVM running for 5.338)
2024-02-26 17:11:14 [http-nio-8080-exec-1] INFO  c.s.controller.LoginController - Received ssoid in login: dwdwdwdwd
2024-02-26 17:11:14 [http-nio-8080-exec-1] WARN  c.s.controller.LoginController - Login failed for ssoid: dwdwdwdwd
2024-02-26 17:12:09 [restartedMain] INFO  com.stmproject.StmProjectApplication - Starting StmProjectApplication using Java 17.0.2 on Dheeraj-ISS0040 with PID 19792 (C:\Users\sudha\Downloads\stm_project-master\target\classes started by Dheeraj in C:\Users\sudha\Downloads\stm_project-master)
2024-02-26 17:12:09 [restartedMain] DEBUG com.stmproject.StmProjectApplication - Running with Spring Boot v2.5.4, Spring v5.3.9
2024-02-26 17:12:09 [restartedMain] INFO  com.stmproject.StmProjectApplication - No active profile set, falling back to default profiles: default
2024-02-26 17:12:14 [restartedMain] INFO  com.stmproject.StmProjectApplication - Started StmProjectApplication in 5.845 seconds (JVM running for 6.439)
2024-02-26 17:12:16 [http-nio-8080-exec-1] INFO  c.s.controller.LoginController - Received ssoid in login: dwdwdwdwd
2024-02-26 17:12:16 [http-nio-8080-exec-1] WARN  c.s.controller.LoginController - Login failed for ssoid: dwdwdwdwd
2024-02-26 17:12:40 [restartedMain] INFO  com.stmproject.StmProjectApplication - Starting StmProjectApplication using Java 17.0.2 on Dheeraj-ISS0040 with PID 17696 (C:\Users\sudha\Downloads\stm_project-master\target\classes started by Dheeraj in C:\Users\sudha\Downloads\stm_project-master)
2024-02-26 17:12:40 [restartedMain] DEBUG com.stmproject.StmProjectApplication - Running with Spring Boot v2.5.4, Spring v5.3.9
2024-02-26 17:12:40 [restartedMain] INFO  com.stmproject.StmProjectApplication - No active profile set, falling back to default profiles: default
2024-02-26 17:12:45 [restartedMain] INFO  com.stmproject.StmProjectApplication - Started StmProjectApplication in 5.703 seconds (JVM running for 6.273)
2024-02-26 17:13:09 [http-nio-8080-exec-1] INFO  c.s.controller.LoginController - Received ssoid in login: dwdwdwdwd
2024-02-26 17:13:09 [http-nio-8080-exec-1] WARN  c.s.controller.LoginController - Login failed for ssoid: dwdwdwdwd
2024-02-26 17:13:49 [restartedMain] INFO  com.stmproject.StmProjectApplication - Starting StmProjectApplication using Java 17.0.2 on Dheeraj-ISS0040 with PID 24028 (C:\Users\sudha\Downloads\stm_project-master\target\classes started by Dheeraj in C:\Users\sudha\Downloads\stm_project-master)
2024-02-26 17:13:49 [restartedMain] DEBUG com.stmproject.StmProjectApplication - Running with Spring Boot v2.5.4, Spring v5.3.9
2024-02-26 17:13:49 [restartedMain] INFO  com.stmproject.StmProjectApplication - No active profile set, falling back to default profiles: default
2024-02-26 17:13:54 [restartedMain] INFO  com.stmproject.StmProjectApplication - Started StmProjectApplication in 6.075 seconds (JVM running for 6.659)
2024-02-26 17:13:55 [http-nio-8080-exec-1] INFO  c.s.controller.LoginController - Received ssoid in login: dwdwdwdwd
2024-02-26 17:13:55 [http-nio-8080-exec-1] WARN  c.s.controller.LoginController - Login failed for ssoid: dwdwdwdwd
2024-02-26 17:14:33 [restartedMain] INFO  com.stmproject.StmProjectApplication - Starting StmProjectApplication using Java 17.0.2 on Dheeraj-ISS0040 with PID 19772 (C:\Users\sudha\Downloads\stm_project-master\target\classes started by Dheeraj in C:\Users\sudha\Downloads\stm_project-master)
2024-02-26 17:14:33 [restartedMain] DEBUG com.stmproject.StmProjectApplication - Running with Spring Boot v2.5.4, Spring v5.3.9
2024-02-26 17:14:33 [restartedMain] INFO  com.stmproject.StmProjectApplication - No active profile set, falling back to default profiles: default
2024-02-26 17:14:38 [restartedMain] INFO  com.stmproject.StmProjectApplication - Started StmProjectApplication in 5.643 seconds (JVM running for 6.258)
2024-02-26 17:14:41 [http-nio-8080-exec-1] INFO  c.s.controller.LoginController - Received ssoid in login: dwdwdwdwd
2024-02-26 17:14:41 [http-nio-8080-exec-1] WARN  c.s.controller.LoginController - Login failed for ssoid: dwdwdwdwd
2024-02-26 17:16:13 [restartedMain] INFO  com.stmproject.StmProjectApplication - Starting StmProjectApplication using Java 17.0.2 on Dheeraj-ISS0040 with PID 5972 (C:\Users\sudha\Downloads\stm_project-master\target\classes started by Dheeraj in C:\Users\sudha\Downloads\stm_project-master)
2024-02-26 17:16:13 [restartedMain] DEBUG com.stmproject.StmProjectApplication - Running with Spring Boot v2.5.4, Spring v5.3.9
2024-02-26 17:16:13 [restartedMain] INFO  com.stmproject.StmProjectApplication - No active profile set, falling back to default profiles: default
2024-02-26 17:16:18 [restartedMain] INFO  com.stmproject.StmProjectApplication - Started StmProjectApplication in 5.657 seconds (JVM running for 6.23)
2024-02-26 17:16:18 [http-nio-8080-exec-1] INFO  c.s.controller.LoginController - Received ssoid in login: dwdwdwdwd
2024-02-26 17:16:18 [http-nio-8080-exec-1] WARN  c.s.controller.LoginController - Login failed for ssoid: dwdwdwdwd
2024-02-26 17:17:45 [restartedMain] INFO  com.stmproject.StmProjectApplication - Starting StmProjectApplication using Java 17.0.2 on Dheeraj-ISS0040 with PID 21156 (C:\Users\sudha\Downloads\stm_project-master\target\classes started by Dheeraj in C:\Users\sudha\Downloads\stm_project-master)
2024-02-26 17:17:45 [restartedMain] DEBUG com.stmproject.StmProjectApplication - Running with Spring Boot v2.5.4, Spring v5.3.9
2024-02-26 17:17:45 [restartedMain] INFO  com.stmproject.StmProjectApplication - No active profile set, falling back to default profiles: default
2024-02-26 17:17:50 [restartedMain] INFO  com.stmproject.StmProjectApplication - Started StmProjectApplication in 5.63 seconds (JVM running for 6.213)
2024-02-26 17:18:28 [http-nio-8080-exec-1] INFO  c.s.controller.LoginController - Received ssoid in login: dwdwdwdwd
2024-02-26 17:18:28 [http-nio-8080-exec-1] WARN  c.s.controller.LoginController - Login failed for ssoid: dwdwdwdwd
2024-02-26 17:19:19 [restartedMain] INFO  com.stmproject.StmProjectApplication - Starting StmProjectApplication using Java 17.0.2 on Dheeraj-ISS0040 with PID 22960 (C:\Users\sudha\Downloads\stm_project-master\target\classes started by Dheeraj in C:\Users\sudha\Downloads\stm_project-master)
2024-02-26 17:19:19 [restartedMain] DEBUG com.stmproject.StmProjectApplication - Running with Spring Boot v2.5.4, Spring v5.3.9
2024-02-26 17:19:19 [restartedMain] INFO  com.stmproject.StmProjectApplication - No active profile set, falling back to default profiles: default
2024-02-26 17:19:25 [restartedMain] INFO  com.stmproject.StmProjectApplication - Started StmProjectApplication in 5.93 seconds (JVM running for 6.552)
2024-02-26 17:19:35 [http-nio-8080-exec-1] INFO  c.s.controller.LoginController - Received ssoid in login: dwdwdwdwd
2024-02-26 17:19:35 [http-nio-8080-exec-1] WARN  c.s.controller.LoginController - Login failed for ssoid: dwdwdwdwd
2024-02-26 17:19:46 [restartedMain] INFO  com.stmproject.StmProjectApplication - Starting StmProjectApplication using Java 17.0.2 on Dheeraj-ISS0040 with PID 8980 (C:\Users\sudha\Downloads\stm_project-master\target\classes started by Dheeraj in C:\Users\sudha\Downloads\stm_project-master)
2024-02-26 17:19:46 [restartedMain] DEBUG com.stmproject.StmProjectApplication - Running with Spring Boot v2.5.4, Spring v5.3.9
2024-02-26 17:19:46 [restartedMain] INFO  com.stmproject.StmProjectApplication - No active profile set, falling back to default profiles: default
2024-02-26 17:19:51 [restartedMain] INFO  com.stmproject.StmProjectApplication - Started StmProjectApplication in 5.291 seconds (JVM running for 5.882)
2024-02-26 17:19:51 [http-nio-8080-exec-1] INFO  c.s.controller.LoginController - Received ssoid in login: dwdwdwdwd
2024-02-26 17:19:51 [http-nio-8080-exec-1] WARN  c.s.controller.LoginController - Login failed for ssoid: dwdwdwdwd
2024-02-26 17:20:01 [restartedMain] INFO  com.stmproject.StmProjectApplication - Starting StmProjectApplication using Java 17.0.2 on Dheeraj-ISS0040 with PID 17716 (C:\Users\sudha\Downloads\stm_project-master\target\classes started by Dheeraj in C:\Users\sudha\Downloads\stm_project-master)
2024-02-26 17:20:01 [restartedMain] DEBUG com.stmproject.StmProjectApplication - Running with Spring Boot v2.5.4, Spring v5.3.9
2024-02-26 17:20:01 [restartedMain] INFO  com.stmproject.StmProjectApplication - No active profile set, falling back to default profiles: default
2024-02-26 17:20:06 [restartedMain] INFO  com.stmproject.StmProjectApplication - Started StmProjectApplication in 5.658 seconds (JVM running for 6.278)
2024-02-26 17:20:07 [http-nio-8080-exec-1] INFO  c.s.controller.LoginController - Received ssoid in login: dwdwdwdwd
2024-02-26 17:20:07 [http-nio-8080-exec-1] WARN  c.s.controller.LoginController - Login failed for ssoid: dwdwdwdwd
2024-02-26 17:20:34 [restartedMain] INFO  com.stmproject.StmProjectApplication - Starting StmProjectApplication using Java 17.0.2 on Dheeraj-ISS0040 with PID 2444 (C:\Users\sudha\Downloads\stm_project-master\target\classes started by Dheeraj in C:\Users\sudha\Downloads\stm_project-master)
2024-02-26 17:20:34 [restartedMain] DEBUG com.stmproject.StmProjectApplication - Running with Spring Boot v2.5.4, Spring v5.3.9
2024-02-26 17:20:34 [restartedMain] INFO  com.stmproject.StmProjectApplication - No active profile set, falling back to default profiles: default
2024-02-26 17:20:40 [restartedMain] INFO  com.stmproject.StmProjectApplication - Started StmProjectApplication in 5.641 seconds (JVM running for 6.232)
2024-02-26 17:20:42 [http-nio-8080-exec-1] INFO  c.s.controller.LoginController - Received ssoid in login: dwdwdwdwd
2024-02-26 17:20:42 [http-nio-8080-exec-1] WARN  c.s.controller.LoginController - Login failed for ssoid: dwdwdwdwd
2024-02-26 17:20:53 [restartedMain] INFO  com.stmproject.StmProjectApplication - Starting StmProjectApplication using Java 17.0.2 on Dheeraj-ISS0040 with PID 24788 (C:\Users\sudha\Downloads\stm_project-master\target\classes started by Dheeraj in C:\Users\sudha\Downloads\stm_project-master)
2024-02-26 17:20:53 [restartedMain] DEBUG com.stmproject.StmProjectApplication - Running with Spring Boot v2.5.4, Spring v5.3.9
2024-02-26 17:20:53 [restartedMain] INFO  com.stmproject.StmProjectApplication - No active profile set, falling back to default profiles: default
2024-02-26 17:20:59 [restartedMain] INFO  com.stmproject.StmProjectApplication - Started StmProjectApplication in 6.126 seconds (JVM running for 6.743)
2024-02-26 17:21:03 [http-nio-8080-exec-1] INFO  c.s.controller.LoginController - Received ssoid in login: dwdwdwdwd
2024-02-26 17:21:03 [http-nio-8080-exec-1] WARN  c.s.controller.LoginController - Login failed for ssoid: dwdwdwdwd
2024-02-26 17:21:24 [restartedMain] INFO  com.stmproject.StmProjectApplication - Starting StmProjectApplication using Java 17.0.2 on Dheeraj-ISS0040 with PID 8044 (C:\Users\sudha\Downloads\stm_project-master\target\classes started by Dheeraj in C:\Users\sudha\Downloads\stm_project-master)
2024-02-26 17:21:24 [restartedMain] DEBUG com.stmproject.StmProjectApplication - Running with Spring Boot v2.5.4, Spring v5.3.9
2024-02-26 17:21:24 [restartedMain] INFO  com.stmproject.StmProjectApplication - No active profile set, falling back to default profiles: default
2024-02-26 17:21:29 [restartedMain] INFO  com.stmproject.StmProjectApplication - Started StmProjectApplication in 5.443 seconds (JVM running for 6.053)
2024-02-26 17:21:31 [http-nio-8080-exec-1] INFO  c.s.controller.LoginController - Received ssoid in login: dwdwdwdwd
2024-02-26 17:21:32 [http-nio-8080-exec-1] WARN  c.s.controller.LoginController - Login failed for ssoid: dwdwdwdwd
2024-02-26 17:22:46 [restartedMain] INFO  com.stmproject.StmProjectApplication - Starting StmProjectApplication using Java 17.0.2 on Dheeraj-ISS0040 with PID 21484 (C:\Users\sudha\Downloads\stm_project-master\target\classes started by Dheeraj in C:\Users\sudha\Downloads\stm_project-master)
2024-02-26 17:22:46 [restartedMain] DEBUG com.stmproject.StmProjectApplication - Running with Spring Boot v2.5.4, Spring v5.3.9
2024-02-26 17:22:46 [restartedMain] INFO  com.stmproject.StmProjectApplication - No active profile set, falling back to default profiles: default
2024-02-26 17:22:51 [restartedMain] INFO  com.stmproject.StmProjectApplication - Started StmProjectApplication in 5.664 seconds (JVM running for 6.289)
2024-02-26 17:22:51 [http-nio-8080-exec-1] INFO  c.s.controller.LoginController - Received ssoid in login: dwdwdwdwd
2024-02-26 17:22:51 [http-nio-8080-exec-1] WARN  c.s.controller.LoginController - Login failed for ssoid: dwdwdwdwd
2024-02-26 17:24:16 [restartedMain] INFO  com.stmproject.StmProjectApplication - Starting StmProjectApplication using Java 17.0.2 on Dheeraj-ISS0040 with PID 24336 (C:\Users\sudha\Downloads\stm_project-master\target\classes started by Dheeraj in C:\Users\sudha\Downloads\stm_project-master)
2024-02-26 17:24:16 [restartedMain] DEBUG com.stmproject.StmProjectApplication - Running with Spring Boot v2.5.4, Spring v5.3.9
2024-02-26 17:24:16 [restartedMain] INFO  com.stmproject.StmProjectApplication - No active profile set, falling back to default profiles: default
2024-02-26 17:24:22 [restartedMain] INFO  com.stmproject.StmProjectApplication - Started StmProjectApplication in 5.621 seconds (JVM running for 6.175)
2024-02-26 17:24:22 [http-nio-8080-exec-1] INFO  c.s.controller.LoginController - Received ssoid in login: dwdwdwdwd
2024-02-26 17:24:22 [http-nio-8080-exec-1] WARN  c.s.controller.LoginController - Login failed for ssoid: dwdwdwdwd
2024-02-26 17:26:18 [restartedMain] INFO  com.stmproject.StmProjectApplication - Starting StmProjectApplication using Java 17.0.2 on Dheeraj-ISS0040 with PID 15972 (C:\Users\sudha\Downloads\stm_project-master\target\classes started by Dheeraj in C:\Users\sudha\Downloads\stm_project-master)
2024-02-26 17:26:18 [restartedMain] DEBUG com.stmproject.StmProjectApplication - Running with Spring Boot v2.5.4, Spring v5.3.9
2024-02-26 17:26:18 [restartedMain] INFO  com.stmproject.StmProjectApplication - No active profile set, falling back to default profiles: default
2024-02-26 17:26:23 [restartedMain] INFO  com.stmproject.StmProjectApplication - Started StmProjectApplication in 5.88 seconds (JVM running for 6.471)
2024-02-26 17:26:24 [http-nio-8080-exec-1] INFO  c.s.controller.LoginController - Received ssoid in login: dwdwdwdwd
2024-02-26 17:26:24 [http-nio-8080-exec-1] WARN  c.s.controller.LoginController - Login failed for ssoid: dwdwdwdwd
2024-02-26 17:26:29 [http-nio-8080-exec-7] INFO  c.s.controller.LoginController - Received ssoid in login: dwdwdwdwd
2024-02-26 17:26:29 [http-nio-8080-exec-7] WARN  c.s.controller.LoginController - Login failed for ssoid: dwdwdwdwd
2024-02-26 17:28:17 [restartedMain] INFO  com.stmproject.StmProjectApplication - Starting StmProjectApplication using Java 17.0.2 on Dheeraj-ISS0040 with PID 17308 (C:\Users\sudha\Downloads\stm_project-master\target\classes started by Dheeraj in C:\Users\sudha\Downloads\stm_project-master)
2024-02-26 17:28:17 [restartedMain] DEBUG com.stmproject.StmProjectApplication - Running with Spring Boot v2.5.4, Spring v5.3.9
2024-02-26 17:28:17 [restartedMain] INFO  com.stmproject.StmProjectApplication - No active profile set, falling back to default profiles: default
2024-02-26 17:28:23 [restartedMain] INFO  com.stmproject.StmProjectApplication - Started StmProjectApplication in 6.046 seconds (JVM running for 6.66)
2024-02-26 17:28:23 [http-nio-8080-exec-1] INFO  c.s.controller.LoginController - Received ssoid in login: dwdwdwdwd
2024-02-26 17:28:23 [http-nio-8080-exec-1] WARN  c.s.controller.LoginController - Login failed for ssoid: dwdwdwdwd
2024-02-26 17:30:01 [restartedMain] INFO  com.stmproject.StmProjectApplication - Starting StmProjectApplication using Java 17.0.2 on Dheeraj-ISS0040 with PID 8904 (C:\Users\sudha\Downloads\stm_project-master\target\classes started by Dheeraj in C:\Users\sudha\Downloads\stm_project-master)
2024-02-26 17:30:01 [restartedMain] DEBUG com.stmproject.StmProjectApplication - Running with Spring Boot v2.5.4, Spring v5.3.9
2024-02-26 17:30:01 [restartedMain] INFO  com.stmproject.StmProjectApplication - No active profile set, falling back to default profiles: default
2024-02-26 17:30:06 [restartedMain] INFO  com.stmproject.StmProjectApplication - Started StmProjectApplication in 5.428 seconds (JVM running for 6.09)
2024-02-26 17:30:14 [http-nio-8080-exec-1] INFO  c.s.controller.LoginController - Received ssoid in login: dwdwdwdwd
2024-02-26 17:30:14 [http-nio-8080-exec-1] WARN  c.s.controller.LoginController - Login failed for ssoid: dwdwdwdwd
2024-02-26 17:30:43 [restartedMain] INFO  com.stmproject.StmProjectApplication - Starting StmProjectApplication using Java 17.0.2 on Dheeraj-ISS0040 with PID 5396 (C:\Users\sudha\Downloads\stm_project-master\target\classes started by Dheeraj in C:\Users\sudha\Downloads\stm_project-master)
2024-02-26 17:30:43 [restartedMain] DEBUG com.stmproject.StmProjectApplication - Running with Spring Boot v2.5.4, Spring v5.3.9
2024-02-26 17:30:43 [restartedMain] INFO  com.stmproject.StmProjectApplication - No active profile set, falling back to default profiles: default
2024-02-26 17:30:49 [restartedMain] INFO  com.stmproject.StmProjectApplication - Started StmProjectApplication in 5.552 seconds (JVM running for 6.179)
2024-02-26 17:30:49 [http-nio-8080-exec-1] INFO  c.s.controller.LoginController - Received ssoid in login: dwdwdwdwd
2024-02-26 17:30:49 [http-nio-8080-exec-1] WARN  c.s.controller.LoginController - Login failed for ssoid: dwdwdwdwd
2024-02-26 17:32:12 [restartedMain] INFO  com.stmproject.StmProjectApplication - Starting StmProjectApplication using Java 17.0.2 on Dheeraj-ISS0040 with PID 20724 (C:\Users\sudha\Downloads\stm_project-master\target\classes started by Dheeraj in C:\Users\sudha\Downloads\stm_project-master)
2024-02-26 17:32:12 [restartedMain] DEBUG com.stmproject.StmProjectApplication - Running with Spring Boot v2.5.4, Spring v5.3.9
2024-02-26 17:32:12 [restartedMain] INFO  com.stmproject.StmProjectApplication - No active profile set, falling back to default profiles: default
2024-02-26 17:32:17 [restartedMain] INFO  com.stmproject.StmProjectApplication - Started StmProjectApplication in 5.366 seconds (JVM running for 5.922)
2024-02-26 17:32:20 [http-nio-8080-exec-1] INFO  c.s.controller.LoginController - Received ssoid in login: dwdwdwdwd
2024-02-26 17:32:20 [http-nio-8080-exec-1] WARN  c.s.controller.LoginController - Login failed for ssoid: dwdwdwdwd
2024-02-26 17:33:05 [http-nio-8080-exec-1] INFO  c.s.controller.LoginController - Received ssoid in login: admin101
2024-02-26 17:33:05 [http-nio-8080-exec-1] INFO  c.s.controller.LoginController - Admin login successful: admin101
2024-02-26 17:33:05 [http-nio-8080-exec-1] INFO  c.s.controller.LoginController - Redirecting to: redirect:/AdminDashBoard?ssoid=admin101
2024-02-26 17:34:58 [restartedMain] INFO  com.stmproject.StmProjectApplication - Starting StmProjectApplication using Java 17.0.2 on Dheeraj-ISS0040 with PID 25352 (C:\Users\sudha\Downloads\stm_project-master\target\classes started by Dheeraj in C:\Users\sudha\Downloads\stm_project-master)
2024-02-26 17:34:58 [restartedMain] DEBUG com.stmproject.StmProjectApplication - Running with Spring Boot v2.5.4, Spring v5.3.9
2024-02-26 17:34:58 [restartedMain] INFO  com.stmproject.StmProjectApplication - No active profile set, falling back to default profiles: default
2024-02-26 17:35:03 [restartedMain] INFO  com.stmproject.StmProjectApplication - Started StmProjectApplication in 5.637 seconds (JVM running for 6.223)
2024-02-26 17:35:03 [http-nio-8080-exec-1] INFO  c.s.controller.LoginController - Received ssoid in login: dwdwdwdwd
2024-02-26 17:35:03 [http-nio-8080-exec-1] WARN  c.s.controller.LoginController - Login failed for ssoid: dwdwdwdwd
2024-02-26 17:35:10 [http-nio-8080-exec-1] INFO  c.s.controller.LoginController - Received ssoid in login: admin101
2024-02-26 17:35:10 [http-nio-8080-exec-1] WARN  c.s.controller.LoginController - Login failed for ssoid: admin101
2024-02-26 17:36:16 [restartedMain] INFO  com.stmproject.StmProjectApplication - Starting StmProjectApplication using Java 17.0.2 on Dheeraj-ISS0040 with PID 12064 (C:\Users\sudha\Downloads\stm_project-master\target\classes started by Dheeraj in C:\Users\sudha\Downloads\stm_project-master)
2024-02-26 17:36:16 [restartedMain] DEBUG com.stmproject.StmProjectApplication - Running with Spring Boot v2.5.4, Spring v5.3.9
2024-02-26 17:36:16 [restartedMain] INFO  com.stmproject.StmProjectApplication - No active profile set, falling back to default profiles: default
2024-02-26 17:36:21 [restartedMain] INFO  com.stmproject.StmProjectApplication - Started StmProjectApplication in 6.039 seconds (JVM running for 6.656)
2024-02-26 17:36:21 [http-nio-8080-exec-1] INFO  c.s.controller.LoginController - Received ssoid in login: admin101
2024-02-26 17:36:21 [http-nio-8080-exec-1] WARN  c.s.controller.LoginController - Login failed for ssoid: admin101
2024-02-26 17:36:54 [restartedMain] INFO  com.stmproject.StmProjectApplication - Starting StmProjectApplication using Java 17.0.2 on Dheeraj-ISS0040 with PID 25840 (C:\Users\sudha\Downloads\stm_project-master\target\classes started by Dheeraj in C:\Users\sudha\Downloads\stm_project-master)
2024-02-26 17:36:54 [restartedMain] DEBUG com.stmproject.StmProjectApplication - Running with Spring Boot v2.5.4, Spring v5.3.9
2024-02-26 17:36:54 [restartedMain] INFO  com.stmproject.StmProjectApplication - No active profile set, falling back to default profiles: default
2024-02-26 17:36:59 [restartedMain] INFO  com.stmproject.StmProjectApplication - Started StmProjectApplication in 5.539 seconds (JVM running for 6.106)
2024-02-26 17:37:04 [http-nio-8080-exec-1] INFO  c.s.controller.LoginController - Received ssoid in login: admin101
2024-02-26 17:37:04 [http-nio-8080-exec-1] WARN  c.s.controller.LoginController - Login failed for ssoid: admin101
2024-02-26 17:37:08 [http-nio-8080-exec-2] INFO  c.s.controller.LoginController - Received ssoid in login: admin101
2024-02-26 17:37:08 [http-nio-8080-exec-2] WARN  c.s.controller.LoginController - Login failed for ssoid: admin101
2024-02-26 17:37:11 [http-nio-8080-exec-8] INFO  c.s.controller.LoginController - Received ssoid in login: dwdwdw
2024-02-26 17:37:11 [http-nio-8080-exec-8] WARN  c.s.controller.LoginController - Login failed for ssoid: dwdwdw
2024-02-26 17:37:48 [restartedMain] INFO  com.stmproject.StmProjectApplication - Starting StmProjectApplication using Java 17.0.2 on Dheeraj-ISS0040 with PID 25100 (C:\Users\sudha\Downloads\stm_project-master\target\classes started by Dheeraj in C:\Users\sudha\Downloads\stm_project-master)
2024-02-26 17:37:48 [restartedMain] DEBUG com.stmproject.StmProjectApplication - Running with Spring Boot v2.5.4, Spring v5.3.9
2024-02-26 17:37:48 [restartedMain] INFO  com.stmproject.StmProjectApplication - No active profile set, falling back to default profiles: default
2024-02-26 17:37:53 [restartedMain] INFO  com.stmproject.StmProjectApplication - Started StmProjectApplication in 5.302 seconds (JVM running for 5.894)
2024-02-26 17:37:56 [http-nio-8080-exec-1] INFO  c.s.controller.LoginController - Received ssoid in login: dwdwdw
2024-02-26 17:37:56 [http-nio-8080-exec-1] WARN  c.s.controller.LoginController - Login failed for ssoid: dwdwdw
2024-02-26 17:38:42 [restartedMain] INFO  com.stmproject.StmProjectApplication - Starting StmProjectApplication using Java 17.0.2 on Dheeraj-ISS0040 with PID 25768 (C:\Users\sudha\Downloads\stm_project-master\target\classes started by Dheeraj in C:\Users\sudha\Downloads\stm_project-master)
2024-02-26 17:38:42 [restartedMain] DEBUG com.stmproject.StmProjectApplication - Running with Spring Boot v2.5.4, Spring v5.3.9
2024-02-26 17:38:42 [restartedMain] INFO  com.stmproject.StmProjectApplication - No active profile set, falling back to default profiles: default
2024-02-26 17:38:47 [restartedMain] INFO  com.stmproject.StmProjectApplication - Started StmProjectApplication in 5.306 seconds (JVM running for 5.881)
2024-02-26 17:38:58 [http-nio-8080-exec-1] INFO  c.s.controller.LoginController - Received ssoid in login: dwdwdw
2024-02-26 17:38:58 [http-nio-8080-exec-1] WARN  c.s.controller.LoginController - Login failed for ssoid: dwdwdw
2024-02-26 17:39:02 [http-nio-8080-exec-7] INFO  c.s.controller.LoginController - Received ssoid in login: dwdwdw
2024-02-26 17:39:02 [http-nio-8080-exec-7] WARN  c.s.controller.LoginController - Login failed for ssoid: dwdwdw
2024-02-26 17:39:29 [http-nio-8080-exec-8] INFO  c.s.controller.LoginController - Received ssoid in login: dwdwdwdwd
2024-02-26 17:39:29 [http-nio-8080-exec-8] WARN  c.s.controller.LoginController - Login failed for ssoid: dwdwdwdwd
2024-02-26 17:41:01 [restartedMain] INFO  com.stmproject.StmProjectApplication - Starting StmProjectApplication using Java 17.0.2 on Dheeraj-ISS0040 with PID 11672 (C:\Users\sudha\Downloads\stm_project-master\target\classes started by Dheeraj in C:\Users\sudha\Downloads\stm_project-master)
2024-02-26 17:41:01 [restartedMain] DEBUG com.stmproject.StmProjectApplication - Running with Spring Boot v2.5.4, Spring v5.3.9
2024-02-26 17:41:01 [restartedMain] INFO  com.stmproject.StmProjectApplication - No active profile set, falling back to default profiles: default
2024-02-26 17:41:06 [restartedMain] INFO  com.stmproject.StmProjectApplication - Started StmProjectApplication in 5.41 seconds (JVM running for 5.981)
2024-02-26 17:41:07 [http-nio-8080-exec-1] INFO  c.s.controller.LoginController - Received ssoid in login: dwdwdwdwd
2024-02-26 17:41:07 [http-nio-8080-exec-1] WARN  c.s.controller.LoginController - Login failed for ssoid: dwdwdwdwd
2024-02-26 17:41:21 [http-nio-8080-exec-10] INFO  c.s.controller.LoginController - Received ssoid in login: dwdwdw
2024-02-26 17:41:21 [http-nio-8080-exec-10] WARN  c.s.controller.LoginController - Login failed for ssoid: dwdwdw
2024-02-26 17:41:24 [http-nio-8080-exec-3] INFO  c.s.controller.LoginController - Received ssoid in login: dwdwd
2024-02-26 17:41:24 [http-nio-8080-exec-3] WARN  c.s.controller.LoginController - Login failed for ssoid: dwdwd
2024-02-26 17:41:28 [http-nio-8080-exec-2] INFO  c.s.controller.LoginController - Received ssoid in login: dwdwdwdwdwd
2024-02-26 17:41:28 [http-nio-8080-exec-2] WARN  c.s.controller.LoginController - Login failed for ssoid: dwdwdwdwdwd
2024-02-26 17:42:06 [http-nio-8080-exec-10] INFO  c.s.controller.LoginController - Received ssoid in login: dwdwd
2024-02-26 17:42:06 [http-nio-8080-exec-10] WARN  c.s.controller.LoginController - Login failed for ssoid: dwdwd
2024-02-26 17:42:55 [restartedMain] INFO  com.stmproject.StmProjectApplication - Starting StmProjectApplication using Java 17.0.2 on Dheeraj-ISS0040 with PID 12968 (C:\Users\sudha\Downloads\stm_project-master\target\classes started by Dheeraj in C:\Users\sudha\Downloads\stm_project-master)
2024-02-26 17:42:55 [restartedMain] DEBUG com.stmproject.StmProjectApplication - Running with Spring Boot v2.5.4, Spring v5.3.9
2024-02-26 17:42:55 [restartedMain] INFO  com.stmproject.StmProjectApplication - No active profile set, falling back to default profiles: default
2024-02-26 17:43:00 [restartedMain] INFO  com.stmproject.StmProjectApplication - Started StmProjectApplication in 5.593 seconds (JVM running for 6.159)
2024-02-26 17:43:02 [http-nio-8080-exec-1] INFO  c.s.controller.LoginController - Received ssoid in login: dwdwd
2024-02-26 17:43:02 [http-nio-8080-exec-1] WARN  c.s.controller.LoginController - Login failed for ssoid: dwdwd
2024-02-26 17:43:30 [restartedMain] INFO  com.stmproject.StmProjectApplication - Starting StmProjectApplication using Java 17.0.2 on Dheeraj-ISS0040 with PID 26244 (C:\Users\sudha\Downloads\stm_project-master\target\classes started by Dheeraj in C:\Users\sudha\Downloads\stm_project-master)
2024-02-26 17:43:30 [restartedMain] DEBUG com.stmproject.StmProjectApplication - Running with Spring Boot v2.5.4, Spring v5.3.9
2024-02-26 17:43:30 [restartedMain] INFO  com.stmproject.StmProjectApplication - No active profile set, falling back to default profiles: default
2024-02-26 17:43:35 [restartedMain] INFO  com.stmproject.StmProjectApplication - Started StmProjectApplication in 5.315 seconds (JVM running for 5.886)
2024-02-26 17:43:38 [http-nio-8080-exec-1] INFO  c.s.controller.LoginController - Received ssoid in login: dwdwd
2024-02-26 17:43:38 [http-nio-8080-exec-1] WARN  c.s.controller.LoginController - Login failed for ssoid: dwdwd
2024-02-26 17:45:28 [restartedMain] INFO  com.stmproject.StmProjectApplication - Starting StmProjectApplication using Java 17.0.2 on Dheeraj-ISS0040 with PID 22616 (C:\Users\sudha\Downloads\stm_project-master\target\classes started by Dheeraj in C:\Users\sudha\Downloads\stm_project-master)
2024-02-26 17:45:28 [restartedMain] DEBUG com.stmproject.StmProjectApplication - Running with Spring Boot v2.5.4, Spring v5.3.9
2024-02-26 17:45:28 [restartedMain] INFO  com.stmproject.StmProjectApplication - No active profile set, falling back to default profiles: default
2024-02-26 17:45:33 [restartedMain] INFO  com.stmproject.StmProjectApplication - Started StmProjectApplication in 5.115 seconds (JVM running for 5.649)
2024-02-26 17:45:33 [http-nio-8080-exec-1] INFO  c.s.controller.LoginController - Received ssoid in login: dwdwd
2024-02-26 17:45:33 [http-nio-8080-exec-1] WARN  c.s.controller.LoginController - Login failed for ssoid: dwdwd
2024-02-26 17:45:59 [http-nio-8080-exec-1] INFO  c.s.controller.LoginController - Received ssoid in login: admin101
2024-02-26 17:45:59 [http-nio-8080-exec-1] WARN  c.s.controller.LoginController - Login failed for ssoid: admin101
2024-02-26 17:46:02 [http-nio-8080-exec-7] INFO  c.s.controller.LoginController - Received ssoid in login: admin101
2024-02-26 17:46:02 [http-nio-8080-exec-7] INFO  c.s.controller.LoginController - Admin login successful: admin101
2024-02-26 17:46:02 [http-nio-8080-exec-7] INFO  c.s.controller.LoginController - Redirecting to: redirect:/AdminDashBoard?ssoid=admin101
2024-02-26 17:47:38 [restartedMain] INFO  com.stmproject.StmProjectApplication - Starting StmProjectApplication using Java 17.0.2 on Dheeraj-ISS0040 with PID 26844 (C:\Users\sudha\Downloads\stm_project-master\target\classes started by Dheeraj in C:\Users\sudha\Downloads\stm_project-master)
2024-02-26 17:47:38 [restartedMain] DEBUG com.stmproject.StmProjectApplication - Running with Spring Boot v2.5.4, Spring v5.3.9
2024-02-26 17:47:38 [restartedMain] INFO  com.stmproject.StmProjectApplication - No active profile set, falling back to default profiles: default
2024-02-26 17:47:43 [restartedMain] INFO  com.stmproject.StmProjectApplication - Started StmProjectApplication in 5.112 seconds (JVM running for 5.659)
2024-02-26 17:48:47 [restartedMain] INFO  com.stmproject.StmProjectApplication - Starting StmProjectApplication using Java 17.0.2 on Dheeraj-ISS0040 with PID 21228 (C:\Users\sudha\Downloads\stm_project-master\target\classes started by Dheeraj in C:\Users\sudha\Downloads\stm_project-master)
2024-02-26 17:48:47 [restartedMain] DEBUG com.stmproject.StmProjectApplication - Running with Spring Boot v2.5.4, Spring v5.3.9
2024-02-26 17:48:47 [restartedMain] INFO  com.stmproject.StmProjectApplication - No active profile set, falling back to default profiles: default
2024-02-26 17:48:52 [restartedMain] INFO  com.stmproject.StmProjectApplication - Started StmProjectApplication in 4.994 seconds (JVM running for 5.558)
2024-02-26 18:04:42 [restartedMain] INFO  com.stmproject.StmProjectApplication - Starting StmProjectApplication using Java 17.0.2 on Dheeraj-ISS0040 with PID 22408 (C:\Users\sudha\Downloads\stm_project-master\target\classes started by Dheeraj in C:\Users\sudha\Downloads\stm_project-master)
2024-02-26 18:04:42 [restartedMain] DEBUG com.stmproject.StmProjectApplication - Running with Spring Boot v2.5.4, Spring v5.3.9
2024-02-26 18:04:42 [restartedMain] INFO  com.stmproject.StmProjectApplication - No active profile set, falling back to default profiles: default
2024-02-26 18:04:46 [restartedMain] INFO  com.stmproject.StmProjectApplication - Started StmProjectApplication in 4.874 seconds (JVM running for 5.443)
2024-02-26 18:05:29 [restartedMain] INFO  com.stmproject.StmProjectApplication - Starting StmProjectApplication using Java 17.0.2 on Dheeraj-ISS0040 with PID 27120 (C:\Users\sudha\Downloads\stm_project-master\target\classes started by Dheeraj in C:\Users\sudha\Downloads\stm_project-master)
2024-02-26 18:05:29 [restartedMain] DEBUG com.stmproject.StmProjectApplication - Running with Spring Boot v2.5.4, Spring v5.3.9
2024-02-26 18:05:29 [restartedMain] INFO  com.stmproject.StmProjectApplication - No active profile set, falling back to default profiles: default
2024-02-26 18:05:34 [restartedMain] INFO  com.stmproject.StmProjectApplication - Started StmProjectApplication in 4.999 seconds (JVM running for 5.548)
2024-02-26 18:09:49 [restartedMain] INFO  com.stmproject.StmProjectApplication - Starting StmProjectApplication using Java 17.0.2 on Dheeraj-ISS0040 with PID 27112 (C:\Users\sudha\Downloads\stm_project-master\target\classes started by Dheeraj in C:\Users\sudha\Downloads\stm_project-master)
2024-02-26 18:09:49 [restartedMain] DEBUG com.stmproject.StmProjectApplication - Running with Spring Boot v2.5.4, Spring v5.3.9
2024-02-26 18:09:49 [restartedMain] INFO  com.stmproject.StmProjectApplication - No active profile set, falling back to default profiles: default
2024-02-26 18:09:54 [restartedMain] INFO  com.stmproject.StmProjectApplication - Started StmProjectApplication in 5.067 seconds (JVM running for 5.68)
