2024-03-12 16:02:08 [restartedMain] INFO  com.stmproject.StmProjectApplication - Starting StmProjectApplication using Java 11.0.18 on Dheeraj-ISS0040 with PID 24800 (C:\Users\sudha\Downloads\stm_project-master\target\classes started by Dheeraj in C:\Users\sudha\Downloads\stm_project-master)
2024-03-12 16:02:08 [restartedMain] DEBUG com.stmproject.StmProjectApplication - Running with Spring Boot v2.5.4, Spring v5.3.9
2024-03-12 16:02:08 [restartedMain] INFO  com.stmproject.StmProjectApplication - No active profile set, falling back to default profiles: default
2024-03-12 16:02:16 [restartedMain] INFO  com.stmproject.StmProjectApplication - Started StmProjectApplication in 8.36 seconds (JVM running for 9.218)
2024-03-12 16:02:54 [http-nio-8080-exec-5] INFO  c.s.controller.LoginController - Received ssoid in login: admin101
2024-03-12 16:02:54 [http-nio-8080-exec-5] INFO  c.s.controller.LoginController - Admin login successful: admin101
2024-03-12 16:02:54 [http-nio-8080-exec-5] INFO  c.s.controller.LoginController - Redirecting to: redirect:/AdminDashBoard?ssoid=admin101
2024-03-12 16:07:15 [restartedMain] INFO  com.stmproject.StmProjectApplication - Starting StmProjectApplication using Java 11.0.18 on Dheeraj-ISS0040 with PID 3372 (C:\Users\sudha\Downloads\stm_project-master\target\classes started by Dheeraj in C:\Users\sudha\Downloads\stm_project-master)
2024-03-12 16:07:15 [restartedMain] DEBUG com.stmproject.StmProjectApplication - Running with Spring Boot v2.5.4, Spring v5.3.9
2024-03-12 16:07:15 [restartedMain] INFO  com.stmproject.StmProjectApplication - No active profile set, falling back to default profiles: default
2024-03-12 16:07:21 [restartedMain] INFO  com.stmproject.StmProjectApplication - Started StmProjectApplication in 6.155 seconds (JVM running for 6.829)
2024-03-12 16:08:01 [restartedMain] INFO  com.stmproject.StmProjectApplication - Starting StmProjectApplication using Java 11.0.18 on Dheeraj-ISS0040 with PID 35920 (C:\Users\sudha\Downloads\stm_project-master\target\classes started by Dheeraj in C:\Users\sudha\Downloads\stm_project-master)
2024-03-12 16:08:01 [restartedMain] DEBUG com.stmproject.StmProjectApplication - Running with Spring Boot v2.5.4, Spring v5.3.9
2024-03-12 16:08:01 [restartedMain] INFO  com.stmproject.StmProjectApplication - No active profile set, falling back to default profiles: default
2024-03-12 16:08:07 [restartedMain] INFO  com.stmproject.StmProjectApplication - Started StmProjectApplication in 6.292 seconds (JVM running for 6.951)
2024-03-12 16:09:00 [restartedMain] INFO  com.stmproject.StmProjectApplication - Starting StmProjectApplication using Java 11.0.18 on Dheeraj-ISS0040 with PID 33248 (C:\Users\sudha\Downloads\stm_project-master\target\classes started by Dheeraj in C:\Users\sudha\Downloads\stm_project-master)
2024-03-12 16:09:00 [restartedMain] DEBUG com.stmproject.StmProjectApplication - Running with Spring Boot v2.5.4, Spring v5.3.9
2024-03-12 16:09:00 [restartedMain] INFO  com.stmproject.StmProjectApplication - No active profile set, falling back to default profiles: default
2024-03-12 16:09:10 [restartedMain] INFO  com.stmproject.StmProjectApplication - Started StmProjectApplication in 10.097 seconds (JVM running for 10.774)
2024-03-12 16:09:57 [restartedMain] INFO  com.stmproject.StmProjectApplication - Starting StmProjectApplication using Java 11.0.18 on Dheeraj-ISS0040 with PID 32300 (C:\Users\sudha\Downloads\stm_project-master\target\classes started by Dheeraj in C:\Users\sudha\Downloads\stm_project-master)
2024-03-12 16:09:57 [restartedMain] DEBUG com.stmproject.StmProjectApplication - Running with Spring Boot v2.5.4, Spring v5.3.9
2024-03-12 16:09:57 [restartedMain] INFO  com.stmproject.StmProjectApplication - No active profile set, falling back to default profiles: default
2024-03-12 16:10:04 [restartedMain] INFO  com.stmproject.StmProjectApplication - Started StmProjectApplication in 6.799 seconds (JVM running for 7.592)
2024-03-12 16:12:48 [restartedMain] INFO  com.stmproject.StmProjectApplication - Starting StmProjectApplication using Java 11.0.18 on Dheeraj-ISS0040 with PID 37784 (C:\Users\sudha\Downloads\stm_project-master\target\classes started by Dheeraj in C:\Users\sudha\Downloads\stm_project-master)
2024-03-12 16:12:48 [restartedMain] DEBUG com.stmproject.StmProjectApplication - Running with Spring Boot v2.5.4, Spring v5.3.9
2024-03-12 16:12:48 [restartedMain] INFO  com.stmproject.StmProjectApplication - No active profile set, falling back to default profiles: default
2024-03-12 16:12:55 [restartedMain] INFO  com.stmproject.StmProjectApplication - Started StmProjectApplication in 8.005 seconds (JVM running for 8.781)
2024-03-12 16:17:03 [main] INFO  c.s.StmProjectApplicationTests - Starting StmProjectApplicationTests using Java 11.0.18 on Dheeraj-ISS0040 with PID 30784 (started by Dheeraj in C:\Users\sudha\Downloads\stm_project-master)
2024-03-12 16:17:03 [main] DEBUG c.s.StmProjectApplicationTests - Running with Spring Boot v2.5.4, Spring v5.3.9
2024-03-12 16:17:03 [main] INFO  c.s.StmProjectApplicationTests - No active profile set, falling back to default profiles: default
2024-03-12 16:17:10 [main] INFO  c.s.StmProjectApplicationTests - Started StmProjectApplicationTests in 7.45 seconds (JVM running for 8.501)
