2024-03-06 10:01:56 [main] INFO  c.s.StmProjectApplicationTests - Starting StmProjectApplicationTests using Java 11.0.18 on Dheeraj-ISS0040 with PID 31520 (started by Dheeraj in C:\Users\sudha\Downloads\stm_project-master)
2024-03-06 10:01:56 [main] DEBUG c.s.StmProjectApplicationTests - Running with Spring Boot v2.5.4, Spring v5.3.9
2024-03-06 10:01:56 [main] INFO  c.s.StmProjectApplicationTests - No active profile set, falling back to default profiles: default
2024-03-06 10:03:18 [main] INFO  c.s.StmProjectApplicationTests - Starting StmProjectApplicationTests using Java 11.0.18 on Dheeraj-ISS0040 with PID 19528 (started by Dheeraj in C:\Users\sudha\Downloads\stm_project-master)
2024-03-06 10:03:18 [main] DEBUG c.s.StmProjectApplicationTests - Running with Spring Boot v2.5.4, Spring v5.3.9
2024-03-06 10:03:18 [main] INFO  c.s.StmProjectApplicationTests - No active profile set, falling back to default profiles: default
2024-03-06 10:04:48 [main] INFO  c.s.StmProjectApplicationTests - Starting StmProjectApplicationTests using Java 11.0.18 on Dheeraj-ISS0040 with PID 30760 (started by Dheeraj in C:\Users\sudha\Downloads\stm_project-master)
2024-03-06 10:04:48 [main] DEBUG c.s.StmProjectApplicationTests - Running with Spring Boot v2.5.4, Spring v5.3.9
2024-03-06 10:04:48 [main] INFO  c.s.StmProjectApplicationTests - No active profile set, falling back to default profiles: default
2024-03-06 10:06:26 [main] INFO  c.s.StmProjectApplicationTests - Starting StmProjectApplicationTests using Java 11.0.18 on Dheeraj-ISS0040 with PID 29344 (started by Dheeraj in C:\Users\sudha\Downloads\stm_project-master)
2024-03-06 10:06:26 [main] DEBUG c.s.StmProjectApplicationTests - Running with Spring Boot v2.5.4, Spring v5.3.9
2024-03-06 10:06:26 [main] INFO  c.s.StmProjectApplicationTests - No active profile set, falling back to default profiles: default
2024-03-06 10:07:12 [main] INFO  c.s.StmProjectApplicationTests - Starting StmProjectApplicationTests using Java 11.0.18 on Dheeraj-ISS0040 with PID 2076 (started by Dheeraj in C:\Users\sudha\Downloads\stm_project-master)
2024-03-06 10:07:12 [main] DEBUG c.s.StmProjectApplicationTests - Running with Spring Boot v2.5.4, Spring v5.3.9
2024-03-06 10:07:12 [main] INFO  c.s.StmProjectApplicationTests - No active profile set, falling back to default profiles: default
2024-03-06 10:07:18 [main] INFO  c.s.StmProjectApplicationTests - Started StmProjectApplicationTests in 7.117 seconds (JVM running for 8.199)
2024-03-06 10:53:25 [restartedMain] INFO  com.stmproject.StmProjectApplication - Starting StmProjectApplication using Java 11.0.18 on Dheeraj-ISS0040 with PID 29124 (C:\Users\sudha\Downloads\stm_project-master\target\classes started by Dheeraj in C:\Users\sudha\Downloads\stm_project-master)
2024-03-06 10:53:25 [restartedMain] DEBUG com.stmproject.StmProjectApplication - Running with Spring Boot v2.5.4, Spring v5.3.9
2024-03-06 10:53:25 [restartedMain] INFO  com.stmproject.StmProjectApplication - No active profile set, falling back to default profiles: default
2024-03-06 10:53:31 [restartedMain] INFO  com.stmproject.StmProjectApplication - Started StmProjectApplication in 5.887 seconds (JVM running for 6.559)
2024-03-06 10:53:38 [http-nio-8080-exec-3] INFO  c.s.controller.LoginController - Received ssoid in login: admin101
2024-03-06 10:53:38 [http-nio-8080-exec-3] INFO  c.s.controller.LoginController - Admin login successful: admin101
2024-03-06 10:53:38 [http-nio-8080-exec-3] INFO  c.s.controller.LoginController - Redirecting to: redirect:/AdminDashBoard?ssoid=admin101
2024-03-06 11:00:40 [restartedMain] INFO  com.stmproject.StmProjectApplication - Starting StmProjectApplication using Java 11.0.18 on Dheeraj-ISS0040 with PID 32692 (C:\Users\sudha\Downloads\stm_project-master\target\classes started by Dheeraj in C:\Users\sudha\Downloads\stm_project-master)
2024-03-06 11:00:40 [restartedMain] DEBUG com.stmproject.StmProjectApplication - Running with Spring Boot v2.5.4, Spring v5.3.9
2024-03-06 11:00:40 [restartedMain] INFO  com.stmproject.StmProjectApplication - No active profile set, falling back to default profiles: default
2024-03-06 11:00:45 [restartedMain] INFO  com.stmproject.StmProjectApplication - Started StmProjectApplication in 5.708 seconds (JVM running for 6.355)
2024-03-06 11:01:04 [http-nio-8080-exec-4] INFO  c.s.controller.LoginController - Received ssoid in login: admin101
2024-03-06 11:01:04 [http-nio-8080-exec-4] INFO  c.s.controller.LoginController - Admin login successful: admin101
2024-03-06 11:01:04 [http-nio-8080-exec-4] INFO  c.s.controller.LoginController - Redirecting to: redirect:/AdminDashBoard?ssoid=admin101
2024-03-06 11:01:11 [http-nio-8080-exec-5] DEBUG c.s.controller.SearchController - 13 records found.
2024-03-06 11:01:27 [http-nio-8080-exec-9] DEBUG c.s.controller.SearchController - 13 records found.
2024-03-06 11:05:29 [http-nio-8080-exec-2] DEBUG c.s.controller.SearchController - 13 records found.
2024-03-06 11:05:33 [http-nio-8080-exec-3] DEBUG c.s.controller.SearchController - 13 records found.
2024-03-06 11:10:03 [http-nio-8080-exec-1] DEBUG c.s.controller.SearchController - 13 records found.
2024-03-06 11:10:22 [http-nio-8080-exec-8] DEBUG c.s.controller.SearchController - 13 records found.
2024-03-06 11:11:02 [restartedMain] INFO  com.stmproject.StmProjectApplication - Starting StmProjectApplication using Java 11.0.18 on Dheeraj-ISS0040 with PID 32692 (C:\Users\sudha\Downloads\stm_project-master\target\classes started by Dheeraj in C:\Users\sudha\Downloads\stm_project-master)
2024-03-06 11:11:02 [restartedMain] DEBUG com.stmproject.StmProjectApplication - Running with Spring Boot v2.5.4, Spring v5.3.9
2024-03-06 11:11:02 [restartedMain] INFO  com.stmproject.StmProjectApplication - No active profile set, falling back to default profiles: default
2024-03-06 11:11:03 [restartedMain] INFO  com.stmproject.StmProjectApplication - Started StmProjectApplication in 1.498 seconds (JVM running for 624.208)
2024-03-06 11:11:05 [restartedMain] INFO  com.stmproject.StmProjectApplication - Starting StmProjectApplication using Java 11.0.18 on Dheeraj-ISS0040 with PID 32692 (C:\Users\sudha\Downloads\stm_project-master\target\classes started by Dheeraj in C:\Users\sudha\Downloads\stm_project-master)
2024-03-06 11:11:05 [restartedMain] DEBUG com.stmproject.StmProjectApplication - Running with Spring Boot v2.5.4, Spring v5.3.9
2024-03-06 11:11:05 [restartedMain] INFO  com.stmproject.StmProjectApplication - No active profile set, falling back to default profiles: default
2024-03-06 11:11:06 [restartedMain] INFO  com.stmproject.StmProjectApplication - Started StmProjectApplication in 0.867 seconds (JVM running for 626.759)
2024-03-06 11:11:50 [restartedMain] INFO  com.stmproject.StmProjectApplication - Starting StmProjectApplication using Java 11.0.18 on Dheeraj-ISS0040 with PID 21328 (C:\Users\sudha\Downloads\stm_project-master\target\classes started by Dheeraj in C:\Users\sudha\Downloads\stm_project-master)
2024-03-06 11:11:50 [restartedMain] DEBUG com.stmproject.StmProjectApplication - Running with Spring Boot v2.5.4, Spring v5.3.9
2024-03-06 11:11:50 [restartedMain] INFO  com.stmproject.StmProjectApplication - No active profile set, falling back to default profiles: default
2024-03-06 11:11:54 [restartedMain] INFO  com.stmproject.StmProjectApplication - Started StmProjectApplication in 4.797 seconds (JVM running for 5.334)
2024-03-06 11:12:05 [http-nio-8080-exec-9] INFO  c.s.controller.LoginController - Received ssoid in login: admin101
2024-03-06 11:12:05 [http-nio-8080-exec-9] INFO  c.s.controller.LoginController - Admin login successful: admin101
2024-03-06 11:12:05 [http-nio-8080-exec-9] INFO  c.s.controller.LoginController - Redirecting to: redirect:/AdminDashBoard?ssoid=admin101
2024-03-06 11:12:17 [http-nio-8080-exec-8] DEBUG c.s.controller.SearchController - 13 records found.
2024-03-06 11:12:21 [http-nio-8080-exec-10] DEBUG c.s.controller.SearchController - 13 records found.
2024-03-06 11:12:24 [http-nio-8080-exec-4] DEBUG c.s.controller.SearchController - 13 records found.
2024-03-06 11:12:29 [http-nio-8080-exec-5] DEBUG c.s.controller.SearchController - 13 records found.
2024-03-06 11:13:08 [main] INFO  c.s.StmProjectApplicationTests - Starting StmProjectApplicationTests using Java 11.0.18 on Dheeraj-ISS0040 with PID 15716 (started by Dheeraj in C:\Users\sudha\Downloads\stm_project-master)
2024-03-06 11:13:08 [main] DEBUG c.s.StmProjectApplicationTests - Running with Spring Boot v2.5.4, Spring v5.3.9
2024-03-06 11:13:08 [main] INFO  c.s.StmProjectApplicationTests - No active profile set, falling back to default profiles: default
2024-03-06 11:13:13 [main] INFO  c.s.StmProjectApplicationTests - Started StmProjectApplicationTests in 5.185 seconds (JVM running for 6.036)
2024-03-06 11:34:16 [restartedMain] INFO  com.stmproject.StmProjectApplication - Starting StmProjectApplication using Java 11.0.18 on Dheeraj-ISS0040 with PID 10316 (C:\Users\sudha\Downloads\stm_project-master\target\classes started by Dheeraj in C:\Users\sudha\Downloads\stm_project-master)
2024-03-06 11:34:16 [restartedMain] DEBUG com.stmproject.StmProjectApplication - Running with Spring Boot v2.5.4, Spring v5.3.9
2024-03-06 11:34:16 [restartedMain] INFO  com.stmproject.StmProjectApplication - No active profile set, falling back to default profiles: default
2024-03-06 11:34:22 [restartedMain] INFO  com.stmproject.StmProjectApplication - Started StmProjectApplication in 6.133 seconds (JVM running for 6.75)
2024-03-06 11:41:51 [main] INFO  c.s.StmProjectApplicationTests - Starting StmProjectApplicationTests using Java 11.0.18 on Dheeraj-ISS0040 with PID 23960 (started by Dheeraj in C:\Users\sudha\Downloads\stm_project-master)
2024-03-06 11:41:51 [main] DEBUG c.s.StmProjectApplicationTests - Running with Spring Boot v2.5.4, Spring v5.3.9
2024-03-06 11:41:51 [main] INFO  c.s.StmProjectApplicationTests - No active profile set, falling back to default profiles: default
2024-03-06 11:41:57 [main] INFO  c.s.StmProjectApplicationTests - Started StmProjectApplicationTests in 6.396 seconds (JVM running for 7.338)
2024-03-06 14:17:45 [main] INFO  c.s.StmProjectApplicationTests - Starting StmProjectApplicationTests using Java 11.0.18 on Dheeraj-ISS0040 with PID 31844 (started by Dheeraj in C:\Users\sudha\Downloads\stm_project-master)
2024-03-06 14:17:45 [main] DEBUG c.s.StmProjectApplicationTests - Running with Spring Boot v2.5.4, Spring v5.3.9
2024-03-06 14:17:45 [main] INFO  c.s.StmProjectApplicationTests - No active profile set, falling back to default profiles: default
2024-03-06 14:17:51 [main] INFO  c.s.StmProjectApplicationTests - Started StmProjectApplicationTests in 6.339 seconds (JVM running for 7.288)
2024-03-06 14:20:06 [restartedMain] INFO  com.stmproject.StmProjectApplication - Starting StmProjectApplication using Java 11.0.18 on Dheeraj-ISS0040 with PID 31460 (C:\Users\sudha\Downloads\stm_project-master\target\classes started by Dheeraj in C:\Users\sudha\Downloads\stm_project-master)
2024-03-06 14:20:06 [restartedMain] DEBUG com.stmproject.StmProjectApplication - Running with Spring Boot v2.5.4, Spring v5.3.9
2024-03-06 14:20:06 [restartedMain] INFO  com.stmproject.StmProjectApplication - No active profile set, falling back to default profiles: default
2024-03-06 14:20:11 [restartedMain] INFO  com.stmproject.StmProjectApplication - Started StmProjectApplication in 5.13 seconds (JVM running for 5.691)
2024-03-06 14:20:22 [http-nio-8080-exec-1] DEBUG c.s.controller.SearchController - 13 records found.
2024-03-06 14:21:20 [restartedMain] INFO  com.stmproject.StmProjectApplication - Starting StmProjectApplication using Java 11.0.18 on Dheeraj-ISS0040 with PID 31460 (C:\Users\sudha\Downloads\stm_project-master\target\classes started by Dheeraj in C:\Users\sudha\Downloads\stm_project-master)
2024-03-06 14:21:20 [restartedMain] DEBUG com.stmproject.StmProjectApplication - Running with Spring Boot v2.5.4, Spring v5.3.9
2024-03-06 14:21:20 [restartedMain] INFO  com.stmproject.StmProjectApplication - No active profile set, falling back to default profiles: default
2024-03-06 14:21:23 [main] INFO  c.s.StmProjectApplicationTests - Starting StmProjectApplicationTests using Java 11.0.18 on Dheeraj-ISS0040 with PID 26236 (started by Dheeraj in C:\Users\sudha\Downloads\stm_project-master)
2024-03-06 14:21:23 [main] DEBUG c.s.StmProjectApplicationTests - Running with Spring Boot v2.5.4, Spring v5.3.9
2024-03-06 14:21:23 [main] INFO  c.s.StmProjectApplicationTests - No active profile set, falling back to default profiles: default
2024-03-06 14:21:24 [restartedMain] INFO  com.stmproject.StmProjectApplication - Starting StmProjectApplication using Java 11.0.18 on Dheeraj-ISS0040 with PID 31460 (C:\Users\sudha\Downloads\stm_project-master\target\classes started by Dheeraj in C:\Users\sudha\Downloads\stm_project-master)
2024-03-06 14:21:24 [restartedMain] DEBUG com.stmproject.StmProjectApplication - Running with Spring Boot v2.5.4, Spring v5.3.9
2024-03-06 14:21:24 [restartedMain] INFO  com.stmproject.StmProjectApplication - No active profile set, falling back to default profiles: default
2024-03-06 14:21:26 [restartedMain] INFO  com.stmproject.StmProjectApplication - Started StmProjectApplication in 1.772 seconds (JVM running for 80.334)
2024-03-06 14:21:32 [main] INFO  c.s.StmProjectApplicationTests - Started StmProjectApplicationTests in 8.596 seconds (JVM running for 9.563)
2024-03-06 14:32:47 [main] INFO  c.s.StmProjectApplicationTests - Starting StmProjectApplicationTests using Java 11.0.18 on Dheeraj-ISS0040 with PID 26856 (started by Dheeraj in C:\Users\sudha\Downloads\stm_project-master)
2024-03-06 14:32:47 [main] DEBUG c.s.StmProjectApplicationTests - Running with Spring Boot v2.5.4, Spring v5.3.9
2024-03-06 14:32:47 [main] INFO  c.s.StmProjectApplicationTests - No active profile set, falling back to default profiles: default
2024-03-06 14:32:53 [main] INFO  c.s.StmProjectApplicationTests - Started StmProjectApplicationTests in 5.905 seconds (JVM running for 6.821)
2024-03-06 14:56:56 [main] INFO  c.s.StmProjectApplicationTests - Starting StmProjectApplicationTests using Java 11.0.18 on Dheeraj-ISS0040 with PID 23000 (started by Dheeraj in C:\Users\sudha\Downloads\stm_project-master)
2024-03-06 14:56:56 [main] DEBUG c.s.StmProjectApplicationTests - Running with Spring Boot v2.5.4, Spring v5.3.9
2024-03-06 14:56:56 [main] INFO  c.s.StmProjectApplicationTests - No active profile set, falling back to default profiles: default
2024-03-06 14:57:02 [main] INFO  c.s.StmProjectApplicationTests - Started StmProjectApplicationTests in 6.518 seconds (JVM running for 7.665)
2024-03-06 14:57:15 [restartedMain] INFO  com.stmproject.StmProjectApplication - Starting StmProjectApplication using Java 11.0.18 on Dheeraj-ISS0040 with PID 29792 (C:\Users\sudha\Downloads\stm_project-master\target\classes started by Dheeraj in C:\Users\sudha\Downloads\stm_project-master)
2024-03-06 14:57:15 [restartedMain] DEBUG com.stmproject.StmProjectApplication - Running with Spring Boot v2.5.4, Spring v5.3.9
2024-03-06 14:57:15 [restartedMain] INFO  com.stmproject.StmProjectApplication - No active profile set, falling back to default profiles: default
2024-03-06 14:57:20 [restartedMain] INFO  com.stmproject.StmProjectApplication - Started StmProjectApplication in 5.46 seconds (JVM running for 6.054)
2024-03-06 14:57:36 [http-nio-8080-exec-1] INFO  c.s.controller.LoginController - Received ssoid in login: admin101
2024-03-06 14:57:37 [http-nio-8080-exec-1] INFO  c.s.controller.LoginController - Admin login successful: admin101
2024-03-06 14:57:37 [http-nio-8080-exec-1] INFO  c.s.controller.LoginController - Redirecting to: redirect:/AdminDashBoard?ssoid=admin101
2024-03-06 14:57:40 [http-nio-8080-exec-4] DEBUG c.s.controller.SearchController - 13 records found.
2024-03-06 14:58:40 [restartedMain] INFO  com.stmproject.StmProjectApplication - Starting StmProjectApplication using Java 11.0.18 on Dheeraj-ISS0040 with PID 21888 (C:\Users\sudha\Downloads\stm_project-master\target\classes started by Dheeraj in C:\Users\sudha\Downloads\stm_project-master)
2024-03-06 14:58:40 [restartedMain] DEBUG com.stmproject.StmProjectApplication - Running with Spring Boot v2.5.4, Spring v5.3.9
2024-03-06 14:58:40 [restartedMain] INFO  com.stmproject.StmProjectApplication - No active profile set, falling back to default profiles: default
2024-03-06 14:58:46 [restartedMain] INFO  com.stmproject.StmProjectApplication - Started StmProjectApplication in 6.247 seconds (JVM running for 6.807)
2024-03-06 17:40:40 [http-nio-8080-exec-1] ERROR c.s.controller.SearchController - An error occurred in getModifyTableRowData
java.lang.NullPointerException: null
	at com.stmproject.controller.SearchController.getModifyTableRowData(SearchController.java:153)
	at java.base/jdk.internal.reflect.NativeMethodAccessorImpl.invoke0(Native Method)
	at java.base/jdk.internal.reflect.NativeMethodAccessorImpl.invoke(NativeMethodAccessorImpl.java:62)
	at java.base/jdk.internal.reflect.DelegatingMethodAccessorImpl.invoke(DelegatingMethodAccessorImpl.java:43)
	at java.base/java.lang.reflect.Method.invoke(Method.java:566)
	at org.springframework.web.method.support.InvocableHandlerMethod.doInvoke(InvocableHandlerMethod.java:197)
	at org.springframework.web.method.support.InvocableHandlerMethod.invokeForRequest(InvocableHandlerMethod.java:141)
	at org.springframework.web.servlet.mvc.method.annotation.ServletInvocableHandlerMethod.invokeAndHandle(ServletInvocableHandlerMethod.java:106)
	at org.springframework.web.servlet.mvc.method.annotation.RequestMappingHandlerAdapter.invokeHandlerMethod(RequestMappingHandlerAdapter.java:895)
	at org.springframework.web.servlet.mvc.method.annotation.RequestMappingHandlerAdapter.handleInternal(RequestMappingHandlerAdapter.java:808)
	at org.springframework.web.servlet.mvc.method.AbstractHandlerMethodAdapter.handle(AbstractHandlerMethodAdapter.java:87)
	at org.springframework.web.servlet.DispatcherServlet.doDispatch(DispatcherServlet.java:1064)
	at org.springframework.web.servlet.DispatcherServlet.doService(DispatcherServlet.java:963)
	at org.springframework.web.servlet.FrameworkServlet.processRequest(FrameworkServlet.java:1006)
	at org.springframework.web.servlet.FrameworkServlet.doPost(FrameworkServlet.java:909)
	at javax.servlet.http.HttpServlet.service(HttpServlet.java:681)
	at org.springframework.web.servlet.FrameworkServlet.service(FrameworkServlet.java:883)
	at javax.servlet.http.HttpServlet.service(HttpServlet.java:764)
	at org.apache.catalina.core.ApplicationFilterChain.internalDoFilter(ApplicationFilterChain.java:227)
	at org.apache.catalina.core.ApplicationFilterChain.doFilter(ApplicationFilterChain.java:162)
	at org.apache.tomcat.websocket.server.WsFilter.doFilter(WsFilter.java:53)
	at org.apache.catalina.core.ApplicationFilterChain.internalDoFilter(ApplicationFilterChain.java:189)
	at org.apache.catalina.core.ApplicationFilterChain.doFilter(ApplicationFilterChain.java:162)
	at org.springframework.web.filter.RequestContextFilter.doFilterInternal(RequestContextFilter.java:100)
	at org.springframework.web.filter.OncePerRequestFilter.doFilter(OncePerRequestFilter.java:119)
	at org.apache.catalina.core.ApplicationFilterChain.internalDoFilter(ApplicationFilterChain.java:189)
	at org.apache.catalina.core.ApplicationFilterChain.doFilter(ApplicationFilterChain.java:162)
	at org.springframework.web.filter.FormContentFilter.doFilterInternal(FormContentFilter.java:93)
	at org.springframework.web.filter.OncePerRequestFilter.doFilter(OncePerRequestFilter.java:119)
	at org.apache.catalina.core.ApplicationFilterChain.internalDoFilter(ApplicationFilterChain.java:189)
	at org.apache.catalina.core.ApplicationFilterChain.doFilter(ApplicationFilterChain.java:162)
	at org.springframework.boot.actuate.metrics.web.servlet.WebMvcMetricsFilter.doFilterInternal(WebMvcMetricsFilter.java:96)
	at org.springframework.web.filter.OncePerRequestFilter.doFilter(OncePerRequestFilter.java:119)
	at org.apache.catalina.core.ApplicationFilterChain.internalDoFilter(ApplicationFilterChain.java:189)
	at org.apache.catalina.core.ApplicationFilterChain.doFilter(ApplicationFilterChain.java:162)
	at org.springframework.web.filter.CharacterEncodingFilter.doFilterInternal(CharacterEncodingFilter.java:201)
	at org.springframework.web.filter.OncePerRequestFilter.doFilter(OncePerRequestFilter.java:119)
	at org.apache.catalina.core.ApplicationFilterChain.internalDoFilter(ApplicationFilterChain.java:189)
	at org.apache.catalina.core.ApplicationFilterChain.doFilter(ApplicationFilterChain.java:162)
	at org.apache.catalina.core.StandardWrapperValve.invoke(StandardWrapperValve.java:197)
	at org.apache.catalina.core.StandardContextValve.invoke(StandardContextValve.java:97)
	at org.apache.catalina.authenticator.AuthenticatorBase.invoke(AuthenticatorBase.java:542)
	at org.apache.catalina.core.StandardHostValve.invoke(StandardHostValve.java:135)
	at org.apache.catalina.valves.ErrorReportValve.invoke(ErrorReportValve.java:92)
	at org.apache.catalina.core.StandardEngineValve.invoke(StandardEngineValve.java:78)
	at org.apache.catalina.connector.CoyoteAdapter.service(CoyoteAdapter.java:357)
	at org.apache.coyote.http11.Http11Processor.service(Http11Processor.java:382)
	at org.apache.coyote.AbstractProcessorLight.process(AbstractProcessorLight.java:65)
	at org.apache.coyote.AbstractProtocol$ConnectionHandler.process(AbstractProtocol.java:893)
	at org.apache.tomcat.util.net.NioEndpoint$SocketProcessor.doRun(NioEndpoint.java:1726)
	at org.apache.tomcat.util.net.SocketProcessorBase.run(SocketProcessorBase.java:49)
	at org.apache.tomcat.util.threads.ThreadPoolExecutor.runWorker(ThreadPoolExecutor.java:1191)
	at org.apache.tomcat.util.threads.ThreadPoolExecutor$Worker.run(ThreadPoolExecutor.java:659)
	at org.apache.tomcat.util.threads.TaskThread$WrappingRunnable.run(TaskThread.java:61)
	at java.base/java.lang.Thread.run(Thread.java:834)
2024-03-06 17:40:41 [http-nio-8080-exec-2] ERROR c.s.controller.SearchController - An error occurred in ModifyViewPage
java.lang.NullPointerException: null
	at com.stmproject.serviceImpl.S_UserServiceImpl.setEmptyForNullValues(S_UserServiceImpl.java:219)
	at com.stmproject.controller.SearchController.ModifyViewPage(SearchController.java:174)
	at java.base/jdk.internal.reflect.NativeMethodAccessorImpl.invoke0(Native Method)
	at java.base/jdk.internal.reflect.NativeMethodAccessorImpl.invoke(NativeMethodAccessorImpl.java:62)
	at java.base/jdk.internal.reflect.DelegatingMethodAccessorImpl.invoke(DelegatingMethodAccessorImpl.java:43)
	at java.base/java.lang.reflect.Method.invoke(Method.java:566)
	at org.springframework.web.method.support.InvocableHandlerMethod.doInvoke(InvocableHandlerMethod.java:197)
	at org.springframework.web.method.support.InvocableHandlerMethod.invokeForRequest(InvocableHandlerMethod.java:141)
	at org.springframework.web.servlet.mvc.method.annotation.ServletInvocableHandlerMethod.invokeAndHandle(ServletInvocableHandlerMethod.java:106)
	at org.springframework.web.servlet.mvc.method.annotation.RequestMappingHandlerAdapter.invokeHandlerMethod(RequestMappingHandlerAdapter.java:895)
	at org.springframework.web.servlet.mvc.method.annotation.RequestMappingHandlerAdapter.handleInternal(RequestMappingHandlerAdapter.java:808)
	at org.springframework.web.servlet.mvc.method.AbstractHandlerMethodAdapter.handle(AbstractHandlerMethodAdapter.java:87)
	at org.springframework.web.servlet.DispatcherServlet.doDispatch(DispatcherServlet.java:1064)
	at org.springframework.web.servlet.DispatcherServlet.doService(DispatcherServlet.java:963)
	at org.springframework.web.servlet.FrameworkServlet.processRequest(FrameworkServlet.java:1006)
	at org.springframework.web.servlet.FrameworkServlet.doGet(FrameworkServlet.java:898)
	at javax.servlet.http.HttpServlet.service(HttpServlet.java:655)
	at org.springframework.web.servlet.FrameworkServlet.service(FrameworkServlet.java:883)
	at javax.servlet.http.HttpServlet.service(HttpServlet.java:764)
	at org.apache.catalina.core.ApplicationFilterChain.internalDoFilter(ApplicationFilterChain.java:227)
	at org.apache.catalina.core.ApplicationFilterChain.doFilter(ApplicationFilterChain.java:162)
	at org.apache.tomcat.websocket.server.WsFilter.doFilter(WsFilter.java:53)
	at org.apache.catalina.core.ApplicationFilterChain.internalDoFilter(ApplicationFilterChain.java:189)
	at org.apache.catalina.core.ApplicationFilterChain.doFilter(ApplicationFilterChain.java:162)
	at org.springframework.web.filter.RequestContextFilter.doFilterInternal(RequestContextFilter.java:100)
	at org.springframework.web.filter.OncePerRequestFilter.doFilter(OncePerRequestFilter.java:119)
	at org.apache.catalina.core.ApplicationFilterChain.internalDoFilter(ApplicationFilterChain.java:189)
	at org.apache.catalina.core.ApplicationFilterChain.doFilter(ApplicationFilterChain.java:162)
	at org.springframework.web.filter.FormContentFilter.doFilterInternal(FormContentFilter.java:93)
	at org.springframework.web.filter.OncePerRequestFilter.doFilter(OncePerRequestFilter.java:119)
	at org.apache.catalina.core.ApplicationFilterChain.internalDoFilter(ApplicationFilterChain.java:189)
	at org.apache.catalina.core.ApplicationFilterChain.doFilter(ApplicationFilterChain.java:162)
	at org.springframework.boot.actuate.metrics.web.servlet.WebMvcMetricsFilter.doFilterInternal(WebMvcMetricsFilter.java:96)
	at org.springframework.web.filter.OncePerRequestFilter.doFilter(OncePerRequestFilter.java:119)
	at org.apache.catalina.core.ApplicationFilterChain.internalDoFilter(ApplicationFilterChain.java:189)
	at org.apache.catalina.core.ApplicationFilterChain.doFilter(ApplicationFilterChain.java:162)
	at org.springframework.web.filter.CharacterEncodingFilter.doFilterInternal(CharacterEncodingFilter.java:201)
	at org.springframework.web.filter.OncePerRequestFilter.doFilter(OncePerRequestFilter.java:119)
	at org.apache.catalina.core.ApplicationFilterChain.internalDoFilter(ApplicationFilterChain.java:189)
	at org.apache.catalina.core.ApplicationFilterChain.doFilter(ApplicationFilterChain.java:162)
	at org.apache.catalina.core.StandardWrapperValve.invoke(StandardWrapperValve.java:197)
	at org.apache.catalina.core.StandardContextValve.invoke(StandardContextValve.java:97)
	at org.apache.catalina.authenticator.AuthenticatorBase.invoke(AuthenticatorBase.java:542)
	at org.apache.catalina.core.StandardHostValve.invoke(StandardHostValve.java:135)
	at org.apache.catalina.valves.ErrorReportValve.invoke(ErrorReportValve.java:92)
	at org.apache.catalina.core.StandardEngineValve.invoke(StandardEngineValve.java:78)
	at org.apache.catalina.connector.CoyoteAdapter.service(CoyoteAdapter.java:357)
	at org.apache.coyote.http11.Http11Processor.service(Http11Processor.java:382)
	at org.apache.coyote.AbstractProcessorLight.process(AbstractProcessorLight.java:65)
	at org.apache.coyote.AbstractProtocol$ConnectionHandler.process(AbstractProtocol.java:893)
	at org.apache.tomcat.util.net.NioEndpoint$SocketProcessor.doRun(NioEndpoint.java:1726)
	at org.apache.tomcat.util.net.SocketProcessorBase.run(SocketProcessorBase.java:49)
	at org.apache.tomcat.util.threads.ThreadPoolExecutor.runWorker(ThreadPoolExecutor.java:1191)
	at org.apache.tomcat.util.threads.ThreadPoolExecutor$Worker.run(ThreadPoolExecutor.java:659)
	at org.apache.tomcat.util.threads.TaskThread$WrappingRunnable.run(TaskThread.java:61)
	at java.base/java.lang.Thread.run(Thread.java:834)
2024-03-06 17:44:10 [http-nio-8080-exec-9] INFO  c.s.controller.LoginController - Received ssoid in login: admin101
2024-03-06 17:44:10 [http-nio-8080-exec-9] INFO  c.s.controller.LoginController - Admin login successful: admin101
2024-03-06 17:44:10 [http-nio-8080-exec-9] INFO  c.s.controller.LoginController - Redirecting to: redirect:/AdminDashBoard?ssoid=admin101
2024-03-06 17:48:21 [http-nio-8080-exec-7] DEBUG c.s.controller.SearchController - 13 records found.
2024-03-06 17:49:44 [http-nio-8080-exec-8] DEBUG c.s.controller.SearchController - 13 records found.
2024-03-06 17:51:42 [http-nio-8080-exec-7] DEBUG c.s.controller.SearchController - 13 records found.
2024-03-06 17:52:17 [http-nio-8080-exec-9] DEBUG c.s.controller.SearchController - 13 records found.
2024-03-06 17:52:25 [http-nio-8080-exec-4] INFO  c.s.controller.ModifyController - STM modification successful. STM number: Y00000000000007
2024-03-06 17:52:31 [http-nio-8080-exec-5] DEBUG c.s.controller.SearchController - 13 records found.
2024-03-06 17:52:38 [http-nio-8080-exec-3] INFO  c.s.controller.DeleteController - STM deletion successful. STM number: Y00000000000007
2024-03-06 17:52:41 [http-nio-8080-exec-5] DEBUG c.s.controller.SearchController - 12 records found.
2024-03-06 17:52:47 [http-nio-8080-exec-10] DEBUG c.s.controller.SearchController - 12 records found.
2024-03-06 17:52:54 [http-nio-8080-exec-8] INFO  c.s.controller.DeleteController - STM deletion successful. STM number: VVVVVVVVVVVVVV1
2024-03-06 17:52:56 [http-nio-8080-exec-7] DEBUG c.s.controller.SearchController - 11 records found.
